src/app/api/stables/route.ts(122,39): error TS2345: Argument of type '{ name: any; description: any; location: any; total_boxes: any; address: any; city: any; postal_code: any; county: any; latitude: any; longitude: any; images: any; image_descriptions: any; fasilitetIds: any; ... 4 more ...; featured: any; }' is not assignable to parameter of type 'CreateStableData'.
  Type '{ name: any; description: any; location: any; total_boxes: any; address: any; city: any; postal_code: any; county: any; latitude: any; longitude: any; images: any; image_descriptions: any; fasilitetIds: any; ... 4 more ...; featured: any; }' is missing the following properties from type '{ address?: string | null | undefined; antall_anmeldelser?: number | null | undefined; antall_stallplasser?: number | null | undefined; bilde_beskrivelser?: string[] | null | undefined; ... 20 more ...; reklame_start_dato?: string | ... 1 more ... | undefined; }': owner_email, owner_phone
src/components/molecules/StableListingCard.tsx(138,53): error TS2339: Property 'owner_name' does not exist on type 'StableWithBoxStats'.
src/components/molecules/StableOverviewCard.tsx(24,17): error TS2339: Property 'advertising_end_date' does not exist on type 'StableWithBoxStats'.
src/components/molecules/StableOverviewCard.tsx(24,49): error TS2339: Property 'advertising_active' does not exist on type 'StableWithBoxStats'.
src/components/molecules/StableOverviewCard.tsx(28,55): error TS2339: Property 'advertising_end_date' does not exist on type 'StableWithBoxStats'.
src/components/molecules/StableStatsCard.tsx(18,57): error TS2551: Property 'stable_id' does not exist on type 'RentalWithRelations'. Did you mean 'stable'?
src/components/molecules/StableStatsCard.tsx(23,61): error TS2551: Property 'stable_id' does not exist on type 'PaymentWithRelations'. Did you mean 'stable'?
src/components/molecules/StableStatsCard.tsx(26,50): error TS2339: Property 'is_available' does not exist on type '{ bilde_beskrivelser: string[] | null; description: string | null; er_aktiv: boolean | null; er_innendors: boolean | null; er_sponset: boolean | null; er_tilgjengelig: boolean | null; ... 15 more ...; stallplass_type: "BOKS" | ... 1 more ... | null; }'.
src/components/molecules/StableStatsCard.tsx(27,50): error TS2339: Property 'is_sponsored' does not exist on type '{ bilde_beskrivelser: string[] | null; description: string | null; er_aktiv: boolean | null; er_innendors: boolean | null; er_sponset: boolean | null; er_tilgjengelig: boolean | null; ... 15 more ...; stallplass_type: "BOKS" | ... 1 more ... | null; }'.
src/components/molecules/StableStatsCard.tsx(30,39): error TS2339: Property 'price' does not exist on type '{ bilde_beskrivelser: string[] | null; description: string | null; er_aktiv: boolean | null; er_innendors: boolean | null; er_sponset: boolean | null; er_tilgjengelig: boolean | null; ... 15 more ...; stallplass_type: "BOKS" | ... 1 more ... | null; }'.
src/components/molecules/StableStatsCard.tsx(31,39): error TS2339: Property 'price' does not exist on type '{ bilde_beskrivelser: string[] | null; description: string | null; er_aktiv: boolean | null; er_innendors: boolean | null; er_sponset: boolean | null; er_tilgjengelig: boolean | null; ... 15 more ...; stallplass_type: "BOKS" | ... 1 more ... | null; }'.
src/components/molecules/StableStatsCard.tsx(88,37): error TS2339: Property 'created_at' does not exist on type 'PaymentWithRelations'.
src/components/organisms/AdminOverviewTab.tsx(78,78): error TS2339: Property 'is_available' does not exist on type 'never'.
src/components/organisms/AdminOverviewTab.tsx(100,61): error TS2339: Property 'is_admin' does not exist on type 'never'.
src/components/organisms/AdminOverviewTab.tsx(104,61): error TS2339: Property '_count' does not exist on type 'never'.
src/components/organisms/AdminOverviewTab.tsx(114,58): error TS2339: Property 'is_available' does not exist on type 'never'.
src/components/organisms/AdminOverviewTab.tsx(118,69): error TS2339: Property 'advertising_active' does not exist on type 'never'.
src/components/organisms/AdminOverviewTab.tsx(122,69): error TS2339: Property 'featured' does not exist on type 'never'.
src/components/organisms/AdminOverviewTab.tsx(132,73): error TS2339: Property 'status' does not exist on type 'never'.
src/components/organisms/AdminOverviewTab.tsx(137,25): error TS2339: Property 'status' does not exist on type 'never'.
src/components/organisms/AdminOverviewTab.tsx(137,57): error TS2339: Property 'status' does not exist on type 'never'.
src/components/organisms/AdminOverviewTab.tsx(142,73): error TS2339: Property 'status' does not exist on type 'never'.
src/components/organisms/BoxDetailClient.tsx(125,40): error TS2339: Property 'price' does not exist on type 'BoxWithStable'.
src/components/organisms/BoxDetailClient.tsx(156,30): error TS2339: Property 'is_indoor' does not exist on type 'BoxWithStable'.
src/components/organisms/BoxDetailClient.tsx(161,24): error TS2339: Property 'max_horse_size' does not exist on type 'BoxWithStable'.
src/components/organisms/BoxDetailClient.tsx(166,69): error TS2339: Property 'max_horse_size' does not exist on type 'BoxWithStable'.
src/components/organisms/BoxDetailClient.tsx(177,40): error TS2339: Property 'has_window' does not exist on type 'BoxWithStable'.
src/components/organisms/BoxDetailClient.tsx(178,40): error TS2339: Property 'has_electricity' does not exist on type 'BoxWithStable'.
src/components/organisms/BoxDetailClient.tsx(179,40): error TS2339: Property 'has_water' does not exist on type 'BoxWithStable'.
src/components/organisms/BoxDetailClient.tsx(196,22): error TS2339: Property 'special_notes' does not exist on type 'BoxWithStable'.
src/components/organisms/BoxDetailClient.tsx(199,63): error TS2339: Property 'special_notes' does not exist on type 'BoxWithStable'.
src/components/organisms/BoxDetailClient.tsx(240,40): error TS2339: Property 'price' does not exist on type 'BoxWithStable'.
src/components/organisms/BoxesAdmin.tsx(11,24): error TS2344: Type '"boxes"' does not satisfy the constraint '"staller" | "stallplasser" | "stall_fasiliteter" | "stallplass_fasiliteter" | "stall_ofte_spurte_sporsmal" | "brukere" | "base_prices" | "anmeldelser" | "betalinger" | "meldinger" | ... 7 more ... | { ...; }'.
src/components/organisms/BoxesAdmin.tsx(52,49): error TS2339: Property 'id' does not exist on type 'never'.
src/components/organisms/BoxesAdmin.tsx(58,57): error TS2339: Property 'id' does not exist on type 'never'.
src/components/organisms/BoxesAdmin.tsx(63,11): error TS2322: Type 'any' is not assignable to type 'never'.
src/components/organisms/BoxesAdmin.tsx(64,13): error TS2698: Spread types may only be created from object types.
src/components/organisms/BoxesAdmin.tsx(81,41): error TS2345: Argument of type '(updatedBox: { id: string; name: string; price: number; is_available: boolean | null; size: number | null; is_indoor: boolean | null; has_window: boolean | null; _deleted?: boolean; }) => void' is not assignable to parameter of type '(box: { bilde_beskrivelser: string[] | null; description: string | null; er_aktiv: boolean | null; er_innendors: boolean | null; er_sponset: boolean | null; er_tilgjengelig: boolean | null; ... 15 more ...; stallplass_type: "BOKS" | ... 1 more ... | null; } & { ...; } & { ...; }) => void'.
  Types of parameters 'updatedBox' and 'box' are incompatible.
    Type '{ bilde_beskrivelser: string[] | null; description: string | null; er_aktiv: boolean | null; er_innendors: boolean | null; er_sponset: boolean | null; er_tilgjengelig: boolean | null; ... 15 more ...; stallplass_type: "BOKS" | ... 1 more ... | null; } & { ...; } & { ...; }' is missing the following properties from type '{ id: string; name: string; price: number; is_available: boolean | null; size: number | null; is_indoor: boolean | null; has_window: boolean | null; _deleted?: boolean | undefined; }': price, is_available, is_indoor, has_window
src/components/organisms/BoxesAdmin.tsx(89,9): error TS2339: Property 'name' does not exist on type 'never'.
src/components/organisms/BoxesAdmin.tsx(90,9): error TS2339: Property 'stable' does not exist on type 'never'.
src/components/organisms/BoxesAdmin.tsx(91,9): error TS2339: Property 'stable' does not exist on type 'never'.
src/components/organisms/BoxesAdmin.tsx(102,16): error TS2345: Argument of type '(prevBoxes: never[]) => any[]' is not assignable to parameter of type 'SetStateAction<never[]>'.
  Type '(prevBoxes: never[]) => any[]' is not assignable to type '(prevState: never[]) => never[]'.
    Type 'any[]' is not assignable to type 'never[]'.
      Type 'any' is not assignable to type 'never'.
src/components/organisms/BoxesAdmin.tsx(104,15): error TS2339: Property 'id' does not exist on type 'never'.
src/components/organisms/BoxesAdmin.tsx(104,32): error TS2698: Spread types may only be created from object types.
src/components/organisms/BoxesAdmin.tsx(120,57): error TS2339: Property 'id' does not exist on type 'never'.
src/components/organisms/BoxesAdmin.tsx(178,32): error TS2339: Property 'id' does not exist on type 'never'.
src/components/organisms/BoxesAdmin.tsx(181,30): error TS2339: Property 'name' does not exist on type 'never'.
src/components/organisms/BoxesAdmin.tsx(186,70): error TS2339: Property 'stable' does not exist on type 'never'.
src/components/organisms/BoxesAdmin.tsx(188,32): error TS2339: Property 'stable' does not exist on type 'never'.
src/components/organisms/BoxesAdmin.tsx(188,57): error TS2339: Property 'stable' does not exist on type 'never'.
src/components/organisms/BoxesAdmin.tsx(193,40): error TS2339: Property 'price' does not exist on type 'never'.
src/components/organisms/BoxesAdmin.tsx(197,29): error TS2339: Property 'is_available' does not exist on type 'never'.
src/components/organisms/BoxesAdmin.tsx(199,30): error TS2339: Property 'is_available' does not exist on type 'never'.
src/components/organisms/BoxesAdmin.tsx(204,30): error TS2339: Property 'size' does not exist on type 'never'.
src/components/organisms/BoxesAdmin.tsx(204,48): error TS2339: Property 'size' does not exist on type 'never'.
src/components/organisms/BoxesAdmin.tsx(205,35): error TS2339: Property 'is_indoor' does not exist on type 'never'.
src/components/organisms/BoxesAdmin.tsx(206,30): error TS2339: Property 'has_window' does not exist on type 'never'.
src/components/organisms/BoxesAdmin.tsx(211,35): error TS2339: Property '_count' does not exist on type 'never'.
src/components/organisms/BoxesAdmin.tsx(212,35): error TS2339: Property '_count' does not exist on type 'never'.
src/components/organisms/BoxesAdmin.tsx(218,68): error TS2339: Property 'id' does not exist on type 'never'.
src/components/organisms/BoxesAdmin.tsx(218,76): error TS2339: Property 'is_available' does not exist on type 'never'.
src/components/organisms/BoxesAdmin.tsx(221,33): error TS2339: Property 'is_available' does not exist on type 'never'.
src/components/organisms/BoxesAdmin.tsx(226,32): error TS2339: Property 'is_available' does not exist on type 'never'.
src/components/organisms/BoxesAdmin.tsx(229,59): error TS2339: Property 'id' does not exist on type 'never'.
src/components/organisms/BoxesAdmin.tsx(233,52): error TS2339: Property 'id' does not exist on type 'never'.
src/components/organisms/BoxManagementModal.tsx(54,27): error TS2339: Property 'price' does not exist on type '{ bilde_beskrivelser: string[] | null; description: string | null; er_aktiv: boolean | null; er_innendors: boolean | null; er_sponset: boolean | null; er_tilgjengelig: boolean | null; ... 15 more ...; stallplass_type: "BOKS" | ... 1 more ... | null; }'.
src/components/organisms/BoxManagementModal.tsx(56,29): error TS2339: Property 'box_type' does not exist on type '{ bilde_beskrivelser: string[] | null; description: string | null; er_aktiv: boolean | null; er_innendors: boolean | null; er_sponset: boolean | null; er_tilgjengelig: boolean | null; ... 15 more ...; stallplass_type: "BOKS" | ... 1 more ... | null; }'.
src/components/organisms/BoxManagementModal.tsx(57,33): error TS2339: Property 'is_available' does not exist on type '{ bilde_beskrivelser: string[] | null; description: string | null; er_aktiv: boolean | null; er_innendors: boolean | null; er_sponset: boolean | null; er_tilgjengelig: boolean | null; ... 15 more ...; stallplass_type: "BOKS" | ... 1 more ... | null; }'.
src/components/organisms/BoxManagementModal.tsx(58,34): error TS2339: Property 'max_horse_size' does not exist on type '{ bilde_beskrivelser: string[] | null; description: string | null; er_aktiv: boolean | null; er_innendors: boolean | null; er_sponset: boolean | null; er_tilgjengelig: boolean | null; ... 15 more ...; stallplass_type: "BOKS" | ... 1 more ... | null; }'.
src/components/organisms/BoxManagementModal.tsx(59,34): error TS2339: Property 'special_notes' does not exist on type '{ bilde_beskrivelser: string[] | null; description: string | null; er_aktiv: boolean | null; er_innendors: boolean | null; er_sponset: boolean | null; er_tilgjengelig: boolean | null; ... 15 more ...; stallplass_type: "BOKS" | ... 1 more ... | null; }'.
src/components/organisms/BoxManagementModal.tsx(122,24): error TS2339: Property 'is_indoor' does not exist on type '{ bilde_beskrivelser: string[] | null; description: string | null; er_aktiv: boolean | null; er_innendors: boolean | null; er_sponset: boolean | null; er_tilgjengelig: boolean | null; ... 15 more ...; stallplass_type: "BOKS" | ... 1 more ... | null; }'.
src/components/organisms/BoxManagementModal.tsx(123,25): error TS2339: Property 'has_window' does not exist on type '{ bilde_beskrivelser: string[] | null; description: string | null; er_aktiv: boolean | null; er_innendors: boolean | null; er_sponset: boolean | null; er_tilgjengelig: boolean | null; ... 15 more ...; stallplass_type: "BOKS" | ... 1 more ... | null; }'.
src/components/organisms/BoxManagementModal.tsx(124,30): error TS2339: Property 'has_electricity' does not exist on type '{ bilde_beskrivelser: string[] | null; description: string | null; er_aktiv: boolean | null; er_innendors: boolean | null; er_sponset: boolean | null; er_tilgjengelig: boolean | null; ... 15 more ...; stallplass_type: "BOKS" | ... 1 more ... | null; }'.
src/components/organisms/BoxManagementModal.tsx(125,24): error TS2339: Property 'has_water' does not exist on type '{ bilde_beskrivelser: string[] | null; description: string | null; er_aktiv: boolean | null; er_innendors: boolean | null; er_sponset: boolean | null; er_tilgjengelig: boolean | null; ... 15 more ...; stallplass_type: "BOKS" | ... 1 more ... | null; }'.
src/components/organisms/DashboardClient.tsx(47,11): error TS2339: Property 'stableRentals' does not exist on type '{ mineUtleier: UseQueryResult<never[], Error>; stallUtleier: UseQueryResult<never[], Error>; isLoading: boolean; error: Error | null; }'.
src/components/organisms/DashboardClient.tsx(54,45): error TS18046: 'rental' is of type 'unknown'.
src/components/organisms/DashboardClient.tsx(82,69): error TS2551: Property 'total_boxes' does not exist on type 'StableWithBoxStats'. Did you mean 'totalBoxes'?
src/components/organisms/DashboardClient.tsx(291,37): error TS18046: 'rental' is of type 'unknown'.
src/components/organisms/DashboardClient.tsx(294,77): error TS18046: 'rental' is of type 'unknown'.
src/components/organisms/DashboardClient.tsx(296,43): error TS18046: 'rental' is of type 'unknown'.
src/components/organisms/DashboardClient.tsx(296,65): error TS18046: 'rental' is of type 'unknown'.
src/components/organisms/DashboardClient.tsx(299,50): error TS18046: 'rental' is of type 'unknown'.
src/components/organisms/DashboardClient.tsx(304,48): error TS18046: 'rental' is of type 'unknown'.
src/components/organisms/DashboardClient.tsx(399,41): error TS7006: Parameter 'rental' implicitly has an 'any' type.
src/components/organisms/LeieforholdClient.tsx(20,11): error TS2339: Property 'myRentals' does not exist on type '{ mineUtleier: UseQueryResult<never[], Error>; stallUtleier: UseQueryResult<never[], Error>; isLoading: boolean; error: Error | null; }'.
src/components/organisms/LeieforholdClient.tsx(125,37): error TS7006: Parameter 'rental' implicitly has an 'any' type.
src/components/organisms/PaymentFailureRecovery.tsx(18,23): error TS2344: Type '"payments"' does not satisfy the constraint '"anmeldelser" | "utleie" | "brukere" | "staller" | "base_prices" | "betalinger" | "meldinger" | "samtaler" | "page_views" | "pricing_discounts" | "roadmap_items" | "stallplasser" | ... 5 more ... | { ...; }'.
src/components/organisms/PaymentFailureRecovery.tsx(96,33): error TS2339: Property 'id' does not exist on type 'never'.
src/components/organisms/PaymentFailureRecovery.tsx(117,22): error TS2339: Property 'status' does not exist on type 'never'.
src/components/organisms/PaymentFailureRecovery.tsx(148,55): error TS2339: Property 'feil_arsak' does not exist on type 'never'.
src/components/organisms/PaymentFailureRecovery.tsx(167,35): error TS2339: Property 'id' does not exist on type 'never'.
src/components/organisms/PaymentFailureRecovery.tsx(178,88): error TS2339: Property 'vipps_ordre_id' does not exist on type 'never'.
src/components/organisms/PaymentFailureRecovery.tsx(178,166): error TS2339: Property 'vipps_ordre_id' does not exist on type 'never'.
src/components/organisms/PaymentFailureRecovery.tsx(178,211): error TS2339: Property 'feil_arsak' does not exist on type 'never'.
src/components/organisms/PaymentFailureRecovery.tsx(183,86): error TS2339: Property 'id' does not exist on type 'never'.
src/components/organisms/PaymentFailureRecovery.tsx(198,63): error TS2339: Property 'failed_at' does not exist on type 'never'.
src/components/organisms/PaymentFailureRecovery.tsx(198,84): error TS2339: Property 'created_at' does not exist on type 'never'.
src/components/organisms/PaymentFailureRecovery.tsx(199,28): error TS2339: Property 'total_belop' does not exist on type 'never'.
src/components/organisms/PaymentFailureRecovery.tsx(297,63): error TS2339: Property 'id' does not exist on type 'never'.
src/components/organisms/PaymentFailureRecovery.tsx(301,28): error TS2339: Property 'id' does not exist on type 'never'.
src/components/organisms/PaymentFailureRecovery.tsx(308,60): error TS2339: Property 'total_belop' does not exist on type 'never'.
src/components/organisms/PaymentFailureRecovery.tsx(311,37): error TS2339: Property 'vipps_ordre_id' does not exist on type 'never'.
src/components/organisms/PaymentFailureRecovery.tsx(314,49): error TS2339: Property 'failed_at' does not exist on type 'never'.
src/components/organisms/PaymentFailureRecovery.tsx(314,70): error TS2339: Property 'created_at' does not exist on type 'never'.
src/components/organisms/PaymentFailureRecovery.tsx(331,24): error TS2339: Property 'feil_arsak' does not exist on type 'never'.
src/components/organisms/PaymentFailureRecovery.tsx(334,64): error TS2339: Property 'feil_arsak' does not exist on type 'never'.
src/components/organisms/PaymentFailureRecovery.tsx(342,57): error TS2339: Property 'months' does not exist on type 'never'.
src/components/organisms/PaymentFailureRecovery.tsx(342,79): error TS2339: Property 'months' does not exist on type 'never'.
src/components/organisms/PaymentFailureRecovery.tsx(346,57): error TS2339: Property 'discount' does not exist on type 'never'.
src/components/organisms/PaymentFailureRecovery.tsx(346,80): error TS2339: Property 'discount' does not exist on type 'never'.
src/components/organisms/PaymentFailureRecovery.tsx(350,57): error TS2339: Property 'payment_method' does not exist on type 'never'.
src/components/organisms/PaymentFailureRecovery.tsx(354,68): error TS2339: Property 'status' does not exist on type 'never'.
src/components/organisms/PaymentFailureRecovery.tsx(389,49): error TS2339: Property 'id' does not exist on type 'never'.
src/components/organisms/PaymentFailureRecovery.tsx(389,64): error TS2339: Property 'id' does not exist on type 'never'.
src/components/organisms/PaymentsAdmin.tsx(19,28): error TS2344: Type '"payments"' does not satisfy the constraint '"anmeldelser" | "utleie" | "brukere" | "staller" | "base_prices" | "betalinger" | "meldinger" | "samtaler" | "page_views" | "pricing_discounts" | "roadmap_items" | "stallplasser" | ... 5 more ... | { ...; }'.
src/components/organisms/PaymentsAdmin.tsx(92,20): error TS2339: Property 'user' does not exist on type 'never'.
src/components/organisms/PaymentsAdmin.tsx(93,20): error TS2339: Property 'user' does not exist on type 'never'.
src/components/organisms/PaymentsAdmin.tsx(94,20): error TS2339: Property 'stable' does not exist on type 'never'.
src/components/organisms/PaymentsAdmin.tsx(95,20): error TS2339: Property 'vipps_ordre_id' does not exist on type 'never'.
src/components/organisms/PaymentsAdmin.tsx(97,66): error TS2339: Property 'status' does not exist on type 'never'.
src/components/organisms/PaymentsAdmin.tsx(104,41): error TS2339: Property 'status' does not exist on type 'never'.
src/components/organisms/PaymentsAdmin.tsx(104,111): error TS2339: Property 'total_belop' does not exist on type 'never'.
src/components/organisms/PaymentsAdmin.tsx(105,43): error TS2339: Property 'status' does not exist on type 'never'.
src/components/organisms/PaymentsAdmin.tsx(105,69): error TS2339: Property 'status' does not exist on type 'never'.
src/components/organisms/PaymentsAdmin.tsx(105,140): error TS2339: Property 'total_belop' does not exist on type 'never'.
src/components/organisms/PaymentsAdmin.tsx(106,45): error TS2339: Property 'status' does not exist on type 'never'.
src/components/organisms/PaymentsAdmin.tsx(106,115): error TS2339: Property 'total_belop' does not exist on type 'never'.
src/components/organisms/PaymentsAdmin.tsx(107,44): error TS2339: Property 'status' does not exist on type 'never'.
src/components/organisms/PaymentsAdmin.tsx(108,42): error TS2339: Property 'status' does not exist on type 'never'.
src/components/organisms/PaymentsAdmin.tsx(108,67): error TS2339: Property 'status' does not exist on type 'never'.
src/components/organisms/PaymentsAdmin.tsx(108,137): error TS2339: Property 'total_belop' does not exist on type 'never'.
src/components/organisms/PaymentsAdmin.tsx(287,38): error TS7053: Element implicitly has an 'any' type because expression of type 'any' can't be used to index type '{ PENDING: { label: string; color: string; icon: ForwardRefExoticComponent<Omit<SVGProps<SVGSVGElement>, "ref"> & { title?: string | undefined; titleId?: string | undefined; } & RefAttributes<...>>; }; ... 4 more ...; CANCELLED: { ...; }; }'.
src/components/organisms/PaymentsAdmin.tsx(287,64): error TS2339: Property 'status' does not exist on type 'never'.
src/components/organisms/PaymentsAdmin.tsx(289,38): error TS7053: Element implicitly has an 'any' type because expression of type 'any' can't be used to index type '{ VIPPS: { label: string; color: string; }; CARD: { label: string; color: string; }; BYPASS: { label: string; color: string; }; }'.
src/components/organisms/PaymentsAdmin.tsx(289,71): error TS2339: Property 'payment_method' does not exist on type 'never'.
src/components/organisms/PaymentsAdmin.tsx(293,41): error TS2339: Property 'id' does not exist on type 'never'.
src/components/organisms/PaymentsAdmin.tsx(295,60): error TS2339: Property 'id' does not exist on type 'never'.
src/components/organisms/PaymentsAdmin.tsx(297,71): error TS2339: Property 'id' does not exist on type 'never'.
src/components/organisms/PaymentsAdmin.tsx(302,43): error TS2339: Property 'vipps_ordre_id' does not exist on type 'never'.
src/components/organisms/PaymentsAdmin.tsx(304,41): error TS2339: Property 'vipps_reference' does not exist on type 'never'.
src/components/organisms/PaymentsAdmin.tsx(306,50): error TS2339: Property 'vipps_reference' does not exist on type 'never'.
src/components/organisms/PaymentsAdmin.tsx(309,63): error TS2339: Property 'id' does not exist on type 'never'.
src/components/organisms/PaymentsAdmin.tsx(314,67): error TS2339: Property 'id' does not exist on type 'never'.
src/components/organisms/PaymentsAdmin.tsx(317,56): error TS2339: Property 'status' does not exist on type 'never'.
src/components/organisms/PaymentsAdmin.tsx(328,43): error TS2339: Property 'user' does not exist on type 'never'.
src/components/organisms/PaymentsAdmin.tsx(330,81): error TS2339: Property 'user' does not exist on type 'never'.
src/components/organisms/PaymentsAdmin.tsx(335,81): error TS2339: Property 'stable' does not exist on type 'never'.
src/components/organisms/PaymentsAdmin.tsx(337,49): error TS2339: Property 'stable' does not exist on type 'never'.
src/components/organisms/PaymentsAdmin.tsx(337,85): error TS2339: Property 'stable' does not exist on type 'never'.
src/components/organisms/PaymentsAdmin.tsx(343,46): error TS2339: Property 'months' does not exist on type 'never'.
src/components/organisms/PaymentsAdmin.tsx(344,41): error TS2339: Property 'discount' does not exist on type 'never'.
src/components/organisms/PaymentsAdmin.tsx(344,66): error TS2339: Property 'discount' does not exist on type 'never'.
src/components/organisms/PaymentsAdmin.tsx(346,46): error TS2339: Property 'discount' does not exist on type 'never'.
src/components/organisms/PaymentsAdmin.tsx(357,55): error TS2339: Property 'total_belop' does not exist on type 'never'.
src/components/organisms/PaymentsAdmin.tsx(359,41): error TS2339: Property 'discount' does not exist on type 'never'.
src/components/organisms/PaymentsAdmin.tsx(359,66): error TS2339: Property 'discount' does not exist on type 'never'.
src/components/organisms/PaymentsAdmin.tsx(361,57): error TS2339: Property 'amount' does not exist on type 'never'.
src/components/organisms/PaymentsAdmin.tsx(371,39): error TS2339: Property 'feil_arsak' does not exist on type 'never'.
src/components/organisms/PaymentsAdmin.tsx(373,43): error TS2339: Property 'feil_arsak' does not exist on type 'never'.
src/components/organisms/PaymentsAdmin.tsx(379,68): error TS2339: Property 'created_at' does not exist on type 'never'.
src/components/organisms/PaymentsAdmin.tsx(380,41): error TS2339: Property 'betalt_dato' does not exist on type 'never'.
src/components/organisms/PaymentsAdmin.tsx(381,94): error TS2339: Property 'betalt_dato' does not exist on type 'never'.
src/components/organisms/PaymentsAdmin.tsx(383,41): error TS2339: Property 'failed_at' does not exist on type 'never'.
src/components/organisms/PaymentsAdmin.tsx(384,92): error TS2339: Property 'failed_at' does not exist on type 'never'.
src/components/organisms/PricingAdmin.tsx(177,52): error TS2339: Property 'months' does not exist on type '{ er_aktiv: boolean | null; id: string; maaneder: number; oppdatert_dato: string | null; opprettet_dato: string | null; rabatt_prosent: number; }'.
src/components/organisms/PricingAdmin.tsx(178,60): error TS2339: Property 'percentage' does not exist on type '{ er_aktiv: boolean | null; id: string; maaneder: number; oppdatert_dato: string | null; opprettet_dato: string | null; rabatt_prosent: number; }'.
src/components/organisms/PricingAdmin.tsx(179,56): error TS2339: Property 'is_active' does not exist on type '{ er_aktiv: boolean | null; id: string; maaneder: number; oppdatert_dato: string | null; opprettet_dato: string | null; rabatt_prosent: number; }'.
src/components/organisms/PricingAdmin.tsx(273,41): error TS2339: Property 'price' does not exist on type '{ description: string | null; er_aktiv: boolean | null; grunnpris: number; id: string; name: string; oppdatert_dato: string | null; opprettet_dato: string | null; }'.
src/components/organisms/PricingAdmin.tsx(304,77): error TS2339: Property 'price' does not exist on type '{ description: string | null; er_aktiv: boolean | null; grunnpris: number; id: string; name: string; oppdatert_dato: string | null; opprettet_dato: string | null; }'.
src/components/organisms/PricingAdmin.tsx(308,27): error TS2339: Property 'is_active' does not exist on type '{ description: string | null; er_aktiv: boolean | null; grunnpris: number; id: string; name: string; oppdatert_dato: string | null; opprettet_dato: string | null; }'.
src/components/organisms/PricingAdmin.tsx(310,28): error TS2339: Property 'is_active' does not exist on type '{ description: string | null; er_aktiv: boolean | null; grunnpris: number; id: string; name: string; oppdatert_dato: string | null; opprettet_dato: string | null; }'.
src/components/organisms/PricingAdmin.tsx(341,47): error TS2339: Property 'price' does not exist on type '{ description: string | null; er_aktiv: boolean | null; grunnpris: number; id: string; name: string; oppdatert_dato: string | null; opprettet_dato: string | null; }'.
src/components/organisms/PricingAdmin.tsx(373,36): error TS2339: Property 'price' does not exist on type '{ description: string | null; er_aktiv: boolean | null; grunnpris: number; id: string; name: string; oppdatert_dato: string | null; opprettet_dato: string | null; }'.
src/components/organisms/PricingAdmin.tsx(378,33): error TS2339: Property 'is_active' does not exist on type '{ description: string | null; er_aktiv: boolean | null; grunnpris: number; id: string; name: string; oppdatert_dato: string | null; opprettet_dato: string | null; }'.
src/components/organisms/PricingAdmin.tsx(380,34): error TS2339: Property 'is_active' does not exist on type '{ description: string | null; er_aktiv: boolean | null; grunnpris: number; id: string; name: string; oppdatert_dato: string | null; opprettet_dato: string | null; }'.
src/components/organisms/PricingAdmin.tsx(431,39): error TS2339: Property 'months' does not exist on type '{ er_aktiv: boolean | null; id: string; maaneder: number; oppdatert_dato: string | null; opprettet_dato: string | null; rabatt_prosent: number; }'.
src/components/organisms/PricingAdmin.tsx(431,50): error TS2339: Property 'months' does not exist on type '{ er_aktiv: boolean | null; id: string; maaneder: number; oppdatert_dato: string | null; opprettet_dato: string | null; rabatt_prosent: number; }'.
src/components/organisms/PricingAdmin.tsx(436,31): error TS2339: Property 'months' does not exist on type '{ er_aktiv: boolean | null; id: string; maaneder: number; oppdatert_dato: string | null; opprettet_dato: string | null; rabatt_prosent: number; }'.
src/components/organisms/PricingAdmin.tsx(436,49): error TS2339: Property 'months' does not exist on type '{ er_aktiv: boolean | null; id: string; maaneder: number; oppdatert_dato: string | null; opprettet_dato: string | null; rabatt_prosent: number; }'.
src/components/organisms/PricingAdmin.tsx(439,32): error TS2339: Property 'percentage' does not exist on type '{ er_aktiv: boolean | null; id: string; maaneder: number; oppdatert_dato: string | null; opprettet_dato: string | null; rabatt_prosent: number; }'.
src/components/organisms/PricingAdmin.tsx(443,28): error TS2339: Property 'is_active' does not exist on type '{ er_aktiv: boolean | null; id: string; maaneder: number; oppdatert_dato: string | null; opprettet_dato: string | null; rabatt_prosent: number; }'.
src/components/organisms/PricingAdmin.tsx(445,29): error TS2339: Property 'is_active' does not exist on type '{ er_aktiv: boolean | null; id: string; maaneder: number; oppdatert_dato: string | null; opprettet_dato: string | null; rabatt_prosent: number; }'.
src/components/organisms/PricingClient.tsx(24,36): error TS2339: Property 'price' does not exist on type '{ description: string | null; er_aktiv: boolean | null; grunnpris: number; id: string; name: string; oppdatert_dato: string | null; opprettet_dato: string | null; }'.
src/components/organisms/PricingClient.tsx(27,46): error TS2339: Property 'price' does not exist on type '{ description: string | null; er_aktiv: boolean | null; grunnpris: number; id: string; name: string; oppdatert_dato: string | null; opprettet_dato: string | null; }'.
src/components/organisms/PricingClient.tsx(31,18): error TS2339: Property 'months' does not exist on type '{ er_aktiv: boolean | null; id: string; maaneder: number; oppdatert_dato: string | null; opprettet_dato: string | null; rabatt_prosent: number; }'.
src/components/organisms/PricingClient.tsx(31,37): error TS2339: Property 'percentage' does not exist on type '{ er_aktiv: boolean | null; id: string; maaneder: number; oppdatert_dato: string | null; opprettet_dato: string | null; rabatt_prosent: number; }'.
src/components/organisms/RealTimeRentalAnalytics.tsx(83,9): error TS2339: Property 'created_at' does not exist on type 'RentalWithRelations'.
src/components/organisms/RealTimeRentalAnalytics.tsx(83,34): error TS2339: Property 'created_at' does not exist on type 'RentalWithRelations'.
src/components/organisms/RealTimeRentalAnalytics.tsx(95,69): error TS2339: Property 'monthly_price' does not exist on type 'RentalWithRelations'.
src/components/organisms/RealTimeRentalAnalytics.tsx(102,38): error TS2339: Property 'monthly_price' does not exist on type 'RentalWithRelations'.
src/components/organisms/RealTimeRentalAnalytics.tsx(107,29): error TS2339: Property 'monthly_price' does not exist on type 'RentalWithRelations'.
src/components/organisms/RealTimeRentalAnalytics.tsx(126,22): error TS2339: Property 'end_date' does not exist on type 'RentalWithRelations'.
src/components/organisms/RealTimeRentalAnalytics.tsx(127,43): error TS2551: Property 'start_date' does not exist on type 'RentalWithRelations'. Did you mean 'start_dato'?
src/components/organisms/RealTimeRentalAnalytics.tsx(128,41): error TS2339: Property 'end_date' does not exist on type 'RentalWithRelations'.
src/components/organisms/RealTimeRentalAnalytics.tsx(147,16): error TS2339: Property 'created_at' does not exist on type 'RentalWithRelations'.
src/components/organisms/RealTimeRentalAnalytics.tsx(148,38): error TS2339: Property 'created_at' does not exist on type 'RentalWithRelations'.
src/components/organisms/RealTimeRentalAnalytics.tsx(157,92): error TS2339: Property 'monthly_price' does not exist on type 'RentalWithRelations'.
src/components/organisms/RenterRentalTracker.tsx(93,44): error TS2344: Type '"rentals"' does not satisfy the constraint '"utleie" | "brukere" | "staller" | "samtaler" | "stallplasser" | "stall_fasiliteter" | "stallplass_fasiliteter" | { schema: keyof Database; } | "anmeldelser" | "base_prices" | ... 7 more ... | "stallplass_fasilitet_lenker"'.
src/components/organisms/RenterRentalTracker.tsx(94,22): error TS2339: Property 'id' does not exist on type 'never'.
src/components/organisms/RenterRentalTracker.tsx(100,18): error TS2339: Property 'box_id' does not exist on type 'never'.
src/components/organisms/RenterRentalTracker.tsx(107,29): error TS2339: Property 'monthly_price' does not exist on type 'never'.
src/components/organisms/RenterRentalTracker.tsx(109,21): error TS2339: Property 'start_date' does not exist on type 'never'.
src/components/organisms/RenterRentalTracker.tsx(112,49): error TS2339: Property 'start_date' does not exist on type 'never'.
src/components/organisms/RenterRentalTracker.tsx(115,21): error TS2339: Property 'end_date' does not exist on type 'never'.
src/components/organisms/RenterRentalTracker.tsx(118,49): error TS2339: Property 'end_date' does not exist on type 'never'.
src/components/organisms/RenterRentalTracker.tsx(125,125): error TS2339: Property 'status' does not exist on type 'never'.
src/components/organisms/RenterRentalTracker.tsx(126,35): error TS2339: Property 'status' does not exist on type 'never'.
src/components/organisms/RenterRentalTracker.tsx(127,44): error TS2339: Property 'status' does not exist on type 'never'.
src/components/organisms/RenterRentalTracker.tsx(130,19): error TS2339: Property 'conversation_id' does not exist on type 'never'.
src/components/organisms/RenterRentalTracker.tsx(177,60): error TS2339: Property 'monthly_price' does not exist on type 'RentalWithRelations'.
src/components/organisms/RenterRentalTracker.tsx(224,59): error TS2345: Argument of type '(rental: Tables<"rentals">) => JSX.Element' is not assignable to parameter of type '(value: RentalWithRelations, index: number, array: RentalWithRelations[]) => Element'.
  Types of parameters 'rental' and 'value' are incompatible.
    Type 'RentalWithRelations' is not assignable to type 'never'.
src/components/organisms/RenterRentalTracker.tsx(238,36): error TS2345: Argument of type '(rental: Tables<"rentals">) => JSX.Element' is not assignable to parameter of type '(value: RentalWithRelations, index: number, array: RentalWithRelations[]) => Element'.
  Types of parameters 'rental' and 'value' are incompatible.
    Type 'RentalWithRelations' is not assignable to type 'never'.
src/components/organisms/SearchPageClient.tsx(141,41): error TS2339: Property 'is_sponsored' does not exist on type '{ er_sponset: boolean; sponset_til: string | null; }'.
src/components/organisms/SearchPageClient.tsx(142,44): error TS2551: Property 'sponsored_until' does not exist on type '{ er_sponset: boolean; sponset_til: string | null; }'. Did you mean 'sponset_til'?
src/components/organisms/StableLandingClient.tsx(193,74): error TS2339: Property 'price' does not exist on type '{ bilde_beskrivelser: string[] | null; description: string | null; er_aktiv: boolean | null; er_innendors: boolean | null; er_sponset: boolean | null; er_tilgjengelig: boolean | null; ... 15 more ...; stallplass_type: "BOKS" | ... 1 more ... | null; }'.
src/components/organisms/StableLandingClient.tsx(215,58): error TS2339: Property 'is_available' does not exist on type '{ bilde_beskrivelser: string[] | null; description: string | null; er_aktiv: boolean | null; er_innendors: boolean | null; er_sponset: boolean | null; er_tilgjengelig: boolean | null; ... 15 more ...; stallplass_type: "BOKS" | ... 1 more ... | null; }'.
src/components/organisms/StableLandingClient.tsx(218,52): error TS2339: Property 'price' does not exist on type '{ bilde_beskrivelser: string[] | null; description: string | null; er_aktiv: boolean | null; er_innendors: boolean | null; er_sponset: boolean | null; er_tilgjengelig: boolean | null; ... 15 more ...; stallplass_type: "BOKS" | ... 1 more ... | null; }'.
src/components/organisms/StableLandingClient.tsx(219,52): error TS2339: Property 'price' does not exist on type '{ bilde_beskrivelser: string[] | null; description: string | null; er_aktiv: boolean | null; er_innendors: boolean | null; er_sponset: boolean | null; er_tilgjengelig: boolean | null; ... 15 more ...; stallplass_type: "BOKS" | ... 1 more ... | null; }'.
src/components/organisms/StableLandingClient.tsx(223,34): error TS2339: Property 'owner_id' does not exist on type 'StableWithAmenities'.
src/components/organisms/StableLandingClient.tsx(286,33): error TS2339: Property 'image_descriptions' does not exist on type 'StableWithAmenities'.
src/components/organisms/StableLandingClient.tsx(326,25): error TS2339: Property 'image_descriptions' does not exist on type 'StableWithAmenities'.
src/components/organisms/StableLandingClient.tsx(329,31): error TS2339: Property 'image_descriptions' does not exist on type 'StableWithAmenities'.
src/components/organisms/StableLandingClient.tsx(348,39): error TS2339: Property 'image_descriptions' does not exist on type 'StableWithAmenities'.
src/components/organisms/StableLandingClient.tsx(385,34): error TS2339: Property 'review_count' does not exist on type 'StableWithAmenities'.
src/components/organisms/StableLandingClient.tsx(444,46): error TS2339: Property 'price' does not exist on type '{ bilde_beskrivelser: string[] | null; description: string | null; er_aktiv: boolean | null; er_innendors: boolean | null; er_sponset: boolean | null; er_tilgjengelig: boolean | null; ... 15 more ...; stallplass_type: "BOKS" | ... 1 more ... | null; }'.
src/components/organisms/StableLandingClient.tsx(467,34): error TS2339: Property 'is_indoor' does not exist on type '{ bilde_beskrivelser: string[] | null; description: string | null; er_aktiv: boolean | null; er_innendors: boolean | null; er_sponset: boolean | null; er_tilgjengelig: boolean | null; ... 15 more ...; stallplass_type: "BOKS" | ... 1 more ... | null; }'.
src/components/organisms/StableLandingClient.tsx(471,30): error TS2339: Property 'max_horse_size' does not exist on type '{ bilde_beskrivelser: string[] | null; description: string | null; er_aktiv: boolean | null; er_innendors: boolean | null; er_sponset: boolean | null; er_tilgjengelig: boolean | null; ... 15 more ...; stallplass_type: "BOKS" | ... 1 more ... | null; }'.
src/components/organisms/StableLandingClient.tsx(475,66): error TS2339: Property 'max_horse_size' does not exist on type '{ bilde_beskrivelser: string[] | null; description: string | null; er_aktiv: boolean | null; er_innendors: boolean | null; er_sponset: boolean | null; er_tilgjengelig: boolean | null; ... 15 more ...; stallplass_type: "BOKS" | ... 1 more ... | null; }'.
src/components/organisms/StableLandingClient.tsx(484,35): error TS2339: Property 'has_window' does not exist on type '{ bilde_beskrivelser: string[] | null; description: string | null; er_aktiv: boolean | null; er_innendors: boolean | null; er_sponset: boolean | null; er_tilgjengelig: boolean | null; ... 15 more ...; stallplass_type: "BOKS" | ... 1 more ... | null; }'.
src/components/organisms/StableLandingClient.tsx(485,35): error TS2339: Property 'has_electricity' does not exist on type '{ bilde_beskrivelser: string[] | null; description: string | null; er_aktiv: boolean | null; er_innendors: boolean | null; er_sponset: boolean | null; er_tilgjengelig: boolean | null; ... 15 more ...; stallplass_type: "BOKS" | ... 1 more ... | null; }'.
src/components/organisms/StableLandingClient.tsx(486,35): error TS2339: Property 'has_water' does not exist on type '{ bilde_beskrivelser: string[] | null; description: string | null; er_aktiv: boolean | null; er_innendors: boolean | null; er_sponset: boolean | null; er_tilgjengelig: boolean | null; ... 15 more ...; stallplass_type: "BOKS" | ... 1 more ... | null; }'.
src/components/organisms/StableLandingClient.tsx(492,28): error TS2339: Property 'special_notes' does not exist on type '{ bilde_beskrivelser: string[] | null; description: string | null; er_aktiv: boolean | null; er_innendors: boolean | null; er_sponset: boolean | null; er_tilgjengelig: boolean | null; ... 15 more ...; stallplass_type: "BOKS" | ... 1 more ... | null; }'.
src/components/organisms/StableLandingClient.tsx(495,69): error TS2339: Property 'special_notes' does not exist on type '{ bilde_beskrivelser: string[] | null; description: string | null; er_aktiv: boolean | null; er_innendors: boolean | null; er_sponset: boolean | null; er_tilgjengelig: boolean | null; ... 15 more ...; stallplass_type: "BOKS" | ... 1 more ... | null; }'.
src/components/organisms/StableLandingClient.tsx(613,33): error TS2339: Property 'owner_name' does not exist on type 'StableWithAmenities'.
src/components/organisms/StableLandingClient.tsx(616,73): error TS2339: Property 'owner_name' does not exist on type 'StableWithAmenities'.
src/components/organisms/StableLandingClient.tsx(714,42): error TS2339: Property 'price' does not exist on type '{ bilde_beskrivelser: string[] | null; description: string | null; er_aktiv: boolean | null; er_innendors: boolean | null; er_sponset: boolean | null; er_tilgjengelig: boolean | null; ... 15 more ...; stallplass_type: "BOKS" | ... 1 more ... | null; }'.
src/components/organisms/StableLandingClient.tsx(728,60): error TS2339: Property 'is_indoor' does not exist on type '{ bilde_beskrivelser: string[] | null; description: string | null; er_aktiv: boolean | null; er_innendors: boolean | null; er_sponset: boolean | null; er_tilgjengelig: boolean | null; ... 15 more ...; stallplass_type: "BOKS" | ... 1 more ... | null; }'.
src/components/organisms/StableLandingClient.tsx(732,85): error TS2339: Property 'price' does not exist on type '{ bilde_beskrivelser: string[] | null; description: string | null; er_aktiv: boolean | null; er_innendors: boolean | null; er_sponset: boolean | null; er_tilgjengelig: boolean | null; ... 15 more ...; stallplass_type: "BOKS" | ... 1 more ... | null; }'.
src/components/organisms/StablesAdmin.tsx(10,27): error TS2344: Type '"stables"' does not satisfy the constraint '"staller" | "stallplasser" | "stall_fasiliteter" | "stallplass_fasiliteter" | "stall_ofte_spurte_sporsmal" | "brukere" | "base_prices" | "anmeldelser" | "betalinger" | "meldinger" | ... 7 more ... | { ...; }'.
src/components/organisms/StablesAdmin.tsx(38,12): error TS2339: Property 'name' does not exist on type 'never'.
src/components/organisms/StablesAdmin.tsx(39,12): error TS2339: Property 'location' does not exist on type 'never'.
src/components/organisms/StablesAdmin.tsx(40,12): error TS2339: Property 'city' does not exist on type 'never'.
src/components/organisms/StablesAdmin.tsx(41,12): error TS2339: Property 'owner' does not exist on type 'never'.
src/components/organisms/StablesAdmin.tsx(51,18): error TS2345: Argument of type '(prevStables: never[]) => any[]' is not assignable to parameter of type 'SetStateAction<never[]>'.
  Type '(prevStables: never[]) => any[]' is not assignable to type '(prevState: never[]) => never[]'.
    Type 'any[]' is not assignable to type 'never[]'.
      Type 'any' is not assignable to type 'never'.
src/components/organisms/StablesAdmin.tsx(53,18): error TS2339: Property 'id' does not exist on type 'never'.
src/components/organisms/StablesAdmin.tsx(53,38): error TS2698: Spread types may only be created from object types.
src/components/organisms/StablesAdmin.tsx(69,69): error TS2339: Property 'id' does not exist on type 'never'.
src/components/organisms/StablesAdmin.tsx(118,35): error TS2339: Property 'id' does not exist on type 'never'.
src/components/organisms/StablesAdmin.tsx(122,35): error TS2339: Property 'name' does not exist on type 'never'.
src/components/organisms/StablesAdmin.tsx(125,35): error TS2339: Property 'city' does not exist on type 'never'.
src/components/organisms/StablesAdmin.tsx(125,52): error TS2339: Property 'city' does not exist on type 'never'.
src/components/organisms/StablesAdmin.tsx(125,68): error TS2339: Property 'location' does not exist on type 'never'.
src/components/organisms/StablesAdmin.tsx(125,88): error TS2339: Property 'location' does not exist on type 'never'.
src/components/organisms/StablesAdmin.tsx(132,35): error TS2339: Property 'owner' does not exist on type 'never'.
src/components/organisms/StablesAdmin.tsx(134,73): error TS2339: Property 'owner' does not exist on type 'never'.
src/components/organisms/StablesAdmin.tsx(138,31): error TS2339: Property 'featured' does not exist on type 'never'.
src/components/organisms/StablesAdmin.tsx(147,38): error TS2339: Property '_count' does not exist on type 'never'.
src/components/organisms/StablesAdmin.tsx(148,38): error TS2339: Property '_count' does not exist on type 'never'.
src/components/organisms/StablesAdmin.tsx(149,38): error TS2339: Property '_count' does not exist on type 'never'.
src/components/organisms/StablesAdmin.tsx(155,74): error TS2339: Property 'rating' does not exist on type 'never'.
src/components/organisms/StablesAdmin.tsx(156,80): error TS2339: Property 'reviewCount' does not exist on type 'never'.
src/components/organisms/StablesAdmin.tsx(162,70): error TS2339: Property 'id' does not exist on type 'never'.
src/components/organisms/StablesAdmin.tsx(162,81): error TS2339: Property 'featured' does not exist on type 'never'.
src/components/organisms/StablesAdmin.tsx(165,36): error TS2339: Property 'featured' does not exist on type 'never'.
src/components/organisms/StablesAdmin.tsx(179,36): error TS2339: Property 'featured' does not exist on type 'never'.
src/components/organisms/StablesAdmin.tsx(183,62): error TS2339: Property 'id' does not exist on type 'never'.
src/components/organisms/StablesAdmin.tsx(187,55): error TS2339: Property 'id' does not exist on type 'never'.
src/components/organisms/StallClient.tsx(33,11): error TS2339: Property 'stableRentals' does not exist on type '{ mineUtleier: UseQueryResult<never[], Error>; stallUtleier: UseQueryResult<never[], Error>; isLoading: boolean; error: Error | null; }'.
src/components/organisms/StallClient.tsx(45,45): error TS18046: 'rental' is of type 'unknown'.
src/components/organisms/StallClient.tsx(274,37): error TS18046: 'rental' is of type 'unknown'.
src/components/organisms/StallClient.tsx(277,77): error TS18046: 'rental' is of type 'unknown'.
src/components/organisms/StallClient.tsx(279,43): error TS18046: 'rental' is of type 'unknown'.
src/components/organisms/StallClient.tsx(279,65): error TS18046: 'rental' is of type 'unknown'.
src/components/organisms/StallClient.tsx(282,50): error TS18046: 'rental' is of type 'unknown'.
src/components/organisms/StallClient.tsx(287,48): error TS18046: 'rental' is of type 'unknown'.
src/components/organisms/UsersAdmin.tsx(10,25): error TS2344: Type '"users"' does not satisfy the constraint '"staller" | "stallplasser" | "stall_fasiliteter" | "stallplass_fasiliteter" | "stall_ofte_spurte_sporsmal" | "brukere" | "base_prices" | "anmeldelser" | "betalinger" | "meldinger" | ... 7 more ... | { ...; }'.
src/components/organisms/UsersAdmin.tsx(27,10): error TS2339: Property 'email' does not exist on type 'never'.
src/components/organisms/UsersAdmin.tsx(28,10): error TS2339: Property 'name' does not exist on type 'never'.
src/components/organisms/UsersAdmin.tsx(29,10): error TS2339: Property 'firebase_id' does not exist on type 'never'.
src/components/organisms/UsersAdmin.tsx(39,16): error TS2345: Argument of type '(prevUsers: never[]) => any[]' is not assignable to parameter of type 'SetStateAction<never[]>'.
  Type '(prevUsers: never[]) => any[]' is not assignable to type '(prevState: never[]) => never[]'.
    Type 'any[]' is not assignable to type 'never[]'.
      Type 'any' is not assignable to type 'never'.
src/components/organisms/UsersAdmin.tsx(41,16): error TS2339: Property 'id' does not exist on type 'never'.
src/components/organisms/UsersAdmin.tsx(41,34): error TS2698: Spread types may only be created from object types.
src/components/organisms/UsersAdmin.tsx(91,33): error TS2339: Property 'id' does not exist on type 'never'.
src/components/organisms/UsersAdmin.tsx(95,33): error TS2339: Property 'name' does not exist on type 'never'.
src/components/organisms/UsersAdmin.tsx(98,33): error TS2339: Property 'firebase_id' does not exist on type 'never'.
src/components/organisms/UsersAdmin.tsx(104,71): error TS2339: Property 'email' does not exist on type 'never'.
src/components/organisms/UsersAdmin.tsx(105,31): error TS2339: Property 'phone' does not exist on type 'never'.
src/components/organisms/UsersAdmin.tsx(106,73): error TS2339: Property 'phone' does not exist on type 'never'.
src/components/organisms/UsersAdmin.tsx(112,31): error TS2339: Property 'is_admin' does not exist on type 'never'.
src/components/organisms/UsersAdmin.tsx(118,31): error TS2339: Property '_count' does not exist on type 'never'.
src/components/organisms/UsersAdmin.tsx(128,36): error TS2339: Property '_count' does not exist on type 'never'.
src/components/organisms/UsersAdmin.tsx(129,36): error TS2339: Property '_count' does not exist on type 'never'.
src/components/organisms/UsersAdmin.tsx(133,40): error TS2339: Property 'created_at' does not exist on type 'never'.
src/components/organisms/UsersAdmin.tsx(137,63): error TS2339: Property 'id' does not exist on type 'never'.
src/components/organisms/UsersAdmin.tsx(137,72): error TS2339: Property 'is_admin' does not exist on type 'never'.
src/components/organisms/UsersAdmin.tsx(140,32): error TS2339: Property 'is_admin' does not exist on type 'never'.
src/components/organisms/UsersAdmin.tsx(154,32): error TS2339: Property 'is_admin' does not exist on type 'never'.
src/hooks/useAdminStats.ts(159,17): error TS2769: No overload matches this call.
  Overload 1 of 2, '(relation: "anmeldelser" | "utleie" | "brukere" | "staller" | "base_prices" | "betalinger" | "meldinger" | "samtaler" | "page_views" | "pricing_discounts" | "roadmap_items" | "stallplasser" | ... 4 more ... | "stallplass_fasiliteter"): PostgrestQueryBuilder<...>', gave the following error.
    Argument of type '"users"' is not assignable to parameter of type '"anmeldelser" | "utleie" | "brukere" | "staller" | "base_prices" | "betalinger" | "meldinger" | "samtaler" | "page_views" | "pricing_discounts" | "roadmap_items" | "stallplasser" | ... 4 more ... | "stallplass_fasiliteter"'.
  Overload 2 of 2, '(relation: never): PostgrestQueryBuilder<{ Tables: { anmeldelser: { Row: { anmelder_id: string; anmeldt_id: string; anmeldt_type: "RENTER" | "STABLE_OWNER"; comment: string | null; er_moderert: boolean | null; ... 12 more ...; utleie_id: string; }; Insert: { ...; }; Update: { ...; }; Relationships: [...]; }; ... 15 more ...; utleie: { ...; }; }; Views: {}; Functions: {}; Enums: { ...; }; CompositeTypes: {}; }, never, never, never>', gave the following error.
    Argument of type '"users"' is not assignable to parameter of type 'never'.
src/hooks/useAdminStats.ts(165,17): error TS2769: No overload matches this call.
  Overload 1 of 2, '(relation: "anmeldelser" | "utleie" | "brukere" | "staller" | "base_prices" | "betalinger" | "meldinger" | "samtaler" | "page_views" | "pricing_discounts" | "roadmap_items" | "stallplasser" | ... 4 more ... | "stallplass_fasiliteter"): PostgrestQueryBuilder<...>', gave the following error.
    Argument of type '"stables"' is not assignable to parameter of type '"anmeldelser" | "utleie" | "brukere" | "staller" | "base_prices" | "betalinger" | "meldinger" | "samtaler" | "page_views" | "pricing_discounts" | "roadmap_items" | "stallplasser" | ... 4 more ... | "stallplass_fasiliteter"'.
  Overload 2 of 2, '(relation: never): PostgrestQueryBuilder<{ Tables: { anmeldelser: { Row: { anmelder_id: string; anmeldt_id: string; anmeldt_type: "RENTER" | "STABLE_OWNER"; comment: string | null; er_moderert: boolean | null; ... 12 more ...; utleie_id: string; }; Insert: { ...; }; Update: { ...; }; Relationships: [...]; }; ... 15 more ...; utleie: { ...; }; }; Views: {}; Functions: {}; Enums: { ...; }; CompositeTypes: {}; }, never, never, never>', gave the following error.
    Argument of type '"stables"' is not assignable to parameter of type 'never'.
src/hooks/useAdminStats.ts(171,17): error TS2769: No overload matches this call.
  Overload 1 of 2, '(relation: "anmeldelser" | "utleie" | "brukere" | "staller" | "base_prices" | "betalinger" | "meldinger" | "samtaler" | "page_views" | "pricing_discounts" | "roadmap_items" | "stallplasser" | ... 4 more ... | "stallplass_fasiliteter"): PostgrestQueryBuilder<...>', gave the following error.
    Argument of type '"boxes"' is not assignable to parameter of type '"anmeldelser" | "utleie" | "brukere" | "staller" | "base_prices" | "betalinger" | "meldinger" | "samtaler" | "page_views" | "pricing_discounts" | "roadmap_items" | "stallplasser" | ... 4 more ... | "stallplass_fasiliteter"'.
  Overload 2 of 2, '(relation: never): PostgrestQueryBuilder<{ Tables: { anmeldelser: { Row: { anmelder_id: string; anmeldt_id: string; anmeldt_type: "RENTER" | "STABLE_OWNER"; comment: string | null; er_moderert: boolean | null; ... 12 more ...; utleie_id: string; }; Insert: { ...; }; Update: { ...; }; Relationships: [...]; }; ... 15 more ...; utleie: { ...; }; }; Views: {}; Functions: {}; Enums: { ...; }; CompositeTypes: {}; }, never, never, never>', gave the following error.
    Argument of type '"boxes"' is not assignable to parameter of type 'never'.
src/hooks/useAdminStats.ts(177,17): error TS2769: No overload matches this call.
  Overload 1 of 2, '(relation: "anmeldelser" | "utleie" | "brukere" | "staller" | "base_prices" | "betalinger" | "meldinger" | "samtaler" | "page_views" | "pricing_discounts" | "roadmap_items" | "stallplasser" | ... 4 more ... | "stallplass_fasiliteter"): PostgrestQueryBuilder<...>', gave the following error.
    Argument of type '"payments"' is not assignable to parameter of type '"anmeldelser" | "utleie" | "brukere" | "staller" | "base_prices" | "betalinger" | "meldinger" | "samtaler" | "page_views" | "pricing_discounts" | "roadmap_items" | "stallplasser" | ... 4 more ... | "stallplass_fasiliteter"'.
  Overload 2 of 2, '(relation: never): PostgrestQueryBuilder<{ Tables: { anmeldelser: { Row: { anmelder_id: string; anmeldt_id: string; anmeldt_type: "RENTER" | "STABLE_OWNER"; comment: string | null; er_moderert: boolean | null; ... 12 more ...; utleie_id: string; }; Insert: { ...; }; Update: { ...; }; Relationships: [...]; }; ... 15 more ...; utleie: { ...; }; }; Views: {}; Functions: {}; Enums: { ...; }; CompositeTypes: {}; }, never, never, never>', gave the following error.
    Argument of type '"payments"' is not assignable to parameter of type 'never'.
src/hooks/useAdminStats.ts(207,63): error TS2339: Property 'owner_id' does not exist on type 'SelectQueryError<"column 'featured' does not exist on 'anmeldelser'."> | SelectQueryError<"column 'featured' does not exist on 'utleie'."> | ... 14 more ... | SelectQueryError<...>'.
  Property 'owner_id' does not exist on type 'SelectQueryError<"column 'featured' does not exist on 'anmeldelser'.">'.
src/hooks/useAdminStats.ts(212,51): error TS2339: Property 'is_admin' does not exist on type 'SelectQueryError<"column 'is_admin' does not exist on 'anmeldelser'."> | SelectQueryError<"column 'is_admin' does not exist on 'utleie'."> | ... 14 more ... | SelectQueryError<...>'.
  Property 'is_admin' does not exist on type 'SelectQueryError<"column 'is_admin' does not exist on 'anmeldelser'.">'.
src/hooks/useAdminStats.ts(215,29): error TS2339: Property 'created_at' does not exist on type 'SelectQueryError<"column 'is_admin' does not exist on 'anmeldelser'."> | SelectQueryError<"column 'is_admin' does not exist on 'utleie'."> | ... 14 more ... | SelectQueryError<...>'.
  Property 'created_at' does not exist on type 'SelectQueryError<"column 'is_admin' does not exist on 'anmeldelser'.">'.
src/hooks/useAdminStats.ts(220,53): error TS2339: Property 'featured' does not exist on type 'SelectQueryError<"column 'featured' does not exist on 'anmeldelser'."> | SelectQueryError<"column 'featured' does not exist on 'utleie'."> | ... 14 more ... | SelectQueryError<...>'.
  Property 'featured' does not exist on type 'SelectQueryError<"column 'featured' does not exist on 'anmeldelser'.">'.
src/hooks/useAdminStats.ts(221,55): error TS2339: Property 'advertising_active' does not exist on type 'SelectQueryError<"column 'featured' does not exist on 'anmeldelser'."> | SelectQueryError<"column 'featured' does not exist on 'utleie'."> | ... 14 more ... | SelectQueryError<...>'.
  Property 'advertising_active' does not exist on type 'SelectQueryError<"column 'featured' does not exist on 'anmeldelser'.">'.
src/hooks/useAdminStats.ts(223,28): error TS2339: Property 'created_at' does not exist on type 'SelectQueryError<"column 'featured' does not exist on 'anmeldelser'."> | SelectQueryError<"column 'featured' does not exist on 'utleie'."> | ... 14 more ... | SelectQueryError<...>'.
  Property 'created_at' does not exist on type 'SelectQueryError<"column 'featured' does not exist on 'anmeldelser'.">'.
src/hooks/useAdminStats.ts(228,71): error TS2339: Property 'is_available' does not exist on type 'SelectQueryError<"column 'is_available' does not exist on 'anmeldelser'."> | SelectQueryError<"column 'is_available' does not exist on 'utleie'."> | ... 14 more ... | SelectQueryError<...>'.
  Property 'is_available' does not exist on type 'SelectQueryError<"column 'is_available' does not exist on 'anmeldelser'.">'.
src/hooks/useAdminStats.ts(229,64): error TS2339: Property 'is_active' does not exist on type 'SelectQueryError<"column 'is_available' does not exist on 'anmeldelser'."> | SelectQueryError<"column 'is_available' does not exist on 'utleie'."> | ... 14 more ... | SelectQueryError<...>'.
  Property 'is_active' does not exist on type 'SelectQueryError<"column 'is_available' does not exist on 'anmeldelser'.">'.
src/hooks/useAdminStats.ts(231,33): error TS2339: Property 'created_at' does not exist on type 'SelectQueryError<"column 'is_available' does not exist on 'anmeldelser'."> | SelectQueryError<"column 'is_available' does not exist on 'utleie'."> | ... 14 more ... | SelectQueryError<...>'.
  Property 'created_at' does not exist on type 'SelectQueryError<"column 'is_available' does not exist on 'anmeldelser'.">'.
src/hooks/useAdminStats.ts(236,61): error TS2339: Property 'status' does not exist on type 'SelectQueryError<"column 'status' does not exist on 'anmeldelser'."> | SelectQueryError<"column 'status' does not exist on 'utleie'."> | ... 14 more ... | SelectQueryError<...>'.
  Property 'status' does not exist on type 'SelectQueryError<"column 'status' does not exist on 'anmeldelser'.">'.
src/hooks/useAdminStats.ts(238,22): error TS2339: Property 'status' does not exist on type 'SelectQueryError<"column 'status' does not exist on 'anmeldelser'."> | SelectQueryError<"column 'status' does not exist on 'utleie'."> | ... 14 more ... | SelectQueryError<...>'.
  Property 'status' does not exist on type 'SelectQueryError<"column 'status' does not exist on 'anmeldelser'.">'.
src/hooks/useAdminStats.ts(238,55): error TS2339: Property 'status' does not exist on type 'SelectQueryError<"column 'status' does not exist on 'anmeldelser'."> | SelectQueryError<"column 'status' does not exist on 'utleie'."> | ... 14 more ... | SelectQueryError<...>'.
  Property 'status' does not exist on type 'SelectQueryError<"column 'status' does not exist on 'anmeldelser'.">'.
src/hooks/useAdminStats.ts(240,59): error TS2339: Property 'status' does not exist on type 'SelectQueryError<"column 'status' does not exist on 'anmeldelser'."> | SelectQueryError<"column 'status' does not exist on 'utleie'."> | ... 14 more ... | SelectQueryError<...>'.
  Property 'status' does not exist on type 'SelectQueryError<"column 'status' does not exist on 'anmeldelser'.">'.
src/hooks/useAdminStats.ts(242,42): error TS2339: Property 'status' does not exist on type 'SelectQueryError<"column 'status' does not exist on 'anmeldelser'."> | SelectQueryError<"column 'status' does not exist on 'utleie'."> | ... 14 more ... | SelectQueryError<...>'.
  Property 'status' does not exist on type 'SelectQueryError<"column 'status' does not exist on 'anmeldelser'.">'.
src/hooks/useAdminStats.ts(243,56): error TS2339: Property 'total_belop' does not exist on type 'SelectQueryError<"column 'status' does not exist on 'anmeldelser'."> | SelectQueryError<"column 'status' does not exist on 'utleie'."> | ... 14 more ... | SelectQueryError<...>'.
  Property 'total_belop' does not exist on type 'SelectQueryError<"column 'status' does not exist on 'anmeldelser'.">'.
src/hooks/useAdminStats.ts(245,31): error TS2339: Property 'created_at' does not exist on type 'SelectQueryError<"column 'status' does not exist on 'anmeldelser'."> | SelectQueryError<"column 'status' does not exist on 'utleie'."> | ... 14 more ... | SelectQueryError<...>'.
  Property 'created_at' does not exist on type 'SelectQueryError<"column 'status' does not exist on 'anmeldelser'.">'.
src/hooks/useAdminStats.ts(249,24): error TS2339: Property 'status' does not exist on type 'SelectQueryError<"column 'status' does not exist on 'anmeldelser'."> | SelectQueryError<"column 'status' does not exist on 'utleie'."> | ... 14 more ... | SelectQueryError<...>'.
  Property 'status' does not exist on type 'SelectQueryError<"column 'status' does not exist on 'anmeldelser'.">'.
src/hooks/useAdminStats.ts(250,33): error TS2339: Property 'created_at' does not exist on type 'SelectQueryError<"column 'status' does not exist on 'anmeldelser'."> | SelectQueryError<"column 'status' does not exist on 'utleie'."> | ... 14 more ... | SelectQueryError<...>'.
  Property 'created_at' does not exist on type 'SelectQueryError<"column 'status' does not exist on 'anmeldelser'.">'.
src/hooks/useAdminStats.ts(252,56): error TS2339: Property 'total_belop' does not exist on type 'SelectQueryError<"column 'status' does not exist on 'anmeldelser'."> | SelectQueryError<"column 'status' does not exist on 'utleie'."> | ... 14 more ... | SelectQueryError<...>'.
  Property 'total_belop' does not exist on type 'SelectQueryError<"column 'status' does not exist on 'anmeldelser'.">'.
src/hooks/usePaymentTracking.ts(6,23): error TS2344: Type '"payments"' does not satisfy the constraint '"anmeldelser" | "utleie" | "brukere" | "staller" | "base_prices" | "betalinger" | "meldinger" | "samtaler" | "page_views" | "pricing_discounts" | "roadmap_items" | "stallplasser" | ... 5 more ... | { ...; }'.
src/hooks/usePaymentTracking.ts(54,60): error TS2769: No overload matches this call.
  Overload 1 of 3, '(initialValue: Map<string, never>): RefObject<Map<string, never>>', gave the following error.
    Argument of type 'Map<any, any>' is not assignable to parameter of type 'Map<string, never>'.
      Type 'any' is not assignable to type 'never'.
  Overload 2 of 3, '(initialValue: Map<string, never> | null): RefObject<Map<string, never> | null>', gave the following error.
    Argument of type 'Map<any, any>' is not assignable to parameter of type 'Map<string, never>'.
      Type 'any' is not assignable to type 'never'.
  Overload 3 of 3, '(initialValue: Map<string, never> | undefined): RefObject<Map<string, never> | undefined>', gave the following error.
    Argument of type 'Map<any, any>' is not assignable to parameter of type 'Map<string, never>'.
      Type 'any' is not assignable to type 'never'.
src/hooks/usePaymentTracking.ts(66,15): error TS2769: No overload matches this call.
  Overload 1 of 2, '(relation: "anmeldelser" | "utleie" | "brukere" | "staller" | "base_prices" | "betalinger" | "meldinger" | "samtaler" | "page_views" | "pricing_discounts" | "roadmap_items" | "stallplasser" | ... 4 more ... | "stallplass_fasiliteter"): PostgrestQueryBuilder<...>', gave the following error.
    Argument of type '"payments"' is not assignable to parameter of type '"anmeldelser" | "utleie" | "brukere" | "staller" | "base_prices" | "betalinger" | "meldinger" | "samtaler" | "page_views" | "pricing_discounts" | "roadmap_items" | "stallplasser" | ... 4 more ... | "stallplass_fasiliteter"'.
  Overload 2 of 2, '(relation: never): PostgrestQueryBuilder<{ Tables: { anmeldelser: { Row: { anmelder_id: string; anmeldt_id: string; anmeldt_type: "RENTER" | "STABLE_OWNER"; comment: string | null; er_moderert: boolean | null; ... 12 more ...; utleie_id: string; }; Insert: { ...; }; Update: { ...; }; Relationships: [...]; }; ... 15 more ...; utleie: { ...; }; }; Views: {}; Functions: {}; Enums: { ...; }; CompositeTypes: {}; }, never, never, never>', gave the following error.
    Argument of type '"payments"' is not assignable to parameter of type 'never'.
src/hooks/usePaymentTracking.ts(109,32): error TS2339: Property 'total_belop' does not exist on type 'never'.
src/hooks/usePaymentTracking.ts(112,25): error TS2339: Property 'status' does not exist on type 'never'.
src/hooks/usePaymentTracking.ts(132,62): error TS2339: Property 'id' does not exist on type 'never'.
src/hooks/usePaymentTracking.ts(134,29): error TS2339: Property 'status' does not exist on type 'never'.
src/hooks/usePaymentTracking.ts(134,48): error TS2339: Property 'status' does not exist on type 'never'.
src/hooks/usePaymentTracking.ts(135,29): error TS2339: Property 'status' does not exist on type 'never'.
src/hooks/usePaymentTracking.ts(136,21): error TS2339: Property 'status' does not exist on type 'never'.
src/hooks/usePaymentTracking.ts(138,25): error TS2339: Property 'id' does not exist on type 'never'.
src/hooks/usePaymentTracking.ts(139,13): error TS2322: Type 'any' is not assignable to type 'never'.
src/hooks/usePaymentTracking.ts(139,45): error TS2339: Property 'status' does not exist on type 'never'.
src/hooks/usePaymentTracking.ts(140,13): error TS2322: Type 'any' is not assignable to type 'never'.
src/hooks/usePaymentTracking.ts(140,32): error TS2339: Property 'status' does not exist on type 'never'.
src/hooks/usePaymentTracking.ts(142,32): error TS2339: Property 'user' does not exist on type 'never'.
src/hooks/usePaymentTracking.ts(143,33): error TS2339: Property 'stable' does not exist on type 'never'.
src/hooks/usePaymentTracking.ts(144,41): error TS2339: Property 'updated_at' does not exist on type 'never'.
src/hooks/usePaymentTracking.ts(144,63): error TS2339: Property 'created_at' does not exist on type 'never'.
src/hooks/usePaymentTracking.ts(145,36): error TS2339: Property 'feil_arsak' does not exist on type 'never'.
src/hooks/usePaymentTracking.ts(152,47): error TS2339: Property 'id' does not exist on type 'never'.
src/hooks/usePaymentTracking.ts(214,47): error TS2339: Property 'status' does not exist on type 'never'.
src/hooks/usePaymentTracking.ts(220,15): error TS2339: Property 'status' does not exist on type 'never'.
src/hooks/usePaymentTracking.ts(220,47): error TS2339: Property 'status' does not exist on type 'never'.
src/hooks/usePaymentTracking.ts(226,47): error TS2339: Property 'status' does not exist on type 'never'.
src/hooks/usePaymentTracking.ts(232,16): error TS2339: Property 'total_belop' does not exist on type 'never'.
src/hooks/useRealTimeChat.ts(84,45): error TS2551: Property 'sender_id' does not exist on type '{ avsender_id: string; content: string; er_lest: boolean | null; id: string; melding_type: "TEXT" | "RENTAL_REQUEST" | "RENTAL_CONFIRMATION" | "SYSTEM" | null; metadata: Json; opprettet_dato: string | null; samtale_id: string; }'. Did you mean 'avsender_id'?
src/hooks/useRealTimeChat.ts(141,24): error TS2551: Property 'sender_id' does not exist on type 'MeldingMedAvsender'. Did you mean 'avsender_id'?
src/hooks/useRealTimeChat.ts(141,64): error TS2339: Property 'is_read' does not exist on type 'MeldingMedAvsender'.
src/hooks/useRealTimePayment.ts(6,23): error TS2344: Type '"payments"' does not satisfy the constraint '"anmeldelser" | "utleie" | "brukere" | "staller" | "base_prices" | "betalinger" | "meldinger" | "samtaler" | "page_views" | "pricing_discounts" | "roadmap_items" | "stallplasser" | ... 5 more ... | { ...; }'.
src/hooks/useRealTimePayment.ts(43,19): error TS2589: Type instantiation is excessively deep and possibly infinite.
src/hooks/useRealTimePayment.ts(44,15): error TS2769: No overload matches this call.
  Overload 1 of 2, '(relation: "anmeldelser" | "utleie" | "brukere" | "staller" | "base_prices" | "betalinger" | "meldinger" | "samtaler" | "page_views" | "pricing_discounts" | "roadmap_items" | "stallplasser" | ... 4 more ... | "stallplass_fasiliteter"): PostgrestQueryBuilder<...>', gave the following error.
    Argument of type '"payments"' is not assignable to parameter of type '"anmeldelser" | "utleie" | "brukere" | "staller" | "base_prices" | "betalinger" | "meldinger" | "samtaler" | "page_views" | "pricing_discounts" | "roadmap_items" | "stallplasser" | ... 4 more ... | "stallplass_fasiliteter"'.
  Overload 2 of 2, '(relation: never): PostgrestQueryBuilder<{ Tables: { anmeldelser: { Row: { anmelder_id: string; anmeldt_id: string; anmeldt_type: "RENTER" | "STABLE_OWNER"; comment: string | null; er_moderert: boolean | null; ... 12 more ...; utleie_id: string; }; Insert: { ...; }; Update: { ...; }; Relationships: [...]; }; ... 15 more ...; utleie: { ...; }; }; Views: {}; Functions: {}; Enums: { ...; }; CompositeTypes: {}; }, never, never, never>', gave the following error.
    Argument of type '"payments"' is not assignable to parameter of type 'never'.
src/hooks/useRealTimePayment.ts(72,18): error TS2345: Argument of type 'ResultOne' is not assignable to parameter of type 'SetStateAction<null>'.
src/hooks/useRealTimePayment.ts(76,33): error TS2339: Property 'status' does not exist on type 'ResultOne'.
src/hooks/useRealTimePayment.ts(76,106): error TS2339: Property 'status' does not exist on type 'ResultOne'.
src/hooks/useRealTimePayment.ts(134,23): error TS2339: Property 'status' does not exist on type 'never'.
src/hooks/useRealTimePayment.ts(134,99): error TS2339: Property 'status' does not exist on type 'never'.
src/hooks/useRealTimePayment.ts(147,19): error TS2339: Property 'status' does not exist on type 'never'.
src/hooks/useRealTimePayment.ts(147,72): error TS2339: Property 'status' does not exist on type 'never'.
src/hooks/useRealTimePayment.ts(157,93): error TS2339: Property 'status' does not exist on type 'never'.
src/hooks/useRealTimePayment.ts(166,19): error TS2339: Property 'vipps_ordre_id' does not exist on type 'never'.
src/hooks/useRealTimePayment.ts(175,33): error TS2339: Property 'vipps_ordre_id' does not exist on type 'never'.
src/hooks/useRealTimePayment.ts(189,16): error TS2339: Property 'vipps_ordre_id' does not exist on type 'never'.
src/hooks/useRealTimePayment.ts(193,29): error TS2339: Property 'status' does not exist on type 'never'.
src/hooks/useRealTimePayment.ts(205,30): error TS2339: Property 'id' does not exist on type 'never'.
src/hooks/useRealTimePayment.ts(225,33): error TS2339: Property 'status' does not exist on type 'never'.
src/hooks/useRealTimePayment.ts(226,71): error TS2339: Property 'status' does not exist on type 'never'.
src/hooks/useRealTimePayment.ts(229,33): error TS2339: Property 'status' does not exist on type 'never'.
src/hooks/useRealTimePayment.ts(232,29): error TS2339: Property 'status' does not exist on type 'never'.
src/hooks/useRealTimePayment.ts(232,79): error TS2339: Property 'status' does not exist on type 'never'.
src/hooks/useRealTimePayment.ts(235,30): error TS2339: Property 'status' does not exist on type 'never'.
src/hooks/useRealTimePayment.ts(235,82): error TS2339: Property 'status' does not exist on type 'never'.
src/hooks/useRealTimeRentals.ts(8,10): error TS1205: Re-exporting a type when 'isolatedModules' is enabled requires using 'export type'.
src/hooks/useRealTimeRentals.ts(8,28): error TS1205: Re-exporting a type when 'isolatedModules' is enabled requires using 'export type'.
src/hooks/useRealTimeStaller.ts(88,79): error TS2339: Property 'is_available' does not exist on type '{ bilde_beskrivelser: string[] | null; description: string | null; er_aktiv: boolean | null; er_innendors: boolean | null; er_sponset: boolean | null; er_tilgjengelig: boolean | null; ... 15 more ...; stallplass_type: "BOKS" | ... 1 more ... | null; }'.
src/hooks/useRealTimeStaller.ts(89,61): error TS2339: Property 'price' does not exist on type '{ bilde_beskrivelser: string[] | null; description: string | null; er_aktiv: boolean | null; er_innendors: boolean | null; er_sponset: boolean | null; er_tilgjengelig: boolean | null; ... 15 more ...; stallplass_type: "BOKS" | ... 1 more ... | null; }'.
src/hooks/useRealTimeStaller.ts(161,81): error TS2339: Property 'is_available' does not exist on type '{ bilde_beskrivelser: string[] | null; description: string | null; er_aktiv: boolean | null; er_innendors: boolean | null; er_sponset: boolean | null; er_tilgjengelig: boolean | null; ... 15 more ...; stallplass_type: "BOKS" | ... 1 more ... | null; }'.
src/hooks/useRealTimeStaller.ts(162,63): error TS2339: Property 'price' does not exist on type '{ bilde_beskrivelser: string[] | null; description: string | null; er_aktiv: boolean | null; er_innendors: boolean | null; er_sponset: boolean | null; er_tilgjengelig: boolean | null; ... 15 more ...; stallplass_type: "BOKS" | ... 1 more ... | null; }'.
src/hooks/useRealTimeStaller.ts(214,104): error TS2339: Property 'stable_amenity_links' does not exist on type '{ anmeldelser: { Row: { anmelder_id: string; anmeldt_id: string; anmeldt_type: "RENTER" | "STABLE_OWNER"; comment: string | null; er_moderert: boolean | null; er_offentlig: boolean | null; ... 11 more ...; utleie_id: string; }; Insert: { ...; }; Update: { ...; }; Relationships: [...]; }; ... 15 more ...; utleie: { ....'.
src/hooks/useRealTimeStaller.ts(214,177): error TS2339: Property 'stable_amenity_links' does not exist on type '{ anmeldelser: { Row: { anmelder_id: string; anmeldt_id: string; anmeldt_type: "RENTER" | "STABLE_OWNER"; comment: string | null; er_moderert: boolean | null; er_offentlig: boolean | null; ... 11 more ...; utleie_id: string; }; Insert: { ...; }; Update: { ...; }; Relationships: [...]; }; ... 15 more ...; utleie: { ....'.
src/hooks/useRealTimeStallplasser.ts(161,54): error TS2345: Argument of type '(utleie: { stallplass_id: string; status: string; id: string; }) => void' is not assignable to parameter of type '(rental: { box_id: string; status: string; id: string; }) => void'.
  Types of parameters 'utleie' and 'rental' are incompatible.
    Property 'stallplass_id' is missing in type '{ box_id: string; status: string; id: string; }' but required in type '{ stallplass_id: string; status: string; id: string; }'.
src/hooks/useRealTimeStallplasser.ts(272,52): error TS2345: Argument of type '(stallplass: { id: string; er_sponset: boolean; sponset_til: string | null; }) => void' is not assignable to parameter of type '(box: { id: string; is_sponsored: boolean; sponsored_until: string | null; }) => void'.
  Types of parameters 'stallplass' and 'box' are incompatible.
    Type '{ id: string; is_sponsored: boolean; sponsored_until: string | null; }' is missing the following properties from type '{ id: string; er_sponset: boolean; sponset_til: string | null; }': er_sponset, sponset_til
src/hooks/useRealTimeStallplasser.ts(319,48): error TS2345: Argument of type '(utleie: { stallplass_id: string; status: string; id: string; }) => void' is not assignable to parameter of type '(rental: { box_id: string; status: string; id: string; }) => void'.
  Types of parameters 'utleie' and 'rental' are incompatible.
    Property 'stallplass_id' is missing in type '{ box_id: string; status: string; id: string; }' but required in type '{ stallplass_id: string; status: string; id: string; }'.
src/hooks/useRealTimeUtleie.ts(98,23): error TS2339: Property 'box_id' does not exist on type 'RentalWithRelations'.
src/hooks/useRealTimeUtleie.ts(98,43): error TS2339: Property 'box_id' does not exist on type 'RentalWithRelations'.
src/hooks/useRealTimeUtleie.ts(99,18): error TS2339: Property 'box_id' does not exist on type 'RentalWithRelations'.
src/hooks/useRealTimeUtleie.ts(167,9): error TS2339: Property 'box_id' does not exist on type 'RentalWithRelations'.
src/hooks/useRealTimeUtleie.ts(406,34): error TS2339: Property 'box_id' does not exist on type 'RentalWithRelations'.
src/hooks/useStableOwnerRealTime.ts(19,22): error TS2344: Type '"rentals"' does not satisfy the constraint '"anmeldelser" | "utleie" | "brukere" | "staller" | "base_prices" | "betalinger" | "meldinger" | "samtaler" | "page_views" | "pricing_discounts" | "roadmap_items" | "stallplasser" | ... 5 more ... | { ...; }'.
src/hooks/useStableOwnerRealTime.ts(20,23): error TS2344: Type '"payments"' does not satisfy the constraint '"anmeldelser" | "utleie" | "brukere" | "staller" | "base_prices" | "betalinger" | "meldinger" | "samtaler" | "page_views" | "pricing_discounts" | "roadmap_items" | "stallplasser" | ... 5 more ... | { ...; }'.
src/hooks/useStableOwnerRealTime.ts(77,29): error TS2339: Property 'id' does not exist on type 'never'.
src/hooks/useStableOwnerRealTime.ts(78,25): error TS2698: Spread types may only be created from object types.
src/hooks/useStableOwnerRealTime.ts(82,61): error TS2339: Property 'id' does not exist on type 'never'.
src/hooks/useStableOwnerRealTime.ts(106,65): error TS2345: Argument of type '(rental: Rental, eventType: "INSERT" | "UPDATE" | "DELETE") => void' is not assignable to parameter of type '(rental: { id: string; leietaker_id: string; maanedlig_pris: number; oppdatert_dato: string | null; opprettet_dato: string | null; samtale_id: string; slutt_dato: string | null; stall_id: string; stallplass_id: string; start_dato: string; status: "CANCELLED" | ... 2 more ... | null; }, eventType: "DELETE" | ... 1 mo...'.
  Types of parameters 'rental' and 'rental' are incompatible.
    Type '{ id: string; leietaker_id: string; maanedlig_pris: number; oppdatert_dato: string | null; opprettet_dato: string | null; samtale_id: string; slutt_dato: string | null; stall_id: string; stallplass_id: string; start_dato: string; status: "CANCELLED" | ... 2 more ... | null; }' is not assignable to type 'never'.
src/hooks/useStableOwnerRealTime.ts(161,28): error TS2339: Property 'id' does not exist on type 'never'.
src/hooks/useStableOwnerRealTime.ts(162,23): error TS2698: Spread types may only be created from object types.
src/hooks/useStableOwnerRealTime.ts(180,66): error TS2345: Argument of type '(payment: Payment, eventType: "INSERT" | "UPDATE") => void' is not assignable to parameter of type '(payment: { amount: number; betalingsmetode: "VIPPS" | "CARD" | "BYPASS" | null; betalt_dato: string | null; bruker_id: string; discount: number | null; feil_arsak: string | null; feilet_dato: string | null; ... 10 more ...; vipps_referanse: string | null; }, eventType: "INSERT" | "UPDATE") => void'.
  Types of parameters 'payment' and 'payment' are incompatible.
    Type '{ amount: number; betalingsmetode: "VIPPS" | "CARD" | "BYPASS" | null; betalt_dato: string | null; bruker_id: string; discount: number | null; feil_arsak: string | null; feilet_dato: string | null; ... 10 more ...; vipps_referanse: string | null; }' is not assignable to type 'never'.
src/hooks/useStableQueries.ts(71,23): error TS2339: Property 'location' does not exist on type 'StallSkefilter'.
src/hooks/useStableQueries.ts(72,22): error TS2551: Property 'minPrice' does not exist on type 'StallSkefilter'. Did you mean 'minPris'?
src/hooks/useStableQueries.ts(73,22): error TS2551: Property 'maxPrice' does not exist on type 'StallSkefilter'. Did you mean 'maxPris'?
src/hooks/useStableQueries.ts(74,29): error TS2339: Property 'amenityIds' does not exist on type 'StallSkefilter'.
src/hooks/useStableQueries.ts(75,43): error TS2339: Property 'hasAvailableBoxes' does not exist on type 'StallSkefilter'.
src/hooks/useStallplassQueries.ts(11,48): error TS2339: Property 'boxes' does not exist on type '{ anmeldelser: { Row: { anmelder_id: string; anmeldt_id: string; anmeldt_type: "RENTER" | "STABLE_OWNER"; comment: string | null; er_moderert: boolean | null; er_offentlig: boolean | null; ... 11 more ...; utleie_id: string; }; Insert: { ...; }; Update: { ...; }; Relationships: [...]; }; ... 15 more ...; utleie: { ....'.
src/hooks/useStallplassQueries.ts(13,40): error TS2339: Property 'stables' does not exist on type '{ anmeldelser: { Row: { anmelder_id: string; anmeldt_id: string; anmeldt_type: "RENTER" | "STABLE_OWNER"; comment: string | null; er_moderert: boolean | null; er_offentlig: boolean | null; ... 11 more ...; utleie_id: string; }; Insert: { ...; }; Update: { ...; }; Relationships: [...]; }; ... 15 more ...; utleie: { ....'.
src/hooks/useStallplassQueries.ts(24,15): error TS2769: No overload matches this call.
  Overload 1 of 2, '(relation: "utleie" | "brukere" | "staller" | "samtaler" | "stallplasser" | "stall_fasiliteter" | "stallplass_fasiliteter" | "anmeldelser" | "base_prices" | "betalinger" | "meldinger" | ... 5 more ... | "stallplass_fasilitet_lenker"): PostgrestQueryBuilder<...>', gave the following error.
    Argument of type '"boxes"' is not assignable to parameter of type '"utleie" | "brukere" | "staller" | "samtaler" | "stallplasser" | "stall_fasiliteter" | "stallplass_fasiliteter" | "anmeldelser" | "base_prices" | "betalinger" | "meldinger" | ... 5 more ... | "stallplass_fasilitet_lenker"'.
  Overload 2 of 2, '(relation: never): PostgrestQueryBuilder<{ Tables: { anmeldelser: { Row: { anmelder_id: string; anmeldt_id: string; anmeldt_type: "RENTER" | "STABLE_OWNER"; comment: string | null; er_moderert: boolean | null; ... 12 more ...; utleie_id: string; }; Insert: { ...; }; Update: { ...; }; Relationships: [...]; }; ... 15 more ...; utleie: { ...; }; }; Views: {}; Functions: {}; Enums: { ...; }; CompositeTypes: {}; }, never, never, never>', gave the following error.
    Argument of type '"boxes"' is not assignable to parameter of type 'never'.
src/hooks/useStallplassQueries.ts(50,15): error TS2769: No overload matches this call.
  Overload 1 of 2, '(relation: "utleie" | "brukere" | "staller" | "samtaler" | "stallplasser" | "stall_fasiliteter" | "stallplass_fasiliteter" | "anmeldelser" | "base_prices" | "betalinger" | "meldinger" | ... 5 more ... | "stallplass_fasilitet_lenker"): PostgrestQueryBuilder<...>', gave the following error.
    Argument of type '"boxes"' is not assignable to parameter of type '"utleie" | "brukere" | "staller" | "samtaler" | "stallplasser" | "stall_fasiliteter" | "stallplass_fasiliteter" | "anmeldelser" | "base_prices" | "betalinger" | "meldinger" | ... 5 more ... | "stallplass_fasilitet_lenker"'.
  Overload 2 of 2, '(relation: never): PostgrestQueryBuilder<{ Tables: { anmeldelser: { Row: { anmelder_id: string; anmeldt_id: string; anmeldt_type: "RENTER" | "STABLE_OWNER"; comment: string | null; er_moderert: boolean | null; ... 12 more ...; utleie_id: string; }; Insert: { ...; }; Update: { ...; }; Relationships: [...]; }; ... 15 more ...; utleie: { ...; }; }; Views: {}; Functions: {}; Enums: { ...; }; CompositeTypes: {}; }, never, never, never>', gave the following error.
    Argument of type '"boxes"' is not assignable to parameter of type 'never'.
src/hooks/useStallplassQueries.ts(78,15): error TS2769: No overload matches this call.
  Overload 1 of 2, '(relation: "utleie" | "brukere" | "staller" | "samtaler" | "stallplasser" | "stall_fasiliteter" | "stallplass_fasiliteter" | "anmeldelser" | "base_prices" | "betalinger" | "meldinger" | ... 5 more ... | "stallplass_fasilitet_lenker"): PostgrestQueryBuilder<...>', gave the following error.
    Argument of type '"boxes"' is not assignable to parameter of type '"utleie" | "brukere" | "staller" | "samtaler" | "stallplasser" | "stall_fasiliteter" | "stallplass_fasiliteter" | "anmeldelser" | "base_prices" | "betalinger" | "meldinger" | ... 5 more ... | "stallplass_fasilitet_lenker"'.
  Overload 2 of 2, '(relation: never): PostgrestQueryBuilder<{ Tables: { anmeldelser: { Row: { anmelder_id: string; anmeldt_id: string; anmeldt_type: "RENTER" | "STABLE_OWNER"; comment: string | null; er_moderert: boolean | null; ... 12 more ...; utleie_id: string; }; Insert: { ...; }; Update: { ...; }; Relationships: [...]; }; ... 15 more ...; utleie: { ...; }; }; Views: {}; Functions: {}; Enums: { ...; }; CompositeTypes: {}; }, never, never, never>', gave the following error.
    Argument of type '"boxes"' is not assignable to parameter of type 'never'.
src/hooks/useStallplassQueries.ts(123,15): error TS2769: No overload matches this call.
  Overload 1 of 2, '(relation: "utleie" | "brukere" | "staller" | "samtaler" | "stallplasser" | "stall_fasiliteter" | "stallplass_fasiliteter" | "anmeldelser" | "base_prices" | "betalinger" | "meldinger" | ... 5 more ... | "stallplass_fasilitet_lenker"): PostgrestQueryBuilder<...>', gave the following error.
    Argument of type '"boxes"' is not assignable to parameter of type '"utleie" | "brukere" | "staller" | "samtaler" | "stallplasser" | "stall_fasiliteter" | "stallplass_fasiliteter" | "anmeldelser" | "base_prices" | "betalinger" | "meldinger" | ... 5 more ... | "stallplass_fasilitet_lenker"'.
  Overload 2 of 2, '(relation: never): PostgrestQueryBuilder<{ Tables: { anmeldelser: { Row: { anmelder_id: string; anmeldt_id: string; anmeldt_type: "RENTER" | "STABLE_OWNER"; comment: string | null; er_moderert: boolean | null; ... 12 more ...; utleie_id: string; }; Insert: { ...; }; Update: { ...; }; Relationships: [...]; }; ... 15 more ...; utleie: { ...; }; }; Views: {}; Functions: {}; Enums: { ...; }; CompositeTypes: {}; }, never, never, never>', gave the following error.
    Argument of type '"boxes"' is not assignable to parameter of type 'never'.
src/hooks/useStallplassQueries.ts(144,15): error TS2769: No overload matches this call.
  Overload 1 of 2, '(relation: "utleie" | "brukere" | "staller" | "samtaler" | "stallplasser" | "stall_fasiliteter" | "stallplass_fasiliteter" | "anmeldelser" | "base_prices" | "betalinger" | "meldinger" | ... 5 more ... | "stallplass_fasilitet_lenker"): PostgrestQueryBuilder<...>', gave the following error.
    Argument of type '"boxes"' is not assignable to parameter of type '"utleie" | "brukere" | "staller" | "samtaler" | "stallplasser" | "stall_fasiliteter" | "stallplass_fasiliteter" | "anmeldelser" | "base_prices" | "betalinger" | "meldinger" | ... 5 more ... | "stallplass_fasilitet_lenker"'.
  Overload 2 of 2, '(relation: never): PostgrestQueryBuilder<{ Tables: { anmeldelser: { Row: { anmelder_id: string; anmeldt_id: string; anmeldt_type: "RENTER" | "STABLE_OWNER"; comment: string | null; er_moderert: boolean | null; ... 12 more ...; utleie_id: string; }; Insert: { ...; }; Update: { ...; }; Relationships: [...]; }; ... 15 more ...; utleie: { ...; }; }; Views: {}; Functions: {}; Enums: { ...; }; CompositeTypes: {}; }, never, never, never>', gave the following error.
    Argument of type '"boxes"' is not assignable to parameter of type 'never'.
src/hooks/useStallQueries.ts(6,43): error TS2339: Property 'stables' does not exist on type '{ anmeldelser: { Row: { anmelder_id: string; anmeldt_id: string; anmeldt_type: "RENTER" | "STABLE_OWNER"; comment: string | null; er_moderert: boolean | null; er_offentlig: boolean | null; ... 11 more ...; utleie_id: string; }; Insert: { ...; }; Update: { ...; }; Relationships: [...]; }; ... 15 more ...; utleie: { ....'.
src/hooks/useStallQueries.ts(7,54): error TS2339: Property 'stable_amenities' does not exist on type '{ anmeldelser: { Row: { anmelder_id: string; anmeldt_id: string; anmeldt_type: "RENTER" | "STABLE_OWNER"; comment: string | null; er_moderert: boolean | null; er_offentlig: boolean | null; ... 11 more ...; utleie_id: string; }; Insert: { ...; }; Update: { ...; }; Relationships: [...]; }; ... 15 more ...; utleie: { ....'.
src/hooks/useStallQueries.ts(8,48): error TS2339: Property 'boxes' does not exist on type '{ anmeldelser: { Row: { anmelder_id: string; anmeldt_id: string; anmeldt_type: "RENTER" | "STABLE_OWNER"; comment: string | null; er_moderert: boolean | null; er_offentlig: boolean | null; ... 11 more ...; utleie_id: string; }; Insert: { ...; }; Update: { ...; }; Relationships: [...]; }; ... 15 more ...; utleie: { ....'.
src/hooks/useStallQueries.ts(9,44): error TS2339: Property 'users' does not exist on type '{ anmeldelser: { Row: { anmelder_id: string; anmeldt_id: string; anmeldt_type: "RENTER" | "STABLE_OWNER"; comment: string | null; er_moderert: boolean | null; er_offentlig: boolean | null; ... 11 more ...; utleie_id: string; }; Insert: { ...; }; Update: { ...; }; Relationships: [...]; }; ... 15 more ...; utleie: { ....'.
src/hooks/useStallQueries.ts(15,78): error TS2339: Property 'box_amenities' does not exist on type '{ anmeldelser: { Row: { anmelder_id: string; anmeldt_id: string; anmeldt_type: "RENTER" | "STABLE_OWNER"; comment: string | null; er_moderert: boolean | null; er_offentlig: boolean | null; ... 11 more ...; utleie_id: string; }; Insert: { ...; }; Update: { ...; }; Relationships: [...]; }; ... 15 more ...; utleie: { ....'.
src/hooks/useStallQueries.ts(16,39): error TS2339: Property 'stable_faqs' does not exist on type '{ anmeldelser: { Row: { anmelder_id: string; anmeldt_id: string; anmeldt_type: "RENTER" | "STABLE_OWNER"; comment: string | null; er_moderert: boolean | null; er_offentlig: boolean | null; ... 11 more ...; utleie_id: string; }; Insert: { ...; }; Update: { ...; }; Relationships: [...]; }; ... 15 more ...; utleie: { ....'.
src/hooks/useStallQueries.ts(49,15): error TS2769: No overload matches this call.
  Overload 1 of 2, '(relation: "utleie" | "brukere" | "staller" | "samtaler" | "stallplasser" | "stall_fasiliteter" | "stallplass_fasiliteter" | "anmeldelser" | "base_prices" | "betalinger" | "meldinger" | ... 5 more ... | "stallplass_fasilitet_lenker"): PostgrestQueryBuilder<...>', gave the following error.
    Argument of type '"stables"' is not assignable to parameter of type '"utleie" | "brukere" | "staller" | "samtaler" | "stallplasser" | "stall_fasiliteter" | "stallplass_fasiliteter" | "anmeldelser" | "base_prices" | "betalinger" | "meldinger" | ... 5 more ... | "stallplass_fasilitet_lenker"'.
  Overload 2 of 2, '(relation: never): PostgrestQueryBuilder<{ Tables: { anmeldelser: { Row: { anmelder_id: string; anmeldt_id: string; anmeldt_type: "RENTER" | "STABLE_OWNER"; comment: string | null; er_moderert: boolean | null; ... 12 more ...; utleie_id: string; }; Insert: { ...; }; Update: { ...; }; Relationships: [...]; }; ... 15 more ...; utleie: { ...; }; }; Views: {}; Functions: {}; Enums: { ...; }; CompositeTypes: {}; }, never, never, never>', gave the following error.
    Argument of type '"stables"' is not assignable to parameter of type 'never'.
src/hooks/useStallQueries.ts(82,15): error TS2769: No overload matches this call.
  Overload 1 of 2, '(relation: "utleie" | "brukere" | "staller" | "samtaler" | "stallplasser" | "stall_fasiliteter" | "stallplass_fasiliteter" | "anmeldelser" | "base_prices" | "betalinger" | "meldinger" | ... 5 more ... | "stallplass_fasilitet_lenker"): PostgrestQueryBuilder<...>', gave the following error.
    Argument of type '"stables"' is not assignable to parameter of type '"utleie" | "brukere" | "staller" | "samtaler" | "stallplasser" | "stall_fasiliteter" | "stallplass_fasiliteter" | "anmeldelser" | "base_prices" | "betalinger" | "meldinger" | ... 5 more ... | "stallplass_fasilitet_lenker"'.
  Overload 2 of 2, '(relation: never): PostgrestQueryBuilder<{ Tables: { anmeldelser: { Row: { anmelder_id: string; anmeldt_id: string; anmeldt_type: "RENTER" | "STABLE_OWNER"; comment: string | null; er_moderert: boolean | null; ... 12 more ...; utleie_id: string; }; Insert: { ...; }; Update: { ...; }; Relationships: [...]; }; ... 15 more ...; utleie: { ...; }; }; Views: {}; Functions: {}; Enums: { ...; }; CompositeTypes: {}; }, never, never, never>', gave the following error.
    Argument of type '"stables"' is not assignable to parameter of type 'never'.
src/hooks/useStallQueries.ts(115,15): error TS2769: No overload matches this call.
  Overload 1 of 2, '(relation: "utleie" | "brukere" | "staller" | "samtaler" | "stallplasser" | "stall_fasiliteter" | "stallplass_fasiliteter" | "anmeldelser" | "base_prices" | "betalinger" | "meldinger" | ... 5 more ... | "stallplass_fasilitet_lenker"): PostgrestQueryBuilder<...>', gave the following error.
    Argument of type '"stables"' is not assignable to parameter of type '"utleie" | "brukere" | "staller" | "samtaler" | "stallplasser" | "stall_fasiliteter" | "stallplass_fasiliteter" | "anmeldelser" | "base_prices" | "betalinger" | "meldinger" | ... 5 more ... | "stallplass_fasilitet_lenker"'.
  Overload 2 of 2, '(relation: never): PostgrestQueryBuilder<{ Tables: { anmeldelser: { Row: { anmelder_id: string; anmeldt_id: string; anmeldt_type: "RENTER" | "STABLE_OWNER"; comment: string | null; er_moderert: boolean | null; ... 12 more ...; utleie_id: string; }; Insert: { ...; }; Update: { ...; }; Relationships: [...]; }; ... 15 more ...; utleie: { ...; }; }; Views: {}; Functions: {}; Enums: { ...; }; CompositeTypes: {}; }, never, never, never>', gave the following error.
    Argument of type '"stables"' is not assignable to parameter of type 'never'.
src/hooks/useStallQueries.ts(135,60): error TS2339: Property 'filter' does not exist on type 'SelectQueryError<"could not find the relation between utleie and boxes"> | SelectQueryError<"could not find the relation between brukere and boxes"> | ... 14 more ... | SelectQueryError<...>'.
  Property 'filter' does not exist on type 'SelectQueryError<"could not find the relation between utleie and boxes">'.
src/hooks/useStallQueries.ts(135,67): error TS7006: Parameter 'stallplass' implicitly has an 'any' type.
src/hooks/useStallQueries.ts(136,41): error TS2339: Property 'map' does not exist on type 'SelectQueryError<"could not find the relation between utleie and boxes"> | SelectQueryError<"could not find the relation between brukere and boxes"> | ... 14 more ... | SelectQueryError<...>'.
  Property 'map' does not exist on type 'SelectQueryError<"could not find the relation between utleie and boxes">'.
src/hooks/useStallQueries.ts(136,45): error TS7006: Parameter 'stallplass' implicitly has an 'any' type.
src/hooks/useStallQueries.ts(136,84): error TS7006: Parameter 'pris' implicitly has an 'any' type.
src/hooks/useStallQueries.ts(166,15): error TS2769: No overload matches this call.
  Overload 1 of 2, '(relation: "utleie" | "brukere" | "staller" | "samtaler" | "stallplasser" | "stall_fasiliteter" | "stallplass_fasiliteter" | "anmeldelser" | "base_prices" | "betalinger" | "meldinger" | ... 5 more ... | "stallplass_fasilitet_lenker"): PostgrestQueryBuilder<...>', gave the following error.
    Argument of type '"stables"' is not assignable to parameter of type '"utleie" | "brukere" | "staller" | "samtaler" | "stallplasser" | "stall_fasiliteter" | "stallplass_fasiliteter" | "anmeldelser" | "base_prices" | "betalinger" | "meldinger" | ... 5 more ... | "stallplass_fasilitet_lenker"'.
  Overload 2 of 2, '(relation: never): PostgrestQueryBuilder<{ Tables: { anmeldelser: { Row: { anmelder_id: string; anmeldt_id: string; anmeldt_type: "RENTER" | "STABLE_OWNER"; comment: string | null; er_moderert: boolean | null; ... 12 more ...; utleie_id: string; }; Insert: { ...; }; Update: { ...; }; Relationships: [...]; }; ... 15 more ...; utleie: { ...; }; }; Views: {}; Functions: {}; Enums: { ...; }; CompositeTypes: {}; }, never, never, never>', gave the following error.
    Argument of type '"stables"' is not assignable to parameter of type 'never'.
src/hooks/useStallQueries.ts(190,45): error TS2769: No overload matches this call.
  Overload 1 of 2, '(relation: "utleie" | "brukere" | "staller" | "samtaler" | "stallplasser" | "stall_fasiliteter" | "stallplass_fasiliteter" | "anmeldelser" | "base_prices" | "betalinger" | "meldinger" | ... 5 more ... | "stallplass_fasilitet_lenker"): PostgrestQueryBuilder<...>', gave the following error.
    Argument of type '"boxes"' is not assignable to parameter of type '"utleie" | "brukere" | "staller" | "samtaler" | "stallplasser" | "stall_fasiliteter" | "stallplass_fasiliteter" | "anmeldelser" | "base_prices" | "betalinger" | "meldinger" | ... 5 more ... | "stallplass_fasilitet_lenker"'.
  Overload 2 of 2, '(relation: never): PostgrestQueryBuilder<{ Tables: { anmeldelser: { Row: { anmelder_id: string; anmeldt_id: string; anmeldt_type: "RENTER" | "STABLE_OWNER"; comment: string | null; er_moderert: boolean | null; ... 12 more ...; utleie_id: string; }; Insert: { ...; }; Update: { ...; }; Relationships: [...]; }; ... 15 more ...; utleie: { ...; }; }; Views: {}; Functions: {}; Enums: { ...; }; CompositeTypes: {}; }, never, never, never>', gave the following error.
    Argument of type '"boxes"' is not assignable to parameter of type 'never'.
src/hooks/useStallQueries.ts(205,89): error TS2339: Property 'stable_id' does not exist on type 'SelectQueryError<"column 'stable_id' does not exist on 'utleie'."> | SelectQueryError<"column 'stable_id' does not exist on 'brukere'."> | ... 14 more ... | SelectQueryError<...>'.
  Property 'stable_id' does not exist on type 'SelectQueryError<"column 'stable_id' does not exist on 'utleie'.">'.
src/hooks/useStallQueries.ts(214,17): error TS2769: No overload matches this call.
  Overload 1 of 2, '(relation: "utleie" | "brukere" | "staller" | "samtaler" | "stallplasser" | "stall_fasiliteter" | "stallplass_fasiliteter" | "anmeldelser" | "base_prices" | "betalinger" | "meldinger" | ... 5 more ... | "stallplass_fasilitet_lenker"): PostgrestQueryBuilder<...>', gave the following error.
    Argument of type '"stable_amenity_links"' is not assignable to parameter of type '"utleie" | "brukere" | "staller" | "samtaler" | "stallplasser" | "stall_fasiliteter" | "stallplass_fasiliteter" | "anmeldelser" | "base_prices" | "betalinger" | "meldinger" | ... 5 more ... | "stallplass_fasilitet_lenker"'.
  Overload 2 of 2, '(relation: never): PostgrestQueryBuilder<{ Tables: { anmeldelser: { Row: { anmelder_id: string; anmeldt_id: string; anmeldt_type: "RENTER" | "STABLE_OWNER"; comment: string | null; er_moderert: boolean | null; ... 12 more ...; utleie_id: string; }; Insert: { ...; }; Update: { ...; }; Relationships: [...]; }; ... 15 more ...; utleie: { ...; }; }; Views: {}; Functions: {}; Enums: { ...; }; CompositeTypes: {}; }, never, never, never>', gave the following error.
    Argument of type '"stable_amenity_links"' is not assignable to parameter of type 'never'.
src/hooks/useStallQueries.ts(220,74): error TS2339: Property 'stable_id' does not exist on type 'SelectQueryError<"column 'stable_id' does not exist on 'utleie'."> | SelectQueryError<"column 'stable_id' does not exist on 'brukere'."> | ... 14 more ... | SelectQueryError<...>'.
  Property 'stable_id' does not exist on type 'SelectQueryError<"column 'stable_id' does not exist on 'utleie'.">'.
src/hooks/useStallQueries.ts(249,15): error TS2769: No overload matches this call.
  Overload 1 of 2, '(relation: "utleie" | "brukere" | "staller" | "samtaler" | "stallplasser" | "stall_fasiliteter" | "stallplass_fasiliteter" | "anmeldelser" | "base_prices" | "betalinger" | "meldinger" | ... 5 more ... | "stallplass_fasilitet_lenker"): PostgrestQueryBuilder<...>', gave the following error.
    Argument of type '"stables"' is not assignable to parameter of type '"utleie" | "brukere" | "staller" | "samtaler" | "stallplasser" | "stall_fasiliteter" | "stallplass_fasiliteter" | "anmeldelser" | "base_prices" | "betalinger" | "meldinger" | ... 5 more ... | "stallplass_fasilitet_lenker"'.
  Overload 2 of 2, '(relation: never): PostgrestQueryBuilder<{ Tables: { anmeldelser: { Row: { anmelder_id: string; anmeldt_id: string; anmeldt_type: "RENTER" | "STABLE_OWNER"; comment: string | null; er_moderert: boolean | null; ... 12 more ...; utleie_id: string; }; Insert: { ...; }; Update: { ...; }; Relationships: [...]; }; ... 15 more ...; utleie: { ...; }; }; Views: {}; Functions: {}; Enums: { ...; }; CompositeTypes: {}; }, never, never, never>', gave the following error.
    Argument of type '"stables"' is not assignable to parameter of type 'never'.
src/hooks/useStallQueries.ts(280,15): error TS2769: No overload matches this call.
  Overload 1 of 2, '(relation: "utleie" | "brukere" | "staller" | "samtaler" | "stallplasser" | "stall_fasiliteter" | "stallplass_fasiliteter" | "anmeldelser" | "base_prices" | "betalinger" | "meldinger" | ... 5 more ... | "stallplass_fasilitet_lenker"): PostgrestQueryBuilder<...>', gave the following error.
    Argument of type '"stables"' is not assignable to parameter of type '"utleie" | "brukere" | "staller" | "samtaler" | "stallplasser" | "stall_fasiliteter" | "stallplass_fasiliteter" | "anmeldelser" | "base_prices" | "betalinger" | "meldinger" | ... 5 more ... | "stallplass_fasilitet_lenker"'.
  Overload 2 of 2, '(relation: never): PostgrestQueryBuilder<{ Tables: { anmeldelser: { Row: { anmelder_id: string; anmeldt_id: string; anmeldt_type: "RENTER" | "STABLE_OWNER"; comment: string | null; er_moderert: boolean | null; ... 12 more ...; utleie_id: string; }; Insert: { ...; }; Update: { ...; }; Relationships: [...]; }; ... 15 more ...; utleie: { ...; }; }; Views: {}; Functions: {}; Enums: { ...; }; CompositeTypes: {}; }, never, never, never>', gave the following error.
    Argument of type '"stables"' is not assignable to parameter of type 'never'.
src/hooks/useUtleieQueries.ts(22,22): error TS2344: Type '"rentals"' does not satisfy the constraint '"utleie" | "brukere" | "staller" | "samtaler" | "stallplasser" | "stall_fasiliteter" | "stallplass_fasiliteter" | { schema: keyof Database; } | "anmeldelser" | "base_prices" | ... 7 more ... | "stallplass_fasilitet_lenker"'.
src/hooks/useUtleieQueries.ts(23,26): error TS2344: Type '"boxes"' does not satisfy the constraint '"utleie" | "brukere" | "staller" | "samtaler" | "stallplasser" | "stall_fasiliteter" | "stallplass_fasiliteter" | { schema: keyof Database; } | "anmeldelser" | "base_prices" | ... 7 more ... | "stallplass_fasilitet_lenker"'.
src/hooks/useUtleieQueries.ts(24,21): error TS2344: Type '"stables"' does not satisfy the constraint '"utleie" | "brukere" | "staller" | "samtaler" | "stallplasser" | "stall_fasiliteter" | "stallplass_fasiliteter" | { schema: keyof Database; } | "anmeldelser" | "base_prices" | ... 7 more ... | "stallplass_fasilitet_lenker"'.
src/hooks/useUtleieQueries.ts(25,22): error TS2344: Type '"users"' does not satisfy the constraint '"utleie" | "brukere" | "staller" | "samtaler" | "stallplasser" | "stall_fasiliteter" | "stallplass_fasiliteter" | { schema: keyof Database; } | "anmeldelser" | "base_prices" | ... 7 more ... | "stallplass_fasilitet_lenker"'.
src/lib/supabase-server.ts(61,13): error TS2769: No overload matches this call.
  Overload 1 of 2, '(relation: "utleie" | "brukere" | "staller" | "samtaler" | "stallplasser" | "stall_fasiliteter" | "stallplass_fasiliteter" | "anmeldelser" | "base_prices" | "betalinger" | "meldinger" | ... 5 more ... | "stallplass_fasilitet_lenker"): PostgrestQueryBuilder<...>', gave the following error.
    Argument of type '"users"' is not assignable to parameter of type '"utleie" | "brukere" | "staller" | "samtaler" | "stallplasser" | "stall_fasiliteter" | "stallplass_fasiliteter" | "anmeldelser" | "base_prices" | "betalinger" | "meldinger" | ... 5 more ... | "stallplass_fasilitet_lenker"'.
  Overload 2 of 2, '(relation: never): PostgrestQueryBuilder<{ Tables: { anmeldelser: { Row: { anmelder_id: string; anmeldt_id: string; anmeldt_type: "RENTER" | "STABLE_OWNER"; comment: string | null; er_moderert: boolean | null; ... 12 more ...; utleie_id: string; }; Insert: { ...; }; Update: { ...; }; Relationships: [...]; }; ... 15 more ...; utleie: { ...; }; }; Views: {}; Functions: {}; Enums: { ...; }; CompositeTypes: {}; }, never, never, never>', gave the following error.
    Argument of type '"users"' is not assignable to parameter of type 'never'.
src/lib/supabase-server.ts(72,13): error TS2769: No overload matches this call.
  Overload 1 of 2, '(relation: "utleie" | "brukere" | "staller" | "samtaler" | "stallplasser" | "stall_fasiliteter" | "stallplass_fasiliteter" | "anmeldelser" | "base_prices" | "betalinger" | "meldinger" | ... 5 more ... | "stallplass_fasilitet_lenker"): PostgrestQueryBuilder<...>', gave the following error.
    Argument of type '"users"' is not assignable to parameter of type '"utleie" | "brukere" | "staller" | "samtaler" | "stallplasser" | "stall_fasiliteter" | "stallplass_fasiliteter" | "anmeldelser" | "base_prices" | "betalinger" | "meldinger" | ... 5 more ... | "stallplass_fasilitet_lenker"'.
  Overload 2 of 2, '(relation: never): PostgrestQueryBuilder<{ Tables: { anmeldelser: { Row: { anmelder_id: string; anmeldt_id: string; anmeldt_type: "RENTER" | "STABLE_OWNER"; comment: string | null; er_moderert: boolean | null; ... 12 more ...; utleie_id: string; }; Insert: { ...; }; Update: { ...; }; Relationships: [...]; }; ... 15 more ...; utleie: { ...; }; }; Views: {}; Functions: {}; Enums: { ...; }; CompositeTypes: {}; }, never, never, never>', gave the following error.
    Argument of type '"users"' is not assignable to parameter of type 'never'.
src/lib/supabase-server.ts(92,17): error TS2769: No overload matches this call.
  Overload 1 of 2, '(relation: "utleie" | "brukere" | "staller" | "samtaler" | "stallplasser" | "stall_fasiliteter" | "stallplass_fasiliteter" | "anmeldelser" | "base_prices" | "betalinger" | "meldinger" | ... 5 more ... | "stallplass_fasilitet_lenker"): PostgrestQueryBuilder<...>', gave the following error.
    Argument of type '"stables"' is not assignable to parameter of type '"utleie" | "brukere" | "staller" | "samtaler" | "stallplasser" | "stall_fasiliteter" | "stallplass_fasiliteter" | "anmeldelser" | "base_prices" | "betalinger" | "meldinger" | ... 5 more ... | "stallplass_fasilitet_lenker"'.
  Overload 2 of 2, '(relation: never): PostgrestQueryBuilder<{ Tables: { anmeldelser: { Row: { anmelder_id: string; anmeldt_id: string; anmeldt_type: "RENTER" | "STABLE_OWNER"; comment: string | null; er_moderert: boolean | null; ... 12 more ...; utleie_id: string; }; Insert: { ...; }; Update: { ...; }; Relationships: [...]; }; ... 15 more ...; utleie: { ...; }; }; Views: {}; Functions: {}; Enums: { ...; }; CompositeTypes: {}; }, never, never, never>', gave the following error.
    Argument of type '"stables"' is not assignable to parameter of type 'never'.
src/lib/supabase-server.ts(94,32): error TS2339: Property 'firebase_id' does not exist on type 'SelectQueryError<"column 'firebase_id' does not exist on 'utleie'."> | SelectQueryError<"column 'firebase_id' does not exist on 'brukere'."> | ... 14 more ... | SelectQueryError<...>'.
  Property 'firebase_id' does not exist on type 'SelectQueryError<"column 'firebase_id' does not exist on 'utleie'.">'.
src/lib/supabase-server.ts(100,17): error TS2769: No overload matches this call.
  Overload 1 of 2, '(relation: "utleie" | "brukere" | "staller" | "samtaler" | "stallplasser" | "stall_fasiliteter" | "stallplass_fasiliteter" | "anmeldelser" | "base_prices" | "betalinger" | "meldinger" | ... 5 more ... | "stallplass_fasilitet_lenker"): PostgrestQueryBuilder<...>', gave the following error.
    Argument of type '"rentals"' is not assignable to parameter of type '"utleie" | "brukere" | "staller" | "samtaler" | "stallplasser" | "stall_fasiliteter" | "stallplass_fasiliteter" | "anmeldelser" | "base_prices" | "betalinger" | "meldinger" | ... 5 more ... | "stallplass_fasilitet_lenker"'.
  Overload 2 of 2, '(relation: never): PostgrestQueryBuilder<{ Tables: { anmeldelser: { Row: { anmelder_id: string; anmeldt_id: string; anmeldt_type: "RENTER" | "STABLE_OWNER"; comment: string | null; er_moderert: boolean | null; ... 12 more ...; utleie_id: string; }; Insert: { ...; }; Update: { ...; }; Relationships: [...]; }; ... 15 more ...; utleie: { ...; }; }; Views: {}; Functions: {}; Enums: { ...; }; CompositeTypes: {}; }, never, never, never>', gave the following error.
    Argument of type '"rentals"' is not assignable to parameter of type 'never'.
src/lib/supabase-server.ts(102,32): error TS2339: Property 'firebase_id' does not exist on type 'SelectQueryError<"column 'firebase_id' does not exist on 'utleie'."> | SelectQueryError<"column 'firebase_id' does not exist on 'brukere'."> | ... 14 more ... | SelectQueryError<...>'.
  Property 'firebase_id' does not exist on type 'SelectQueryError<"column 'firebase_id' does not exist on 'utleie'.">'.
src/lib/supabase-server.ts(107,11): error TS2698: Spread types may only be created from object types.
src/lib/supabase-server.ts(121,13): error TS2769: No overload matches this call.
  Overload 1 of 2, '(relation: "utleie" | "brukere" | "staller" | "samtaler" | "stallplasser" | "stall_fasiliteter" | "stallplass_fasiliteter" | "anmeldelser" | "base_prices" | "betalinger" | "meldinger" | ... 5 more ... | "stallplass_fasilitet_lenker"): PostgrestQueryBuilder<...>', gave the following error.
    Argument of type '"users"' is not assignable to parameter of type '"utleie" | "brukere" | "staller" | "samtaler" | "stallplasser" | "stall_fasiliteter" | "stallplass_fasiliteter" | "anmeldelser" | "base_prices" | "betalinger" | "meldinger" | ... 5 more ... | "stallplass_fasilitet_lenker"'.
  Overload 2 of 2, '(relation: never): PostgrestQueryBuilder<{ Tables: { anmeldelser: { Row: { anmelder_id: string; anmeldt_id: string; anmeldt_type: "RENTER" | "STABLE_OWNER"; comment: string | null; er_moderert: boolean | null; ... 12 more ...; utleie_id: string; }; Insert: { ...; }; Update: { ...; }; Relationships: [...]; }; ... 15 more ...; utleie: { ...; }; }; Views: {}; Functions: {}; Enums: { ...; }; CompositeTypes: {}; }, never, never, never>', gave the following error.
    Argument of type '"users"' is not assignable to parameter of type 'never'.
src/lib/supabase-server.ts(122,17): error TS2353: Object literal may only specify known properties, and 'is_admin' does not exist in type '{ anmelder_id?: string | undefined; anmeldt_id?: string | undefined; anmeldt_type?: "RENTER" | "STABLE_OWNER" | undefined; comment?: string | null | undefined; er_moderert?: boolean | null | undefined; ... 12 more ...; utleie_id?: string | undefined; } | ... 15 more ... | { ...; }'.
src/lib/supabase-server.ts(134,13): error TS2769: No overload matches this call.
  Overload 1 of 2, '(relation: "utleie" | "brukere" | "staller" | "samtaler" | "stallplasser" | "stall_fasiliteter" | "stallplass_fasiliteter" | "anmeldelser" | "base_prices" | "betalinger" | "meldinger" | ... 5 more ... | "stallplass_fasilitet_lenker"): PostgrestQueryBuilder<...>', gave the following error.
    Argument of type '"payments"' is not assignable to parameter of type '"utleie" | "brukere" | "staller" | "samtaler" | "stallplasser" | "stall_fasiliteter" | "stallplass_fasiliteter" | "anmeldelser" | "base_prices" | "betalinger" | "meldinger" | ... 5 more ... | "stallplass_fasilitet_lenker"'.
  Overload 2 of 2, '(relation: never): PostgrestQueryBuilder<{ Tables: { anmeldelser: { Row: { anmelder_id: string; anmeldt_id: string; anmeldt_type: "RENTER" | "STABLE_OWNER"; comment: string | null; er_moderert: boolean | null; ... 12 more ...; utleie_id: string; }; Insert: { ...; }; Update: { ...; }; Relationships: [...]; }; ... 15 more ...; utleie: { ...; }; }; Views: {}; Functions: {}; Enums: { ...; }; CompositeTypes: {}; }, never, never, never>', gave the following error.
    Argument of type '"payments"' is not assignable to parameter of type 'never'.
src/services/amenity-service.ts(9,11): error TS2769: No overload matches this call.
  Overload 1 of 2, '(relation: "utleie" | "brukere" | "staller" | "samtaler" | "stallplasser" | "stall_fasiliteter" | "stallplass_fasiliteter" | "anmeldelser" | "base_prices" | "betalinger" | "meldinger" | ... 5 more ... | "stallplass_fasilitet_lenker"): PostgrestQueryBuilder<...>', gave the following error.
    Argument of type '"stable_amenities"' is not assignable to parameter of type '"utleie" | "brukere" | "staller" | "samtaler" | "stallplasser" | "stall_fasiliteter" | "stallplass_fasiliteter" | "anmeldelser" | "base_prices" | "betalinger" | "meldinger" | ... 5 more ... | "stallplass_fasilitet_lenker"'.
  Overload 2 of 2, '(relation: never): PostgrestQueryBuilder<{ Tables: { anmeldelser: { Row: { anmelder_id: string; anmeldt_id: string; anmeldt_type: "RENTER" | "STABLE_OWNER"; comment: string | null; er_moderert: boolean | null; ... 12 more ...; utleie_id: string; }; Insert: { ...; }; Update: { ...; }; Relationships: [...]; }; ... 15 more ...; utleie: { ...; }; }; Views: {}; Functions: {}; Enums: { ...; }; CompositeTypes: {}; }, never, never, never>', gave the following error.
    Argument of type '"stable_amenities"' is not assignable to parameter of type 'never'.
src/services/amenity-service.ts(14,3): error TS2322: Type '({ bilde_beskrivelser: string[] | null; description: string | null; er_aktiv: boolean | null; er_innendors: boolean | null; er_sponset: boolean | null; er_tilgjengelig: boolean | null; ... 15 more ...; stallplass_type: "BOKS" | ... 1 more ... | null; } | ... 15 more ... | { ...; })[]' is not assignable to type '{ id: string; name: string; oppdatert_dato: string | null; opprettet_dato: string | null; }[]'.
  Type '{ bilde_beskrivelser: string[] | null; description: string | null; er_aktiv: boolean | null; er_innendors: boolean | null; er_sponset: boolean | null; er_tilgjengelig: boolean | null; ... 15 more ...; stallplass_type: "BOKS" | ... 1 more ... | null; } | ... 15 more ... | { ...; }' is not assignable to type '{ id: string; name: string; oppdatert_dato: string | null; opprettet_dato: string | null; }'.
    Type '{ avatar: string | null; bio: string | null; email: string; er_admin: boolean | null; firebase_id: string; id: string; name: string | null; oppdatert_dato: string | null; opprettet_dato: string | null; phone: string | null; }' is not assignable to type '{ id: string; name: string; oppdatert_dato: string | null; opprettet_dato: string | null; }'.
      Types of property 'name' are incompatible.
        Type 'string | null' is not assignable to type 'string'.
          Type 'null' is not assignable to type 'string'.
src/services/amenity-service.ts(22,11): error TS2769: No overload matches this call.
  Overload 1 of 2, '(relation: "utleie" | "brukere" | "staller" | "samtaler" | "stallplasser" | "stall_fasiliteter" | "stallplass_fasiliteter" | "anmeldelser" | "base_prices" | "betalinger" | "meldinger" | ... 5 more ... | "stallplass_fasilitet_lenker"): PostgrestQueryBuilder<...>', gave the following error.
    Argument of type '"box_amenities"' is not assignable to parameter of type '"utleie" | "brukere" | "staller" | "samtaler" | "stallplasser" | "stall_fasiliteter" | "stallplass_fasiliteter" | "anmeldelser" | "base_prices" | "betalinger" | "meldinger" | ... 5 more ... | "stallplass_fasilitet_lenker"'.
  Overload 2 of 2, '(relation: never): PostgrestQueryBuilder<{ Tables: { anmeldelser: { Row: { anmelder_id: string; anmeldt_id: string; anmeldt_type: "RENTER" | "STABLE_OWNER"; comment: string | null; er_moderert: boolean | null; ... 12 more ...; utleie_id: string; }; Insert: { ...; }; Update: { ...; }; Relationships: [...]; }; ... 15 more ...; utleie: { ...; }; }; Views: {}; Functions: {}; Enums: { ...; }; CompositeTypes: {}; }, never, never, never>', gave the following error.
    Argument of type '"box_amenities"' is not assignable to parameter of type 'never'.
src/services/amenity-service.ts(27,3): error TS2322: Type '({ bilde_beskrivelser: string[] | null; description: string | null; er_aktiv: boolean | null; er_innendors: boolean | null; er_sponset: boolean | null; er_tilgjengelig: boolean | null; ... 15 more ...; stallplass_type: "BOKS" | ... 1 more ... | null; } | ... 15 more ... | { ...; })[]' is not assignable to type '{ id: string; name: string; oppdatert_dato: string | null; opprettet_dato: string | null; }[]'.
  Type '{ bilde_beskrivelser: string[] | null; description: string | null; er_aktiv: boolean | null; er_innendors: boolean | null; er_sponset: boolean | null; er_tilgjengelig: boolean | null; ... 15 more ...; stallplass_type: "BOKS" | ... 1 more ... | null; } | ... 15 more ... | { ...; }' is not assignable to type '{ id: string; name: string; oppdatert_dato: string | null; opprettet_dato: string | null; }'.
    Type '{ avatar: string | null; bio: string | null; email: string; er_admin: boolean | null; firebase_id: string; id: string; name: string | null; oppdatert_dato: string | null; opprettet_dato: string | null; phone: string | null; }' is not assignable to type '{ id: string; name: string; oppdatert_dato: string | null; opprettet_dato: string | null; }'.
      Types of property 'name' are incompatible.
        Type 'string | null' is not assignable to type 'string'.
          Type 'null' is not assignable to type 'string'.
src/services/box-service.ts(11,42): error TS2344: Type '"boxes"' does not satisfy the constraint '"staller" | "stallplasser" | "stall_fasiliteter" | "stallplass_fasiliteter" | "stall_ofte_spurte_sporsmal" | "brukere" | "base_prices" | "anmeldelser" | "betalinger" | "meldinger" | ... 6 more ... | "utleie"'.
src/services/box-service.ts(15,42): error TS2344: Type '"boxes"' does not satisfy the constraint '"staller" | "stallplasser" | "stall_fasiliteter" | "stallplass_fasiliteter" | "stall_ofte_spurte_sporsmal" | "brukere" | "base_prices" | "anmeldelser" | "betalinger" | "meldinger" | ... 6 more ... | "utleie"'.
src/services/box-service.ts(41,11): error TS2769: No overload matches this call.
  Overload 1 of 2, '(relation: "staller" | "stallplasser" | "stall_fasiliteter" | "stallplass_fasiliteter" | "stall_ofte_spurte_sporsmal" | "brukere" | "base_prices" | "anmeldelser" | "betalinger" | ... 7 more ... | "utleie"): PostgrestQueryBuilder<...>', gave the following error.
    Argument of type '"boxes"' is not assignable to parameter of type '"staller" | "stallplasser" | "stall_fasiliteter" | "stallplass_fasiliteter" | "stall_ofte_spurte_sporsmal" | "brukere" | "base_prices" | "anmeldelser" | "betalinger" | "meldinger" | ... 6 more ... | "utleie"'.
  Overload 2 of 2, '(relation: never): PostgrestQueryBuilder<{ Tables: { anmeldelser: { Row: { anmelder_id: string; anmeldt_id: string; anmeldt_type: "RENTER" | "STABLE_OWNER"; comment: string | null; er_moderert: boolean | null; ... 12 more ...; utleie_id: string; }; Insert: { ...; }; Update: { ...; }; Relationships: [...]; }; ... 15 more ...; utleie: { ...; }; }; Views: {}; Functions: {}; Enums: { ...; }; CompositeTypes: {}; }, never, never, never>', gave the following error.
    Argument of type '"boxes"' is not assignable to parameter of type 'never'.
src/services/box-service.ts(44,7): error TS2769: No overload matches this call.
  Overload 1 of 2, '(values: { address?: string | null | undefined; antall_anmeldelser?: number | null | undefined; antall_stallplasser?: number | null | undefined; bilde_beskrivelser?: string[] | null | undefined; ... 20 more ...; reklame_start_dato?: string | ... 1 more ... | undefined; } | ... 15 more ... | { ...; }, options?: { ...; } | undefined): PostgrestFilterBuilder<...>', gave the following error.
    Object literal may only specify known properties, and 'is_available' does not exist in type '{ address?: string | null | undefined; antall_anmeldelser?: number | null | undefined; antall_stallplasser?: number | null | undefined; bilde_beskrivelser?: string[] | null | undefined; ... 20 more ...; reklame_start_dato?: string | ... 1 more ... | undefined; } | ... 15 more ... | { ...; }'.
  Overload 2 of 2, '(values: ({ address?: string | null | undefined; antall_anmeldelser?: number | null | undefined; antall_stallplasser?: number | null | undefined; bilde_beskrivelser?: string[] | null | undefined; ... 20 more ...; reklame_start_dato?: string | ... 1 more ... | undefined; } | ... 15 more ... | { ...; })[], options?: { ...; } | undefined): PostgrestFilterBuilder<...>', gave the following error.
    Object literal may only specify known properties, and 'is_available' does not exist in type '({ address?: string | null | undefined; antall_anmeldelser?: number | null | undefined; antall_stallplasser?: number | null | undefined; bilde_beskrivelser?: string[] | null | undefined; ... 20 more ...; reklame_start_dato?: string | ... 1 more ... | undefined; } | ... 15 more ... | { ...; })[]'.
src/services/box-service.ts(44,29): error TS2339: Property 'is_available' does not exist on type '{}'.
src/services/box-service.ts(45,26): error TS2339: Property 'is_active' does not exist on type '{}'.
src/services/box-service.ts(62,13): error TS2769: No overload matches this call.
  Overload 1 of 2, '(relation: "staller" | "stallplasser" | "stall_fasiliteter" | "stallplass_fasiliteter" | "stall_ofte_spurte_sporsmal" | "brukere" | "base_prices" | "anmeldelser" | "betalinger" | ... 7 more ... | "utleie"): PostgrestQueryBuilder<...>', gave the following error.
    Argument of type '"box_amenity_links"' is not assignable to parameter of type '"staller" | "stallplasser" | "stall_fasiliteter" | "stallplass_fasiliteter" | "stall_ofte_spurte_sporsmal" | "brukere" | "base_prices" | "anmeldelser" | "betalinger" | "meldinger" | ... 6 more ... | "utleie"'.
  Overload 2 of 2, '(relation: never): PostgrestQueryBuilder<{ Tables: { anmeldelser: { Row: { anmelder_id: string; anmeldt_id: string; anmeldt_type: "RENTER" | "STABLE_OWNER"; comment: string | null; er_moderert: boolean | null; ... 12 more ...; utleie_id: string; }; Insert: { ...; }; Update: { ...; }; Relationships: [...]; }; ... 15 more ...; utleie: { ...; }; }; Views: {}; Functions: {}; Enums: { ...; }; CompositeTypes: {}; }, never, never, never>', gave the following error.
    Argument of type '"box_amenity_links"' is not assignable to parameter of type 'never'.
src/services/box-service.ts(63,15): error TS2769: No overload matches this call.
  Overload 1 of 2, '(values: { address?: string | null | undefined; antall_anmeldelser?: number | null | undefined; antall_stallplasser?: number | null | undefined; bilde_beskrivelser?: string[] | null | undefined; ... 20 more ...; reklame_start_dato?: string | ... 1 more ... | undefined; } | ... 15 more ... | { ...; }, options?: { ...; } | undefined): PostgrestFilterBuilder<...>', gave the following error.
    Argument of type '{ box_id: string; amenity_id: string; }[]' is not assignable to parameter of type '{ address?: string | null | undefined; antall_anmeldelser?: number | null | undefined; antall_stallplasser?: number | null | undefined; bilde_beskrivelser?: string[] | null | undefined; ... 20 more ...; reklame_start_dato?: string | ... 1 more ... | undefined; } | ... 15 more ... | { ...; }'.
  Overload 2 of 2, '(values: ({ address?: string | null | undefined; antall_anmeldelser?: number | null | undefined; antall_stallplasser?: number | null | undefined; bilde_beskrivelser?: string[] | null | undefined; ... 20 more ...; reklame_start_dato?: string | ... 1 more ... | undefined; } | ... 15 more ... | { ...; })[], options?: { ...; } | undefined): PostgrestFilterBuilder<...>', gave the following error.
    Argument of type '{ box_id: string; amenity_id: string; }[]' is not assignable to parameter of type '({ address?: string | null | undefined; antall_anmeldelser?: number | null | undefined; antall_stallplasser?: number | null | undefined; bilde_beskrivelser?: string[] | null | undefined; ... 20 more ...; reklame_start_dato?: string | ... 1 more ... | undefined; } | ... 15 more ... | { ...; })[]'.
      Type '{ box_id: string; amenity_id: string; }' is not assignable to type '{ address?: string | null | undefined; antall_anmeldelser?: number | null | undefined; antall_stallplasser?: number | null | undefined; bilde_beskrivelser?: string[] | null | undefined; ... 20 more ...; reklame_start_dato?: string | ... 1 more ... | undefined; } | ... 15 more ... | { ...; }'.
src/services/box-service.ts(67,27): error TS2769: No overload matches this call.
  Overload 1 of 2, '(relation: "staller" | "stallplasser" | "stall_fasiliteter" | "stallplass_fasiliteter" | "stall_ofte_spurte_sporsmal" | "brukere" | "base_prices" | "anmeldelser" | "betalinger" | ... 7 more ... | "utleie"): PostgrestQueryBuilder<...>', gave the following error.
    Argument of type '"boxes"' is not assignable to parameter of type '"staller" | "stallplasser" | "stall_fasiliteter" | "stallplass_fasiliteter" | "stall_ofte_spurte_sporsmal" | "brukere" | "base_prices" | "anmeldelser" | "betalinger" | "meldinger" | ... 6 more ... | "utleie"'.
  Overload 2 of 2, '(relation: never): PostgrestQueryBuilder<{ Tables: { anmeldelser: { Row: { anmelder_id: string; anmeldt_id: string; anmeldt_type: "RENTER" | "STABLE_OWNER"; comment: string | null; er_moderert: boolean | null; ... 12 more ...; utleie_id: string; }; Insert: { ...; }; Update: { ...; }; Relationships: [...]; }; ... 15 more ...; utleie: { ...; }; }; Views: {}; Functions: {}; Enums: { ...; }; CompositeTypes: {}; }, never, never, never>', gave the following error.
    Argument of type '"boxes"' is not assignable to parameter of type 'never'.
src/services/box-service.ts(74,11): error TS2769: No overload matches this call.
  Overload 1 of 2, '(relation: "staller" | "stallplasser" | "stall_fasiliteter" | "stallplass_fasiliteter" | "stall_ofte_spurte_sporsmal" | "brukere" | "base_prices" | "anmeldelser" | "betalinger" | ... 7 more ... | "utleie"): PostgrestQueryBuilder<...>', gave the following error.
    Argument of type '"boxes"' is not assignable to parameter of type '"staller" | "stallplasser" | "stall_fasiliteter" | "stallplass_fasiliteter" | "stall_ofte_spurte_sporsmal" | "brukere" | "base_prices" | "anmeldelser" | "betalinger" | "meldinger" | ... 6 more ... | "utleie"'.
  Overload 2 of 2, '(relation: never): PostgrestQueryBuilder<{ Tables: { anmeldelser: { Row: { anmelder_id: string; anmeldt_id: string; anmeldt_type: "RENTER" | "STABLE_OWNER"; comment: string | null; er_moderert: boolean | null; ... 12 more ...; utleie_id: string; }; Insert: { ...; }; Update: { ...; }; Relationships: [...]; }; ... 15 more ...; utleie: { ...; }; }; Views: {}; Functions: {}; Enums: { ...; }; CompositeTypes: {}; }, never, never, never>', gave the following error.
    Argument of type '"boxes"' is not assignable to parameter of type 'never'.
src/services/box-service.ts(100,13): error TS2769: No overload matches this call.
  Overload 1 of 2, '(relation: "staller" | "stallplasser" | "stall_fasiliteter" | "stallplass_fasiliteter" | "stall_ofte_spurte_sporsmal" | "brukere" | "base_prices" | "anmeldelser" | "betalinger" | ... 7 more ... | "utleie"): PostgrestQueryBuilder<...>', gave the following error.
    Argument of type '"box_amenity_links"' is not assignable to parameter of type '"staller" | "stallplasser" | "stall_fasiliteter" | "stallplass_fasiliteter" | "stall_ofte_spurte_sporsmal" | "brukere" | "base_prices" | "anmeldelser" | "betalinger" | "meldinger" | ... 6 more ... | "utleie"'.
  Overload 2 of 2, '(relation: never): PostgrestQueryBuilder<{ Tables: { anmeldelser: { Row: { anmelder_id: string; anmeldt_id: string; anmeldt_type: "RENTER" | "STABLE_OWNER"; comment: string | null; er_moderert: boolean | null; ... 12 more ...; utleie_id: string; }; Insert: { ...; }; Update: { ...; }; Relationships: [...]; }; ... 15 more ...; utleie: { ...; }; }; Views: {}; Functions: {}; Enums: { ...; }; CompositeTypes: {}; }, never, never, never>', gave the following error.
    Argument of type '"box_amenity_links"' is not assignable to parameter of type 'never'.
src/services/box-service.ts(110,11): error TS2769: No overload matches this call.
  Overload 1 of 2, '(relation: "staller" | "stallplasser" | "stall_fasiliteter" | "stallplass_fasiliteter" | "stall_ofte_spurte_sporsmal" | "brukere" | "base_prices" | "anmeldelser" | "betalinger" | ... 7 more ... | "utleie"): PostgrestQueryBuilder<...>', gave the following error.
    Argument of type '"boxes"' is not assignable to parameter of type '"staller" | "stallplasser" | "stall_fasiliteter" | "stallplass_fasiliteter" | "stall_ofte_spurte_sporsmal" | "brukere" | "base_prices" | "anmeldelser" | "betalinger" | "meldinger" | ... 6 more ... | "utleie"'.
  Overload 2 of 2, '(relation: never): PostgrestQueryBuilder<{ Tables: { anmeldelser: { Row: { anmelder_id: string; anmeldt_id: string; anmeldt_type: "RENTER" | "STABLE_OWNER"; comment: string | null; er_moderert: boolean | null; ... 12 more ...; utleie_id: string; }; Insert: { ...; }; Update: { ...; }; Relationships: [...]; }; ... 15 more ...; utleie: { ...; }; }; Views: {}; Functions: {}; Enums: { ...; }; CompositeTypes: {}; }, never, never, never>', gave the following error.
    Argument of type '"boxes"' is not assignable to parameter of type 'never'.
src/services/box-service.ts(126,13): error TS2769: No overload matches this call.
  Overload 1 of 2, '(relation: "staller" | "stallplasser" | "stall_fasiliteter" | "stallplass_fasiliteter" | "stall_ofte_spurte_sporsmal" | "brukere" | "base_prices" | "anmeldelser" | "betalinger" | ... 7 more ... | "utleie"): PostgrestQueryBuilder<...>', gave the following error.
    Argument of type '"box_amenity_links"' is not assignable to parameter of type '"staller" | "stallplasser" | "stall_fasiliteter" | "stallplass_fasiliteter" | "stall_ofte_spurte_sporsmal" | "brukere" | "base_prices" | "anmeldelser" | "betalinger" | "meldinger" | ... 6 more ... | "utleie"'.
  Overload 2 of 2, '(relation: never): PostgrestQueryBuilder<{ Tables: { anmeldelser: { Row: { anmelder_id: string; anmeldt_id: string; anmeldt_type: "RENTER" | "STABLE_OWNER"; comment: string | null; er_moderert: boolean | null; ... 12 more ...; utleie_id: string; }; Insert: { ...; }; Update: { ...; }; Relationships: [...]; }; ... 15 more ...; utleie: { ...; }; }; Views: {}; Functions: {}; Enums: { ...; }; CompositeTypes: {}; }, never, never, never>', gave the following error.
    Argument of type '"box_amenity_links"' is not assignable to parameter of type 'never'.
src/services/box-service.ts(127,15): error TS2769: No overload matches this call.
  Overload 1 of 2, '(values: { address?: string | null | undefined; antall_anmeldelser?: number | null | undefined; antall_stallplasser?: number | null | undefined; bilde_beskrivelser?: string[] | null | undefined; ... 20 more ...; reklame_start_dato?: string | ... 1 more ... | undefined; } | ... 15 more ... | { ...; }, options?: { ...; } | undefined): PostgrestFilterBuilder<...>', gave the following error.
    Argument of type '{ box_id: string; amenity_id: string; }[]' is not assignable to parameter of type '{ address?: string | null | undefined; antall_anmeldelser?: number | null | undefined; antall_stallplasser?: number | null | undefined; bilde_beskrivelser?: string[] | null | undefined; ... 20 more ...; reklame_start_dato?: string | ... 1 more ... | undefined; } | ... 15 more ... | { ...; }'.
  Overload 2 of 2, '(values: ({ address?: string | null | undefined; antall_anmeldelser?: number | null | undefined; antall_stallplasser?: number | null | undefined; bilde_beskrivelser?: string[] | null | undefined; ... 20 more ...; reklame_start_dato?: string | ... 1 more ... | undefined; } | ... 15 more ... | { ...; })[], options?: { ...; } | undefined): PostgrestFilterBuilder<...>', gave the following error.
    Argument of type '{ box_id: string; amenity_id: string; }[]' is not assignable to parameter of type '({ address?: string | null | undefined; antall_anmeldelser?: number | null | undefined; antall_stallplasser?: number | null | undefined; bilde_beskrivelser?: string[] | null | undefined; ... 20 more ...; reklame_start_dato?: string | ... 1 more ... | undefined; } | ... 15 more ... | { ...; })[]'.
      Type '{ box_id: string; amenity_id: string; }' is not assignable to type '{ address?: string | null | undefined; antall_anmeldelser?: number | null | undefined; antall_stallplasser?: number | null | undefined; bilde_beskrivelser?: string[] | null | undefined; ... 20 more ...; reklame_start_dato?: string | ... 1 more ... | undefined; } | ... 15 more ... | { ...; }'.
src/services/box-service.ts(136,11): error TS2769: No overload matches this call.
  Overload 1 of 2, '(relation: "staller" | "stallplasser" | "stall_fasiliteter" | "stallplass_fasiliteter" | "stall_ofte_spurte_sporsmal" | "brukere" | "base_prices" | "anmeldelser" | "betalinger" | ... 7 more ... | "utleie"): PostgrestQueryBuilder<...>', gave the following error.
    Argument of type '"boxes"' is not assignable to parameter of type '"staller" | "stallplasser" | "stall_fasiliteter" | "stallplass_fasiliteter" | "stall_ofte_spurte_sporsmal" | "brukere" | "base_prices" | "anmeldelser" | "betalinger" | "meldinger" | ... 6 more ... | "utleie"'.
  Overload 2 of 2, '(relation: never): PostgrestQueryBuilder<{ Tables: { anmeldelser: { Row: { anmelder_id: string; anmeldt_id: string; anmeldt_type: "RENTER" | "STABLE_OWNER"; comment: string | null; er_moderert: boolean | null; ... 12 more ...; utleie_id: string; }; Insert: { ...; }; Update: { ...; }; Relationships: [...]; }; ... 15 more ...; utleie: { ...; }; }; Views: {}; Functions: {}; Enums: { ...; }; CompositeTypes: {}; }, never, never, never>', gave the following error.
    Argument of type '"boxes"' is not assignable to parameter of type 'never'.
src/services/box-service.ts(158,11): error TS2769: No overload matches this call.
  Overload 1 of 2, '(relation: "staller" | "stallplasser" | "stall_fasiliteter" | "stallplass_fasiliteter" | "stall_ofte_spurte_sporsmal" | "brukere" | "base_prices" | "anmeldelser" | "betalinger" | ... 7 more ... | "utleie"): PostgrestQueryBuilder<...>', gave the following error.
    Argument of type '"boxes"' is not assignable to parameter of type '"staller" | "stallplasser" | "stall_fasiliteter" | "stallplass_fasiliteter" | "stall_ofte_spurte_sporsmal" | "brukere" | "base_prices" | "anmeldelser" | "betalinger" | "meldinger" | ... 6 more ... | "utleie"'.
  Overload 2 of 2, '(relation: never): PostgrestQueryBuilder<{ Tables: { anmeldelser: { Row: { anmelder_id: string; anmeldt_id: string; anmeldt_type: "RENTER" | "STABLE_OWNER"; comment: string | null; er_moderert: boolean | null; ... 12 more ...; utleie_id: string; }; Insert: { ...; }; Update: { ...; }; Relationships: [...]; }; ... 15 more ...; utleie: { ...; }; }; Views: {}; Functions: {}; Enums: { ...; }; CompositeTypes: {}; }, never, never, never>', gave the following error.
    Argument of type '"boxes"' is not assignable to parameter of type 'never'.
src/services/box-service.ts(172,11): error TS2769: No overload matches this call.
  Overload 1 of 2, '(relation: "staller" | "stallplasser" | "stall_fasiliteter" | "stallplass_fasiliteter" | "stall_ofte_spurte_sporsmal" | "brukere" | "base_prices" | "anmeldelser" | "betalinger" | ... 7 more ... | "utleie"): PostgrestQueryBuilder<...>', gave the following error.
    Argument of type '"boxes"' is not assignable to parameter of type '"staller" | "stallplasser" | "stall_fasiliteter" | "stallplass_fasiliteter" | "stall_ofte_spurte_sporsmal" | "brukere" | "base_prices" | "anmeldelser" | "betalinger" | "meldinger" | ... 6 more ... | "utleie"'.
  Overload 2 of 2, '(relation: never): PostgrestQueryBuilder<{ Tables: { anmeldelser: { Row: { anmelder_id: string; anmeldt_id: string; anmeldt_type: "RENTER" | "STABLE_OWNER"; comment: string | null; er_moderert: boolean | null; ... 12 more ...; utleie_id: string; }; Insert: { ...; }; Update: { ...; }; Relationships: [...]; }; ... 15 more ...; utleie: { ...; }; }; Views: {}; Functions: {}; Enums: { ...; }; CompositeTypes: {}; }, never, never, never>', gave the following error.
    Argument of type '"boxes"' is not assignable to parameter of type 'never'.
src/services/box-service.ts(196,38): error TS2589: Type instantiation is excessively deep and possibly infinite.
src/services/box-service.ts(197,11): error TS2769: No overload matches this call.
  Overload 1 of 2, '(relation: "staller" | "stallplasser" | "stall_fasiliteter" | "stallplass_fasiliteter" | "stall_ofte_spurte_sporsmal" | "brukere" | "base_prices" | "anmeldelser" | "betalinger" | ... 7 more ... | "utleie"): PostgrestQueryBuilder<...>', gave the following error.
    Argument of type '"boxes"' is not assignable to parameter of type '"staller" | "stallplasser" | "stall_fasiliteter" | "stallplass_fasiliteter" | "stall_ofte_spurte_sporsmal" | "brukere" | "base_prices" | "anmeldelser" | "betalinger" | "meldinger" | ... 6 more ... | "utleie"'.
  Overload 2 of 2, '(relation: never): PostgrestQueryBuilder<{ Tables: { anmeldelser: { Row: { anmelder_id: string; anmeldt_id: string; anmeldt_type: "RENTER" | "STABLE_OWNER"; comment: string | null; er_moderert: boolean | null; ... 12 more ...; utleie_id: string; }; Insert: { ...; }; Update: { ...; }; Relationships: [...]; }; ... 15 more ...; utleie: { ...; }; }; Views: {}; Functions: {}; Enums: { ...; }; CompositeTypes: {}; }, never, never, never>', gave the following error.
    Argument of type '"boxes"' is not assignable to parameter of type 'never'.
src/services/box-service.ts(232,11): error TS2769: No overload matches this call.
  Overload 1 of 2, '(relation: "staller" | "stallplasser" | "stall_fasiliteter" | "stallplass_fasiliteter" | "stall_ofte_spurte_sporsmal" | "brukere" | "base_prices" | "anmeldelser" | "betalinger" | ... 7 more ... | "utleie"): PostgrestQueryBuilder<...>', gave the following error.
    Argument of type '"boxes"' is not assignable to parameter of type '"staller" | "stallplasser" | "stall_fasiliteter" | "stallplass_fasiliteter" | "stall_ofte_spurte_sporsmal" | "brukere" | "base_prices" | "anmeldelser" | "betalinger" | "meldinger" | ... 6 more ... | "utleie"'.
  Overload 2 of 2, '(relation: never): PostgrestQueryBuilder<{ Tables: { anmeldelser: { Row: { anmelder_id: string; anmeldt_id: string; anmeldt_type: "RENTER" | "STABLE_OWNER"; comment: string | null; er_moderert: boolean | null; ... 12 more ...; utleie_id: string; }; Insert: { ...; }; Update: { ...; }; Relationships: [...]; }; ... 15 more ...; utleie: { ...; }; }; Views: {}; Functions: {}; Enums: { ...; }; CompositeTypes: {}; }, never, never, never>', gave the following error.
    Argument of type '"boxes"' is not assignable to parameter of type 'never'.
src/services/box-service.ts(266,11): error TS2769: No overload matches this call.
  Overload 1 of 2, '(relation: "staller" | "stallplasser" | "stall_fasiliteter" | "stallplass_fasiliteter" | "stall_ofte_spurte_sporsmal" | "brukere" | "base_prices" | "anmeldelser" | "betalinger" | ... 7 more ... | "utleie"): PostgrestQueryBuilder<...>', gave the following error.
    Argument of type '"boxes"' is not assignable to parameter of type '"staller" | "stallplasser" | "stall_fasiliteter" | "stallplass_fasiliteter" | "stall_ofte_spurte_sporsmal" | "brukere" | "base_prices" | "anmeldelser" | "betalinger" | "meldinger" | ... 6 more ... | "utleie"'.
  Overload 2 of 2, '(relation: never): PostgrestQueryBuilder<{ Tables: { anmeldelser: { Row: { anmelder_id: string; anmeldt_id: string; anmeldt_type: "RENTER" | "STABLE_OWNER"; comment: string | null; er_moderert: boolean | null; ... 12 more ...; utleie_id: string; }; Insert: { ...; }; Update: { ...; }; Relationships: [...]; }; ... 15 more ...; utleie: { ...; }; }; Views: {}; Functions: {}; Enums: { ...; }; CompositeTypes: {}; }, never, never, never>', gave the following error.
    Argument of type '"boxes"' is not assignable to parameter of type 'never'.
src/services/box-service.ts(288,13): error TS2769: No overload matches this call.
  Overload 1 of 2, '(relation: "staller" | "stallplasser" | "stall_fasiliteter" | "stallplass_fasiliteter" | "stall_ofte_spurte_sporsmal" | "brukere" | "base_prices" | "anmeldelser" | "betalinger" | ... 7 more ... | "utleie"): PostgrestQueryBuilder<...>', gave the following error.
    Argument of type '"box_amenity_links"' is not assignable to parameter of type '"staller" | "stallplasser" | "stall_fasiliteter" | "stallplass_fasiliteter" | "stall_ofte_spurte_sporsmal" | "brukere" | "base_prices" | "anmeldelser" | "betalinger" | "meldinger" | ... 6 more ... | "utleie"'.
  Overload 2 of 2, '(relation: never): PostgrestQueryBuilder<{ Tables: { anmeldelser: { Row: { anmelder_id: string; anmeldt_id: string; anmeldt_type: "RENTER" | "STABLE_OWNER"; comment: string | null; er_moderert: boolean | null; ... 12 more ...; utleie_id: string; }; Insert: { ...; }; Update: { ...; }; Relationships: [...]; }; ... 15 more ...; utleie: { ...; }; }; Views: {}; Functions: {}; Enums: { ...; }; CompositeTypes: {}; }, never, never, never>', gave the following error.
    Argument of type '"box_amenity_links"' is not assignable to parameter of type 'never'.
src/services/box-service.ts(296,62): error TS2339: Property 'box_id' does not exist on type 'SelectQueryError<"column 'box_id' does not exist on 'staller'."> | SelectQueryError<"column 'box_id' does not exist on 'stallplasser'."> | ... 14 more ... | SelectQueryError<...>'.
  Property 'box_id' does not exist on type 'SelectQueryError<"column 'box_id' does not exist on 'staller'.">'.
src/services/box-service.ts(347,15): error TS2589: Type instantiation is excessively deep and possibly infinite.
src/services/box-service.ts(348,11): error TS2769: No overload matches this call.
  Overload 1 of 2, '(relation: "staller" | "stallplasser" | "stall_fasiliteter" | "stallplass_fasiliteter" | "stall_ofte_spurte_sporsmal" | "brukere" | "base_prices" | "anmeldelser" | "betalinger" | ... 7 more ... | "utleie"): PostgrestQueryBuilder<...>', gave the following error.
    Argument of type '"boxes"' is not assignable to parameter of type '"staller" | "stallplasser" | "stall_fasiliteter" | "stallplass_fasiliteter" | "stall_ofte_spurte_sporsmal" | "brukere" | "base_prices" | "anmeldelser" | "betalinger" | "meldinger" | ... 6 more ... | "utleie"'.
  Overload 2 of 2, '(relation: never): PostgrestQueryBuilder<{ Tables: { anmeldelser: { Row: { anmelder_id: string; anmeldt_id: string; anmeldt_type: "RENTER" | "STABLE_OWNER"; comment: string | null; er_moderert: boolean | null; ... 12 more ...; utleie_id: string; }; Insert: { ...; }; Update: { ...; }; Relationships: [...]; }; ... 15 more ...; utleie: { ...; }; }; Views: {}; Functions: {}; Enums: { ...; }; CompositeTypes: {}; }, never, never, never>', gave the following error.
    Argument of type '"boxes"' is not assignable to parameter of type 'never'.
src/services/box-service.ts(382,13): error TS2769: No overload matches this call.
  Overload 1 of 2, '(relation: "staller" | "stallplasser" | "stall_fasiliteter" | "stallplass_fasiliteter" | "stall_ofte_spurte_sporsmal" | "brukere" | "base_prices" | "anmeldelser" | "betalinger" | ... 7 more ... | "utleie"): PostgrestQueryBuilder<...>', gave the following error.
    Argument of type '"box_amenity_links"' is not assignable to parameter of type '"staller" | "stallplasser" | "stall_fasiliteter" | "stallplass_fasiliteter" | "stall_ofte_spurte_sporsmal" | "brukere" | "base_prices" | "anmeldelser" | "betalinger" | "meldinger" | ... 6 more ... | "utleie"'.
  Overload 2 of 2, '(relation: never): PostgrestQueryBuilder<{ Tables: { anmeldelser: { Row: { anmelder_id: string; anmeldt_id: string; anmeldt_type: "RENTER" | "STABLE_OWNER"; comment: string | null; er_moderert: boolean | null; ... 12 more ...; utleie_id: string; }; Insert: { ...; }; Update: { ...; }; Relationships: [...]; }; ... 15 more ...; utleie: { ...; }; }; Views: {}; Functions: {}; Enums: { ...; }; CompositeTypes: {}; }, never, never, never>', gave the following error.
    Argument of type '"box_amenity_links"' is not assignable to parameter of type 'never'.
src/services/box-service.ts(390,62): error TS2339: Property 'box_id' does not exist on type 'SelectQueryError<"column 'box_id' does not exist on 'staller'."> | SelectQueryError<"column 'box_id' does not exist on 'stallplasser'."> | ... 14 more ... | SelectQueryError<...>'.
  Property 'box_id' does not exist on type 'SelectQueryError<"column 'box_id' does not exist on 'staller'.">'.
src/services/box-service.ts(402,13): error TS2769: No overload matches this call.
  Overload 1 of 2, '(relation: "staller" | "stallplasser" | "stall_fasiliteter" | "stallplass_fasiliteter" | "stall_ofte_spurte_sporsmal" | "brukere" | "base_prices" | "anmeldelser" | "betalinger" | ... 7 more ... | "utleie"): PostgrestQueryBuilder<...>', gave the following error.
    Argument of type '"rentals"' is not assignable to parameter of type '"staller" | "stallplasser" | "stall_fasiliteter" | "stallplass_fasiliteter" | "stall_ofte_spurte_sporsmal" | "brukere" | "base_prices" | "anmeldelser" | "betalinger" | "meldinger" | ... 6 more ... | "utleie"'.
  Overload 2 of 2, '(relation: never): PostgrestQueryBuilder<{ Tables: { anmeldelser: { Row: { anmelder_id: string; anmeldt_id: string; anmeldt_type: "RENTER" | "STABLE_OWNER"; comment: string | null; er_moderert: boolean | null; ... 12 more ...; utleie_id: string; }; Insert: { ...; }; Update: { ...; }; Relationships: [...]; }; ... 15 more ...; utleie: { ...; }; }; Views: {}; Functions: {}; Enums: { ...; }; CompositeTypes: {}; }, never, never, never>', gave the following error.
    Argument of type '"rentals"' is not assignable to parameter of type 'never'.
src/services/box-service.ts(410,63): error TS2339: Property 'box_id' does not exist on type 'SelectQueryError<"column 'box_id' does not exist on 'staller'."> | SelectQueryError<"column 'box_id' does not exist on 'stallplasser'."> | ... 14 more ... | SelectQueryError<...>'.
  Property 'box_id' does not exist on type 'SelectQueryError<"column 'box_id' does not exist on 'staller'.">'.
src/services/box-service.ts(417,13): error TS2769: No overload matches this call.
  Overload 1 of 2, '(relation: "staller" | "stallplasser" | "stall_fasiliteter" | "stallplass_fasiliteter" | "stall_ofte_spurte_sporsmal" | "brukere" | "base_prices" | "anmeldelser" | "betalinger" | ... 7 more ... | "utleie"): PostgrestQueryBuilder<...>', gave the following error.
    Argument of type '"rentals"' is not assignable to parameter of type '"staller" | "stallplasser" | "stall_fasiliteter" | "stallplass_fasiliteter" | "stall_ofte_spurte_sporsmal" | "brukere" | "base_prices" | "anmeldelser" | "betalinger" | "meldinger" | ... 6 more ... | "utleie"'.
  Overload 2 of 2, '(relation: never): PostgrestQueryBuilder<{ Tables: { anmeldelser: { Row: { anmelder_id: string; anmeldt_id: string; anmeldt_type: "RENTER" | "STABLE_OWNER"; comment: string | null; er_moderert: boolean | null; ... 12 more ...; utleie_id: string; }; Insert: { ...; }; Update: { ...; }; Relationships: [...]; }; ... 15 more ...; utleie: { ...; }; }; Views: {}; Functions: {}; Enums: { ...; }; CompositeTypes: {}; }, never, never, never>', gave the following error.
    Argument of type '"rentals"' is not assignable to parameter of type 'never'.
src/services/box-service.ts(425,63): error TS2339: Property 'box_id' does not exist on type 'SelectQueryError<"column 'box_id' does not exist on 'staller'."> | SelectQueryError<"column 'box_id' does not exist on 'stallplasser'."> | ... 14 more ... | SelectQueryError<...>'.
  Property 'box_id' does not exist on type 'SelectQueryError<"column 'box_id' does not exist on 'staller'.">'.
src/services/box-service.ts(451,11): error TS2769: No overload matches this call.
  Overload 1 of 2, '(relation: "staller" | "stallplasser" | "stall_fasiliteter" | "stallplass_fasiliteter" | "stall_ofte_spurte_sporsmal" | "brukere" | "base_prices" | "anmeldelser" | "betalinger" | ... 7 more ... | "utleie"): PostgrestQueryBuilder<...>', gave the following error.
    Argument of type '"boxes"' is not assignable to parameter of type '"staller" | "stallplasser" | "stall_fasiliteter" | "stallplass_fasiliteter" | "stall_ofte_spurte_sporsmal" | "brukere" | "base_prices" | "anmeldelser" | "betalinger" | "meldinger" | ... 6 more ... | "utleie"'.
  Overload 2 of 2, '(relation: never): PostgrestQueryBuilder<{ Tables: { anmeldelser: { Row: { anmelder_id: string; anmeldt_id: string; anmeldt_type: "RENTER" | "STABLE_OWNER"; comment: string | null; er_moderert: boolean | null; ... 12 more ...; utleie_id: string; }; Insert: { ...; }; Update: { ...; }; Relationships: [...]; }; ... 15 more ...; utleie: { ...; }; }; Views: {}; Functions: {}; Enums: { ...; }; CompositeTypes: {}; }, never, never, never>', gave the following error.
    Argument of type '"boxes"' is not assignable to parameter of type 'never'.
src/services/box-service.ts(468,11): error TS2769: No overload matches this call.
  Overload 1 of 2, '(relation: "staller" | "stallplasser" | "stall_fasiliteter" | "stallplass_fasiliteter" | "stall_ofte_spurte_sporsmal" | "brukere" | "base_prices" | "anmeldelser" | "betalinger" | ... 7 more ... | "utleie"): PostgrestQueryBuilder<...>', gave the following error.
    Argument of type '"boxes"' is not assignable to parameter of type '"staller" | "stallplasser" | "stall_fasiliteter" | "stallplass_fasiliteter" | "stall_ofte_spurte_sporsmal" | "brukere" | "base_prices" | "anmeldelser" | "betalinger" | "meldinger" | ... 6 more ... | "utleie"'.
  Overload 2 of 2, '(relation: never): PostgrestQueryBuilder<{ Tables: { anmeldelser: { Row: { anmelder_id: string; anmeldt_id: string; anmeldt_type: "RENTER" | "STABLE_OWNER"; comment: string | null; er_moderert: boolean | null; ... 12 more ...; utleie_id: string; }; Insert: { ...; }; Update: { ...; }; Relationships: [...]; }; ... 15 more ...; utleie: { ...; }; }; Views: {}; Functions: {}; Enums: { ...; }; CompositeTypes: {}; }, never, never, never>', gave the following error.
    Argument of type '"boxes"' is not assignable to parameter of type 'never'.
src/services/box-service.ts(484,11): error TS2769: No overload matches this call.
  Overload 1 of 2, '(relation: "staller" | "stallplasser" | "stall_fasiliteter" | "stallplass_fasiliteter" | "stall_ofte_spurte_sporsmal" | "brukere" | "base_prices" | "anmeldelser" | "betalinger" | ... 7 more ... | "utleie"): PostgrestQueryBuilder<...>', gave the following error.
    Argument of type '"boxes"' is not assignable to parameter of type '"staller" | "stallplasser" | "stall_fasiliteter" | "stallplass_fasiliteter" | "stall_ofte_spurte_sporsmal" | "brukere" | "base_prices" | "anmeldelser" | "betalinger" | "meldinger" | ... 6 more ... | "utleie"'.
  Overload 2 of 2, '(relation: never): PostgrestQueryBuilder<{ Tables: { anmeldelser: { Row: { anmelder_id: string; anmeldt_id: string; anmeldt_type: "RENTER" | "STABLE_OWNER"; comment: string | null; er_moderert: boolean | null; ... 12 more ...; utleie_id: string; }; Insert: { ...; }; Update: { ...; }; Relationships: [...]; }; ... 15 more ...; utleie: { ...; }; }; Views: {}; Functions: {}; Enums: { ...; }; CompositeTypes: {}; }, never, never, never>', gave the following error.
    Argument of type '"boxes"' is not assignable to parameter of type 'never'.
src/services/box-service.ts(496,39): error TS2339: Property 'price' does not exist on type 'SelectQueryError<"column 'price' does not exist on 'staller'."> | SelectQueryError<"column 'price' does not exist on 'stallplasser'."> | ... 14 more ... | SelectQueryError<...>'.
  Property 'price' does not exist on type 'SelectQueryError<"column 'price' does not exist on 'staller'.">'.
src/services/box-service.ts(514,11): error TS2769: No overload matches this call.
  Overload 1 of 2, '(relation: "staller" | "stallplasser" | "stall_fasiliteter" | "stallplass_fasiliteter" | "stall_ofte_spurte_sporsmal" | "brukere" | "base_prices" | "anmeldelser" | "betalinger" | ... 7 more ... | "utleie"): PostgrestQueryBuilder<...>', gave the following error.
    Argument of type '"boxes"' is not assignable to parameter of type '"staller" | "stallplasser" | "stall_fasiliteter" | "stallplass_fasiliteter" | "stall_ofte_spurte_sporsmal" | "brukere" | "base_prices" | "anmeldelser" | "betalinger" | "meldinger" | ... 6 more ... | "utleie"'.
  Overload 2 of 2, '(relation: never): PostgrestQueryBuilder<{ Tables: { anmeldelser: { Row: { anmelder_id: string; anmeldt_id: string; anmeldt_type: "RENTER" | "STABLE_OWNER"; comment: string | null; er_moderert: boolean | null; ... 12 more ...; utleie_id: string; }; Insert: { ...; }; Update: { ...; }; Relationships: [...]; }; ... 15 more ...; utleie: { ...; }; }; Views: {}; Functions: {}; Enums: { ...; }; CompositeTypes: {}; }, never, never, never>', gave the following error.
    Argument of type '"boxes"' is not assignable to parameter of type 'never'.
src/services/box-service.ts(533,19): error TS2339: Property 'advertising_active' does not exist on type 'SelectQueryError<"could not find the relation between staller and stables"> | SelectQueryError<"could not find the relation between stallplasser and stables"> | ... 14 more ... | SelectQueryError<...>'.
  Property 'advertising_active' does not exist on type 'SelectQueryError<"could not find the relation between staller and stables">'.
src/services/box-service.ts(539,41): error TS2339: Property 'advertising_end_date' does not exist on type 'SelectQueryError<"could not find the relation between staller and stables"> | SelectQueryError<"could not find the relation between stallplasser and stables"> | ... 14 more ... | SelectQueryError<...>'.
  Property 'advertising_end_date' does not exist on type 'SelectQueryError<"could not find the relation between staller and stables">'.
src/services/box-service.ts(539,84): error TS2339: Property 'advertising_end_date' does not exist on type 'SelectQueryError<"could not find the relation between staller and stables"> | SelectQueryError<"could not find the relation between stallplasser and stables"> | ... 14 more ... | SelectQueryError<...>'.
  Property 'advertising_end_date' does not exist on type 'SelectQueryError<"could not find the relation between staller and stables">'.
src/services/box-service.ts(552,30): error TS2339: Property 'sponsored_until' does not exist on type '{ address: string | null; antall_anmeldelser: number | null; antall_stallplasser: number | null; bilde_beskrivelser: string[] | null; city: string | null; county: string | null; ... 19 more ...; stable: SelectQueryError<...>; } | ... 287 more ... | { ...; }'.
  Property 'sponsored_until' does not exist on type '{ address: string | null; antall_anmeldelser: number | null; antall_stallplasser: number | null; bilde_beskrivelser: string[] | null; city: string | null; county: string | null; ... 19 more ...; stable: SelectQueryError<...>; }'.
src/services/box-service.ts(552,61): error TS2339: Property 'sponsored_until' does not exist on type '{ address: string | null; antall_anmeldelser: number | null; antall_stallplasser: number | null; bilde_beskrivelser: string[] | null; city: string | null; county: string | null; ... 19 more ...; stable: SelectQueryError<...>; } | ... 287 more ... | { ...; }'.
  Property 'sponsored_until' does not exist on type '{ address: string | null; antall_anmeldelser: number | null; antall_stallplasser: number | null; bilde_beskrivelser: string[] | null; city: string | null; county: string | null; ... 19 more ...; stable: SelectQueryError<...>; }'.
src/services/box-service.ts(553,25): error TS2339: Property 'is_sponsored' does not exist on type '{ address: string | null; antall_anmeldelser: number | null; antall_stallplasser: number | null; bilde_beskrivelser: string[] | null; city: string | null; county: string | null; ... 19 more ...; stable: SelectQueryError<...>; } | ... 287 more ... | { ...; }'.
  Property 'is_sponsored' does not exist on type '{ address: string | null; antall_anmeldelser: number | null; antall_stallplasser: number | null; bilde_beskrivelser: string[] | null; city: string | null; county: string | null; ... 19 more ...; stable: SelectQueryError<...>; }'.
src/services/box-service.ts(560,11): error TS2769: No overload matches this call.
  Overload 1 of 2, '(relation: "staller" | "stallplasser" | "stall_fasiliteter" | "stallplass_fasiliteter" | "stall_ofte_spurte_sporsmal" | "brukere" | "base_prices" | "anmeldelser" | "betalinger" | ... 7 more ... | "utleie"): PostgrestQueryBuilder<...>', gave the following error.
    Argument of type '"boxes"' is not assignable to parameter of type '"staller" | "stallplasser" | "stall_fasiliteter" | "stallplass_fasiliteter" | "stall_ofte_spurte_sporsmal" | "brukere" | "base_prices" | "anmeldelser" | "betalinger" | "meldinger" | ... 6 more ... | "utleie"'.
  Overload 2 of 2, '(relation: never): PostgrestQueryBuilder<{ Tables: { anmeldelser: { Row: { anmelder_id: string; anmeldt_id: string; anmeldt_type: "RENTER" | "STABLE_OWNER"; comment: string | null; er_moderert: boolean | null; ... 12 more ...; utleie_id: string; }; Insert: { ...; }; Update: { ...; }; Relationships: [...]; }; ... 15 more ...; utleie: { ...; }; }; Views: {}; Functions: {}; Enums: { ...; }; CompositeTypes: {}; }, never, never, never>', gave the following error.
    Argument of type '"boxes"' is not assignable to parameter of type 'never'.
src/services/box-service.ts(562,7): error TS2353: Object literal may only specify known properties, and 'is_sponsored' does not exist in type '{ address?: string | null | undefined; antall_anmeldelser?: number | null | undefined; antall_stallplasser?: number | null | undefined; bilde_beskrivelser?: string[] | null | undefined; ... 20 more ...; reklame_start_dato?: string | ... 1 more ... | undefined; } | ... 15 more ... | { ...; }'.
src/services/box-service.ts(563,33): error TS2339: Property 'is_sponsored' does not exist on type '{ address: string | null; antall_anmeldelser: number | null; antall_stallplasser: number | null; bilde_beskrivelser: string[] | null; city: string | null; county: string | null; ... 19 more ...; stable: SelectQueryError<...>; } | ... 287 more ... | { ...; }'.
  Property 'is_sponsored' does not exist on type '{ address: string | null; antall_anmeldelser: number | null; antall_stallplasser: number | null; bilde_beskrivelser: string[] | null; city: string | null; county: string | null; ... 19 more ...; stable: SelectQueryError<...>; }'.
src/services/box-service.ts(563,53): error TS2339: Property 'sponsored_start_date' does not exist on type '{ address: string | null; antall_anmeldelser: number | null; antall_stallplasser: number | null; bilde_beskrivelser: string[] | null; city: string | null; county: string | null; ... 19 more ...; stable: SelectQueryError<...>; } | ... 287 more ... | { ...; }'.
  Property 'sponsored_start_date' does not exist on type '{ address: string | null; antall_anmeldelser: number | null; antall_stallplasser: number | null; bilde_beskrivelser: string[] | null; city: string | null; county: string | null; ... 19 more ...; stable: SelectQueryError<...>; }'.
src/services/box-service.ts(563,80): error TS2339: Property 'sponsored_start_date' does not exist on type '{ address: string | null; antall_anmeldelser: number | null; antall_stallplasser: number | null; bilde_beskrivelser: string[] | null; city: string | null; county: string | null; ... 19 more ...; stable: SelectQueryError<...>; } | ... 287 more ... | { ...; }'.
  Property 'sponsored_start_date' does not exist on type '{ address: string | null; antall_anmeldelser: number | null; antall_stallplasser: number | null; bilde_beskrivelser: string[] | null; city: string | null; county: string | null; ... 19 more ...; stable: SelectQueryError<...>; }'.
src/services/box-service.ts(574,11): error TS2769: No overload matches this call.
  Overload 1 of 2, '(relation: "staller" | "stallplasser" | "stall_fasiliteter" | "stallplass_fasiliteter" | "stall_ofte_spurte_sporsmal" | "brukere" | "base_prices" | "anmeldelser" | "betalinger" | ... 7 more ... | "utleie"): PostgrestQueryBuilder<...>', gave the following error.
    Argument of type '"boxes"' is not assignable to parameter of type '"staller" | "stallplasser" | "stall_fasiliteter" | "stallplass_fasiliteter" | "stall_ofte_spurte_sporsmal" | "brukere" | "base_prices" | "anmeldelser" | "betalinger" | "meldinger" | ... 6 more ... | "utleie"'.
  Overload 2 of 2, '(relation: never): PostgrestQueryBuilder<{ Tables: { anmeldelser: { Row: { anmelder_id: string; anmeldt_id: string; anmeldt_type: "RENTER" | "STABLE_OWNER"; comment: string | null; er_moderert: boolean | null; ... 12 more ...; utleie_id: string; }; Insert: { ...; }; Update: { ...; }; Relationships: [...]; }; ... 15 more ...; utleie: { ...; }; }; Views: {}; Functions: {}; Enums: { ...; }; CompositeTypes: {}; }, never, never, never>', gave the following error.
    Argument of type '"boxes"' is not assignable to parameter of type 'never'.
src/services/box-service.ts(601,11): error TS2769: No overload matches this call.
  Overload 1 of 2, '(relation: "staller" | "stallplasser" | "stall_fasiliteter" | "stallplass_fasiliteter" | "stall_ofte_spurte_sporsmal" | "brukere" | "base_prices" | "anmeldelser" | "betalinger" | ... 7 more ... | "utleie"): PostgrestQueryBuilder<...>', gave the following error.
    Argument of type '"boxes"' is not assignable to parameter of type '"staller" | "stallplasser" | "stall_fasiliteter" | "stallplass_fasiliteter" | "stall_ofte_spurte_sporsmal" | "brukere" | "base_prices" | "anmeldelser" | "betalinger" | "meldinger" | ... 6 more ... | "utleie"'.
  Overload 2 of 2, '(relation: never): PostgrestQueryBuilder<{ Tables: { anmeldelser: { Row: { anmelder_id: string; anmeldt_id: string; anmeldt_type: "RENTER" | "STABLE_OWNER"; comment: string | null; er_moderert: boolean | null; ... 12 more ...; utleie_id: string; }; Insert: { ...; }; Update: { ...; }; Relationships: [...]; }; ... 15 more ...; utleie: { ...; }; }; Views: {}; Functions: {}; Enums: { ...; }; CompositeTypes: {}; }, never, never, never>', gave the following error.
    Argument of type '"boxes"' is not assignable to parameter of type 'never'.
src/services/box-service.ts(624,30): error TS2339: Property 'sponsored_until' does not exist on type '{ address: string | null; antall_anmeldelser: number | null; antall_stallplasser: number | null; bilde_beskrivelser: string[] | null; city: string | null; county: string | null; ... 19 more ...; stable: SelectQueryError<...>; } | ... 287 more ... | { ...; }'.
  Property 'sponsored_until' does not exist on type '{ address: string | null; antall_anmeldelser: number | null; antall_stallplasser: number | null; bilde_beskrivelser: string[] | null; city: string | null; county: string | null; ... 19 more ...; stable: SelectQueryError<...>; }'.
src/services/box-service.ts(624,61): error TS2339: Property 'sponsored_until' does not exist on type '{ address: string | null; antall_anmeldelser: number | null; antall_stallplasser: number | null; bilde_beskrivelser: string[] | null; city: string | null; county: string | null; ... 19 more ...; stable: SelectQueryError<...>; } | ... 287 more ... | { ...; }'.
  Property 'sponsored_until' does not exist on type '{ address: string | null; antall_anmeldelser: number | null; antall_stallplasser: number | null; bilde_beskrivelser: string[] | null; city: string | null; county: string | null; ... 19 more ...; stable: SelectQueryError<...>; }'.
src/services/box-service.ts(627,11): error TS2339: Property 'is_sponsored' does not exist on type '{ address: string | null; antall_anmeldelser: number | null; antall_stallplasser: number | null; bilde_beskrivelser: string[] | null; city: string | null; county: string | null; ... 19 more ...; stable: SelectQueryError<...>; } | ... 287 more ... | { ...; }'.
  Property 'is_sponsored' does not exist on type '{ address: string | null; antall_anmeldelser: number | null; antall_stallplasser: number | null; bilde_beskrivelser: string[] | null; city: string | null; county: string | null; ... 19 more ...; stable: SelectQueryError<...>; }'.
src/services/box-service.ts(632,18): error TS2339: Property 'advertising_active' does not exist on type 'SelectQueryError<"could not find the relation between staller and stables"> | SelectQueryError<"could not find the relation between stallplasser and stables"> | ... 14 more ... | SelectQueryError<...>'.
  Property 'advertising_active' does not exist on type 'SelectQueryError<"could not find the relation between staller and stables">'.
src/services/box-service.ts(632,51): error TS2339: Property 'advertising_end_date' does not exist on type 'SelectQueryError<"could not find the relation between staller and stables"> | SelectQueryError<"could not find the relation between stallplasser and stables"> | ... 14 more ... | SelectQueryError<...>'.
  Property 'advertising_end_date' does not exist on type 'SelectQueryError<"could not find the relation between staller and stables">'.
src/services/box-service.ts(633,52): error TS2339: Property 'advertising_end_date' does not exist on type 'SelectQueryError<"could not find the relation between staller and stables"> | SelectQueryError<"could not find the relation between stallplasser and stables"> | ... 14 more ... | SelectQueryError<...>'.
  Property 'advertising_end_date' does not exist on type 'SelectQueryError<"could not find the relation between staller and stables">'.
src/services/box-service.ts(639,22): error TS2339: Property 'is_sponsored' does not exist on type '{ address: string | null; antall_anmeldelser: number | null; antall_stallplasser: number | null; bilde_beskrivelser: string[] | null; city: string | null; county: string | null; ... 19 more ...; stable: SelectQueryError<...>; } | ... 287 more ... | { ...; }'.
  Property 'is_sponsored' does not exist on type '{ address: string | null; antall_anmeldelser: number | null; antall_stallplasser: number | null; bilde_beskrivelser: string[] | null; city: string | null; county: string | null; ... 19 more ...; stable: SelectQueryError<...>; }'.
src/services/cleanup-service.ts(24,13): error TS2769: No overload matches this call.
  Overload 1 of 2, '(relation: "utleie" | "brukere" | "staller" | "samtaler" | "stallplasser" | "stall_fasiliteter" | "stallplass_fasiliteter" | "anmeldelser" | "base_prices" | "betalinger" | "meldinger" | ... 5 more ... | "stallplass_fasilitet_lenker"): PostgrestQueryBuilder<...>', gave the following error.
    Argument of type '"stables"' is not assignable to parameter of type '"utleie" | "brukere" | "staller" | "samtaler" | "stallplasser" | "stall_fasiliteter" | "stallplass_fasiliteter" | "anmeldelser" | "base_prices" | "betalinger" | "meldinger" | ... 5 more ... | "stallplass_fasilitet_lenker"'.
  Overload 2 of 2, '(relation: never): PostgrestQueryBuilder<{ Tables: { anmeldelser: { Row: { anmelder_id: string; anmeldt_id: string; anmeldt_type: "RENTER" | "STABLE_OWNER"; comment: string | null; er_moderert: boolean | null; ... 12 more ...; utleie_id: string; }; Insert: { ...; }; Update: { ...; }; Relationships: [...]; }; ... 15 more ...; utleie: { ...; }; }; Views: {}; Functions: {}; Enums: { ...; }; CompositeTypes: {}; }, never, never, never>', gave the following error.
    Argument of type '"stables"' is not assignable to parameter of type 'never'.
src/services/cleanup-service.ts(25,17): error TS2353: Object literal may only specify known properties, and 'advertising_active' does not exist in type '{ anmelder_id?: string | undefined; anmeldt_id?: string | undefined; anmeldt_type?: "RENTER" | "STABLE_OWNER" | undefined; comment?: string | null | undefined; er_moderert?: boolean | null | undefined; ... 12 more ...; utleie_id?: string | undefined; } | ... 15 more ... | { ...; }'.
src/services/cleanup-service.ts(39,13): error TS2769: No overload matches this call.
  Overload 1 of 2, '(relation: "utleie" | "brukere" | "staller" | "samtaler" | "stallplasser" | "stall_fasiliteter" | "stallplass_fasiliteter" | "anmeldelser" | "base_prices" | "betalinger" | "meldinger" | ... 5 more ... | "stallplass_fasilitet_lenker"): PostgrestQueryBuilder<...>', gave the following error.
    Argument of type '"stables"' is not assignable to parameter of type '"utleie" | "brukere" | "staller" | "samtaler" | "stallplasser" | "stall_fasiliteter" | "stallplass_fasiliteter" | "anmeldelser" | "base_prices" | "betalinger" | "meldinger" | ... 5 more ... | "stallplass_fasilitet_lenker"'.
  Overload 2 of 2, '(relation: never): PostgrestQueryBuilder<{ Tables: { anmeldelser: { Row: { anmelder_id: string; anmeldt_id: string; anmeldt_type: "RENTER" | "STABLE_OWNER"; comment: string | null; er_moderert: boolean | null; ... 12 more ...; utleie_id: string; }; Insert: { ...; }; Update: { ...; }; Relationships: [...]; }; ... 15 more ...; utleie: { ...; }; }; Views: {}; Functions: {}; Enums: { ...; }; CompositeTypes: {}; }, never, never, never>', gave the following error.
    Argument of type '"stables"' is not assignable to parameter of type 'never'.
src/services/cleanup-service.ts(53,15): error TS2769: No overload matches this call.
  Overload 1 of 2, '(relation: "utleie" | "brukere" | "staller" | "samtaler" | "stallplasser" | "stall_fasiliteter" | "stallplass_fasiliteter" | "anmeldelser" | "base_prices" | "betalinger" | "meldinger" | ... 5 more ... | "stallplass_fasilitet_lenker"): PostgrestQueryBuilder<...>', gave the following error.
    Argument of type '"boxes"' is not assignable to parameter of type '"utleie" | "brukere" | "staller" | "samtaler" | "stallplasser" | "stall_fasiliteter" | "stallplass_fasiliteter" | "anmeldelser" | "base_prices" | "betalinger" | "meldinger" | ... 5 more ... | "stallplass_fasilitet_lenker"'.
  Overload 2 of 2, '(relation: never): PostgrestQueryBuilder<{ Tables: { anmeldelser: { Row: { anmelder_id: string; anmeldt_id: string; anmeldt_type: "RENTER" | "STABLE_OWNER"; comment: string | null; er_moderert: boolean | null; ... 12 more ...; utleie_id: string; }; Insert: { ...; }; Update: { ...; }; Relationships: [...]; }; ... 15 more ...; utleie: { ...; }; }; Views: {}; Functions: {}; Enums: { ...; }; CompositeTypes: {}; }, never, never, never>', gave the following error.
    Argument of type '"boxes"' is not assignable to parameter of type 'never'.
src/services/cleanup-service.ts(70,13): error TS2769: No overload matches this call.
  Overload 1 of 2, '(relation: "utleie" | "brukere" | "staller" | "samtaler" | "stallplasser" | "stall_fasiliteter" | "stallplass_fasiliteter" | "anmeldelser" | "base_prices" | "betalinger" | "meldinger" | ... 5 more ... | "stallplass_fasilitet_lenker"): PostgrestQueryBuilder<...>', gave the following error.
    Argument of type '"boxes"' is not assignable to parameter of type '"utleie" | "brukere" | "staller" | "samtaler" | "stallplasser" | "stall_fasiliteter" | "stallplass_fasiliteter" | "anmeldelser" | "base_prices" | "betalinger" | "meldinger" | ... 5 more ... | "stallplass_fasilitet_lenker"'.
  Overload 2 of 2, '(relation: never): PostgrestQueryBuilder<{ Tables: { anmeldelser: { Row: { anmelder_id: string; anmeldt_id: string; anmeldt_type: "RENTER" | "STABLE_OWNER"; comment: string | null; er_moderert: boolean | null; ... 12 more ...; utleie_id: string; }; Insert: { ...; }; Update: { ...; }; Relationships: [...]; }; ... 15 more ...; utleie: { ...; }; }; Views: {}; Functions: {}; Enums: { ...; }; CompositeTypes: {}; }, never, never, never>', gave the following error.
    Argument of type '"boxes"' is not assignable to parameter of type 'never'.
src/services/cleanup-service.ts(72,9): error TS2353: Object literal may only specify known properties, and 'is_sponsored' does not exist in type '{ anmelder_id?: string | undefined; anmeldt_id?: string | undefined; anmeldt_type?: "RENTER" | "STABLE_OWNER" | undefined; comment?: string | null | undefined; er_moderert?: boolean | null | undefined; ... 12 more ...; utleie_id?: string | undefined; } | ... 15 more ... | { ...; }'.
src/services/cleanup-service.ts(107,11): error TS2769: No overload matches this call.
  Overload 1 of 2, '(relation: "utleie" | "brukere" | "staller" | "samtaler" | "stallplasser" | "stall_fasiliteter" | "stallplass_fasiliteter" | "anmeldelser" | "base_prices" | "betalinger" | "meldinger" | ... 5 more ... | "stallplass_fasilitet_lenker"): PostgrestQueryBuilder<...>', gave the following error.
    Argument of type '"stables"' is not assignable to parameter of type '"utleie" | "brukere" | "staller" | "samtaler" | "stallplasser" | "stall_fasiliteter" | "stallplass_fasiliteter" | "anmeldelser" | "base_prices" | "betalinger" | "meldinger" | ... 5 more ... | "stallplass_fasilitet_lenker"'.
  Overload 2 of 2, '(relation: never): PostgrestQueryBuilder<{ Tables: { anmeldelser: { Row: { anmelder_id: string; anmeldt_id: string; anmeldt_type: "RENTER" | "STABLE_OWNER"; comment: string | null; er_moderert: boolean | null; ... 12 more ...; utleie_id: string; }; Insert: { ...; }; Update: { ...; }; Relationships: [...]; }; ... 15 more ...; utleie: { ...; }; }; Views: {}; Functions: {}; Enums: { ...; }; CompositeTypes: {}; }, never, never, never>', gave the following error.
    Argument of type '"stables"' is not assignable to parameter of type 'never'.
src/services/cleanup-service.ts(137,11): error TS2769: No overload matches this call.
  Overload 1 of 2, '(relation: "utleie" | "brukere" | "staller" | "samtaler" | "stallplasser" | "stall_fasiliteter" | "stallplass_fasiliteter" | "anmeldelser" | "base_prices" | "betalinger" | "meldinger" | ... 5 more ... | "stallplass_fasilitet_lenker"): PostgrestQueryBuilder<...>', gave the following error.
    Argument of type '"boxes"' is not assignable to parameter of type '"utleie" | "brukere" | "staller" | "samtaler" | "stallplasser" | "stall_fasiliteter" | "stallplass_fasiliteter" | "anmeldelser" | "base_prices" | "betalinger" | "meldinger" | ... 5 more ... | "stallplass_fasilitet_lenker"'.
  Overload 2 of 2, '(relation: never): PostgrestQueryBuilder<{ Tables: { anmeldelser: { Row: { anmelder_id: string; anmeldt_id: string; anmeldt_type: "RENTER" | "STABLE_OWNER"; comment: string | null; er_moderert: boolean | null; ... 12 more ...; utleie_id: string; }; Insert: { ...; }; Update: { ...; }; Relationships: [...]; }; ... 15 more ...; utleie: { ...; }; }; Views: {}; Functions: {}; Enums: { ...; }; CompositeTypes: {}; }, never, never, never>', gave the following error.
    Argument of type '"boxes"' is not assignable to parameter of type 'never'.
src/services/pricing-service.ts(16,21): error TS2339: Property 'price' does not exist on type 'SelectQueryError<"column 'price' does not exist on 'base_prices'.">'.
src/services/pricing-service.ts(63,28): error TS2339: Property 'is_active' does not exist on type '{ er_aktiv: boolean | null; id: string; maaneder: number; oppdatert_dato: string | null; opprettet_dato: string | null; rabatt_prosent: number; }'.
src/services/pricing-service.ts(64,21): error TS2339: Property 'percentage' does not exist on type '{ er_aktiv: boolean | null; id: string; maaneder: number; oppdatert_dato: string | null; opprettet_dato: string | null; rabatt_prosent: number; }'.
src/services/pricing-service.ts(81,15): error TS2353: Object literal may only specify known properties, and 'price' does not exist in type '{ description?: string | null | undefined; er_aktiv?: boolean | null | undefined; grunnpris?: number | undefined; id?: string | undefined; name?: string | undefined; oppdatert_dato?: string | ... 1 more ... | undefined; opprettet_dato?: string | ... 1 more ... | undefined; }'.
src/services/pricing-service.ts(105,17): error TS2353: Object literal may only specify known properties, and 'price' does not exist in type '{ description?: string | null | undefined; er_aktiv?: boolean | null | undefined; grunnpris?: number | undefined; id?: string | undefined; name?: string | undefined; oppdatert_dato?: string | ... 1 more ... | undefined; opprettet_dato?: string | ... 1 more ... | undefined; }'.
src/services/pricing-service.ts(119,8): error TS2769: No overload matches this call.
  Overload 1 of 2, '(values: { description?: string | null | undefined; er_aktiv?: boolean | null | undefined; grunnpris: number; id?: string | undefined; name: string; oppdatert_dato?: string | null | undefined; opprettet_dato?: string | ... 1 more ... | undefined; }, options?: { ...; } | undefined): PostgrestFilterBuilder<...>', gave the following error.
    Argument of type '{ name: string; price: number; description: string; is_active: boolean; }[]' is not assignable to parameter of type '{ description?: string | null | undefined; er_aktiv?: boolean | null | undefined; grunnpris: number; id?: string | undefined; name: string; oppdatert_dato?: string | null | undefined; opprettet_dato?: string | ... 1 more ... | undefined; }'.
      Type '{ name: string; price: number; description: string; is_active: boolean; }[]' is missing the following properties from type '{ description?: string | null | undefined; er_aktiv?: boolean | null | undefined; grunnpris: number; id?: string | undefined; name: string; oppdatert_dato?: string | null | undefined; opprettet_dato?: string | ... 1 more ... | undefined; }': grunnpris, name
  Overload 2 of 2, '(values: { description?: string | null | undefined; er_aktiv?: boolean | null | undefined; grunnpris: number; id?: string | undefined; name: string; oppdatert_dato?: string | null | undefined; opprettet_dato?: string | ... 1 more ... | undefined; }[], options?: { ...; } | undefined): PostgrestFilterBuilder<...>', gave the following error.
    Object literal may only specify known properties, and 'price' does not exist in type '{ description?: string | null | undefined; er_aktiv?: boolean | null | undefined; grunnpris: number; id?: string | undefined; name: string; oppdatert_dato?: string | null | undefined; opprettet_dato?: string | ... 1 more ... | undefined; }'.
src/services/pricing-service.ts(142,6): error TS2769: No overload matches this call.
  Overload 1 of 2, '(values: { er_aktiv?: boolean | null | undefined; id?: string | undefined; maaneder: number; oppdatert_dato?: string | null | undefined; opprettet_dato?: string | null | undefined; rabatt_prosent: number; }, options?: { ...; } | undefined): PostgrestFilterBuilder<...>', gave the following error.
    Argument of type '{ months: number; percentage: number; }[]' is not assignable to parameter of type '{ er_aktiv?: boolean | null | undefined; id?: string | undefined; maaneder: number; oppdatert_dato?: string | null | undefined; opprettet_dato?: string | null | undefined; rabatt_prosent: number; }'.
      Type '{ months: number; percentage: number; }[]' is missing the following properties from type '{ er_aktiv?: boolean | null | undefined; id?: string | undefined; maaneder: number; oppdatert_dato?: string | null | undefined; opprettet_dato?: string | null | undefined; rabatt_prosent: number; }': maaneder, rabatt_prosent
  Overload 2 of 2, '(values: { er_aktiv?: boolean | null | undefined; id?: string | undefined; maaneder: number; oppdatert_dato?: string | null | undefined; opprettet_dato?: string | null | undefined; rabatt_prosent: number; }[], options?: { ...; } | undefined): PostgrestFilterBuilder<...>', gave the following error.
    Type '{ months: number; percentage: number; }' is missing the following properties from type '{ er_aktiv?: boolean | null | undefined; id?: string | undefined; maaneder: number; oppdatert_dato?: string | null | undefined; opprettet_dato?: string | null | undefined; rabatt_prosent: number; }': maaneder, rabatt_prosent
src/services/pricing-service.ts(160,13): error TS2559: Type 'Partial<{ months: number; percentage: number; is_active: boolean; }>' has no properties in common with type '{ er_aktiv?: boolean | null | undefined; id?: string | undefined; maaneder?: number | undefined; oppdatert_dato?: string | null | undefined; opprettet_dato?: string | null | undefined; rabatt_prosent?: number | undefined; }'.
src/services/pricing-service.ts(182,26): error TS2339: Property 'price' does not exist on type 'SelectQueryError<"column 'price' does not exist on 'base_prices'.">'.
src/services/pricing-service.ts(212,17): error TS2353: Object literal may only specify known properties, and 'price' does not exist in type '{ description?: string | null | undefined; er_aktiv?: boolean | null | undefined; grunnpris?: number | undefined; id?: string | undefined; name?: string | undefined; oppdatert_dato?: string | ... 1 more ... | undefined; opprettet_dato?: string | ... 1 more ... | undefined; }'.
src/services/pricing-service.ts(226,8): error TS2769: No overload matches this call.
  Overload 1 of 2, '(values: { description?: string | null | undefined; er_aktiv?: boolean | null | undefined; grunnpris: number; id?: string | undefined; name: string; oppdatert_dato?: string | null | undefined; opprettet_dato?: string | ... 1 more ... | undefined; }, options?: { ...; } | undefined): PostgrestFilterBuilder<...>', gave the following error.
    Argument of type '{ name: string; price: number; description: string; is_active: boolean; }[]' is not assignable to parameter of type '{ description?: string | null | undefined; er_aktiv?: boolean | null | undefined; grunnpris: number; id?: string | undefined; name: string; oppdatert_dato?: string | null | undefined; opprettet_dato?: string | ... 1 more ... | undefined; }'.
      Type '{ name: string; price: number; description: string; is_active: boolean; }[]' is missing the following properties from type '{ description?: string | null | undefined; er_aktiv?: boolean | null | undefined; grunnpris: number; id?: string | undefined; name: string; oppdatert_dato?: string | null | undefined; opprettet_dato?: string | ... 1 more ... | undefined; }': grunnpris, name
  Overload 2 of 2, '(values: { description?: string | null | undefined; er_aktiv?: boolean | null | undefined; grunnpris: number; id?: string | undefined; name: string; oppdatert_dato?: string | null | undefined; opprettet_dato?: string | ... 1 more ... | undefined; }[], options?: { ...; } | undefined): PostgrestFilterBuilder<...>', gave the following error.
    Object literal may only specify known properties, and 'price' does not exist in type '{ description?: string | null | undefined; er_aktiv?: boolean | null | undefined; grunnpris: number; id?: string | undefined; name: string; oppdatert_dato?: string | null | undefined; opprettet_dato?: string | ... 1 more ... | undefined; }'.
src/services/realtime-service.ts(43,10): error TS2352: Conversion of type '{ amount: number; betalingsmetode: "VIPPS" | "CARD" | "BYPASS" | null; betalt_dato: string | null; bruker_id: string; discount: number | null; feil_arsak: string | null; feilet_dato: string | null; ... 12 more ...; user: SelectQueryError<...>; }[]' to type 'PaymentWithRelations[]' may be a mistake because neither type sufficiently overlaps with the other. If this was intentional, convert the expression to 'unknown' first.
  Type '{ amount: number; betalingsmetode: "VIPPS" | "CARD" | "BYPASS" | null; betalt_dato: string | null; bruker_id: string; discount: number | null; feil_arsak: string | null; feilet_dato: string | null; ... 12 more ...; user: SelectQueryError<...>; }' is not comparable to type 'PaymentWithRelations'.
    Types of property 'stable' are incompatible.
      Type '{ error: true; } & String' is missing the following properties from type '{ id: string; name: string; owner_id: string; }': id, name, owner_id
src/services/realtime-service.ts(74,25): error TS2339: Property 'owner_id' does not exist on type 'SelectQueryError<"column 'owner_id' does not exist on 'staller'.">'.
src/services/realtime-service.ts(109,21): error TS2769: No overload matches this call.
  Overload 1 of 2, '(relation: "anmeldelser" | "utleie" | "brukere" | "staller" | "base_prices" | "betalinger" | "meldinger" | "samtaler" | "page_views" | "pricing_discounts" | "roadmap_items" | "stallplasser" | ... 4 more ... | "stallplass_fasiliteter"): PostgrestQueryBuilder<...>', gave the following error.
    Argument of type '"stables"' is not assignable to parameter of type '"anmeldelser" | "utleie" | "brukere" | "staller" | "base_prices" | "betalinger" | "meldinger" | "samtaler" | "page_views" | "pricing_discounts" | "roadmap_items" | "stallplasser" | ... 4 more ... | "stallplass_fasiliteter"'.
  Overload 2 of 2, '(relation: never): PostgrestQueryBuilder<{ Tables: { anmeldelser: { Row: { anmelder_id: string; anmeldt_id: string; anmeldt_type: "RENTER" | "STABLE_OWNER"; comment: string | null; er_moderert: boolean | null; ... 12 more ...; utleie_id: string; }; Insert: { ...; }; Update: { ...; }; Relationships: [...]; }; ... 15 more ...; utleie: { ...; }; }; Views: {}; Functions: {}; Enums: { ...; }; CompositeTypes: {}; }, never, never, never>', gave the following error.
    Argument of type '"stables"' is not assignable to parameter of type 'never'.
src/services/realtime-service.ts(114,25): error TS2339: Property 'owner_id' does not exist on type 'SelectQueryError<"column 'owner_id' does not exist on 'staller'."> | SelectQueryError<"column 'owner_id' does not exist on 'anmeldelser'."> | ... 14 more ... | SelectQueryError<...>'.
  Property 'owner_id' does not exist on type 'SelectQueryError<"column 'owner_id' does not exist on 'staller'.">'.
src/services/realtime-service.ts(131,56): error TS2339: Property 'messages' does not exist on type '{ anmeldelser: { Row: { anmelder_id: string; anmeldt_id: string; anmeldt_type: "RENTER" | "STABLE_OWNER"; comment: string | null; er_moderert: boolean | null; er_offentlig: boolean | null; ... 11 more ...; utleie_id: string; }; Insert: { ...; }; Update: { ...; }; Relationships: [...]; }; ... 15 more ...; utleie: { ....'.
src/services/realtime-service.ts(157,27): error TS2339: Property 'stable' does not exist on type 'SelectQueryError<"column 'stable_id' does not exist on 'samtaler'.">'.
src/services/realtime-service.ts(160,66): error TS2339: Property 'messages' does not exist on type '{ anmeldelser: { Row: { anmelder_id: string; anmeldt_id: string; anmeldt_type: "RENTER" | "STABLE_OWNER"; comment: string | null; er_moderert: boolean | null; er_offentlig: boolean | null; ... 11 more ...; utleie_id: string; }; Insert: { ...; }; Update: { ...; }; Relationships: [...]; }; ... 15 more ...; utleie: { ....'.
src/services/realtime-service.ts(175,51): error TS2339: Property 'boxes' does not exist on type '{ anmeldelser: { Row: { anmelder_id: string; anmeldt_id: string; anmeldt_type: "RENTER" | "STABLE_OWNER"; comment: string | null; er_moderert: boolean | null; er_offentlig: boolean | null; ... 11 more ...; utleie_id: string; }; Insert: { ...; }; Update: { ...; }; Relationships: [...]; }; ... 15 more ...; utleie: { ....'.
src/services/realtime-service.ts(187,82): error TS2339: Property 'boxes' does not exist on type '{ anmeldelser: { Row: { anmelder_id: string; anmeldt_id: string; anmeldt_type: "RENTER" | "STABLE_OWNER"; comment: string | null; er_moderert: boolean | null; er_offentlig: boolean | null; ... 11 more ...; utleie_id: string; }; Insert: { ...; }; Update: { ...; }; Relationships: [...]; }; ... 15 more ...; utleie: { ....'.
src/services/realtime-service.ts(192,19): error TS2769: No overload matches this call.
  Overload 1 of 2, '(relation: "anmeldelser" | "utleie" | "brukere" | "staller" | "base_prices" | "betalinger" | "meldinger" | "samtaler" | "page_views" | "pricing_discounts" | "roadmap_items" | "stallplasser" | ... 4 more ... | "stallplass_fasiliteter"): PostgrestQueryBuilder<...>', gave the following error.
    Argument of type '"stables"' is not assignable to parameter of type '"anmeldelser" | "utleie" | "brukere" | "staller" | "base_prices" | "betalinger" | "meldinger" | "samtaler" | "page_views" | "pricing_discounts" | "roadmap_items" | "stallplasser" | ... 4 more ... | "stallplass_fasiliteter"'.
  Overload 2 of 2, '(relation: never): PostgrestQueryBuilder<{ Tables: { anmeldelser: { Row: { anmelder_id: string; anmeldt_id: string; anmeldt_type: "RENTER" | "STABLE_OWNER"; comment: string | null; er_moderert: boolean | null; ... 12 more ...; utleie_id: string; }; Insert: { ...; }; Update: { ...; }; Relationships: [...]; }; ... 15 more ...; utleie: { ...; }; }; Views: {}; Functions: {}; Enums: { ...; }; CompositeTypes: {}; }, never, never, never>', gave the following error.
    Argument of type '"stables"' is not assignable to parameter of type 'never'.
src/services/realtime-service.ts(197,23): error TS2339: Property 'owner_id' does not exist on type 'SelectQueryError<"column 'owner_id' does not exist on 'staller'."> | SelectQueryError<"column 'owner_id' does not exist on 'anmeldelser'."> | ... 14 more ... | SelectQueryError<...>'.
  Property 'owner_id' does not exist on type 'SelectQueryError<"column 'owner_id' does not exist on 'staller'.">'.
src/services/rental-service.ts(123,12): error TS2352: Conversion of type 'SelectQueryError<"column 'owner_id' does not exist on 'staller'.">[]' to type '{ id: string; name: string; owner_id: string; }' may be a mistake because neither type sufficiently overlaps with the other. If this was intentional, convert the expression to 'unknown' first.
  Type 'SelectQueryError<"column 'owner_id' does not exist on 'staller'.">[]' is missing the following properties from type '{ id: string; name: string; owner_id: string; }': id, name, owner_id
src/services/rental-service.ts(125,30): error TS2339: Property 'id' does not exist on type 'SelectQueryError<"could not find the relation between utleie and stallplasser">'.
src/services/rental-service.ts(126,32): error TS2339: Property 'name' does not exist on type 'SelectQueryError<"could not find the relation between utleie and stallplasser">'.
src/services/rental-service.ts(127,42): error TS2339: Property 'maanedlig_pris' does not exist on type 'SelectQueryError<"could not find the relation between utleie and stallplasser">'.
src/services/rental-service.ts(129,16): error TS2352: Conversion of type '{ id: string; name: string | null; email: string; }[]' to type '{ id: string; name: string | null; email: string; }' may be a mistake because neither type sufficiently overlaps with the other. If this was intentional, convert the expression to 'unknown' first.
  Type '{ id: string; name: string | null; email: string; }[]' is missing the following properties from type '{ id: string; name: string | null; email: string; }': id, name, email
src/services/rental-service.ts(130,14): error TS2352: Conversion of type 'SelectQueryError<"could not find the relation between utleie and conversations">' to type '{ id: string; status: string; }' may be a mistake because neither type sufficiently overlaps with the other. If this was intentional, convert the expression to 'unknown' first.
  Type '{ error: true; } & String' is missing the following properties from type '{ id: string; status: string; }': id, status
src/services/rental-service.ts(187,12): error TS2352: Conversion of type 'SelectQueryError<"column 'owner_id' does not exist on 'staller'.">[]' to type '{ id: string; name: string; owner_id: string; }' may be a mistake because neither type sufficiently overlaps with the other. If this was intentional, convert the expression to 'unknown' first.
  Type 'SelectQueryError<"column 'owner_id' does not exist on 'staller'.">[]' is missing the following properties from type '{ id: string; name: string; owner_id: string; }': id, name, owner_id
src/services/rental-service.ts(189,30): error TS2339: Property 'id' does not exist on type 'SelectQueryError<"could not find the relation between utleie and stallplasser">'.
src/services/rental-service.ts(190,32): error TS2339: Property 'name' does not exist on type 'SelectQueryError<"could not find the relation between utleie and stallplasser">'.
src/services/rental-service.ts(191,42): error TS2339: Property 'maanedlig_pris' does not exist on type 'SelectQueryError<"could not find the relation between utleie and stallplasser">'.
src/services/rental-service.ts(193,16): error TS2352: Conversion of type '{ id: string; name: string | null; email: string; }[]' to type '{ id: string; name: string | null; email: string; }' may be a mistake because neither type sufficiently overlaps with the other. If this was intentional, convert the expression to 'unknown' first.
  Type '{ id: string; name: string | null; email: string; }[]' is missing the following properties from type '{ id: string; name: string | null; email: string; }': id, name, email
src/services/rental-service.ts(194,14): error TS2352: Conversion of type 'SelectQueryError<"could not find the relation between utleie and conversations">' to type '{ id: string; status: string; }' may be a mistake because neither type sufficiently overlaps with the other. If this was intentional, convert the expression to 'unknown' first.
  Type '{ error: true; } & String' is missing the following properties from type '{ id: string; status: string; }': id, status
src/services/rental-service.ts(392,24): error TS2339: Property 'owner_id' does not exist on type 'SelectQueryError<"column 'owner_id' does not exist on 'staller'.">'.
src/services/rental-service.ts(476,24): error TS2339: Property 'owner_id' does not exist on type 'SelectQueryError<"column 'owner_id' does not exist on 'staller'.">'.
src/services/rental-service.ts(509,22): error TS2352: Conversion of type 'SelectQueryError<"column 'owner_id' does not exist on 'staller'.">[]' to type '{ id: string; name: string; owner_id: string; }' may be a mistake because neither type sufficiently overlaps with the other. If this was intentional, convert the expression to 'unknown' first.
  Type 'SelectQueryError<"column 'owner_id' does not exist on 'staller'.">[]' is missing the following properties from type '{ id: string; name: string; owner_id: string; }': id, name, owner_id
src/services/rental-service.ts(511,44): error TS2339: Property 'id' does not exist on type 'SelectQueryError<"could not find the relation between utleie and stallplasser">'.
src/services/rental-service.ts(512,46): error TS2339: Property 'name' does not exist on type 'SelectQueryError<"could not find the relation between utleie and stallplasser">'.
src/services/rental-service.ts(513,56): error TS2339: Property 'maanedlig_pris' does not exist on type 'SelectQueryError<"could not find the relation between utleie and stallplasser">'.
src/services/rental-service.ts(515,26): error TS2352: Conversion of type '{ id: string; name: string | null; email: string; }[]' to type '{ id: string; name: string | null; email: string; }' may be a mistake because neither type sufficiently overlaps with the other. If this was intentional, convert the expression to 'unknown' first.
  Type '{ id: string; name: string | null; email: string; }[]' is missing the following properties from type '{ id: string; name: string | null; email: string; }': id, name, email
src/services/rental-service.ts(516,24): error TS2352: Conversion of type 'SelectQueryError<"could not find the relation between utleie and conversations">' to type '{ id: string; status: string; }' may be a mistake because neither type sufficiently overlaps with the other. If this was intentional, convert the expression to 'unknown' first.
  Type '{ error: true; } & String' is missing the following properties from type '{ id: string; status: string; }': id, status
src/services/rental-status-service.ts(6,29): error TS2344: Type '"rentals"' does not satisfy the constraint '"anmeldelser" | "utleie" | "brukere" | "staller" | "base_prices" | "betalinger" | "meldinger" | "samtaler" | "page_views" | "pricing_discounts" | "roadmap_items" | "stallplasser" | ... 5 more ... | { ...; }'.
src/services/rental-status-service.ts(90,13): error TS2769: No overload matches this call.
  Overload 1 of 2, '(relation: "anmeldelser" | "utleie" | "brukere" | "staller" | "base_prices" | "betalinger" | "meldinger" | "samtaler" | "page_views" | "pricing_discounts" | "roadmap_items" | "stallplasser" | ... 4 more ... | "stallplass_fasiliteter"): PostgrestQueryBuilder<...>', gave the following error.
    Argument of type '"rentals"' is not assignable to parameter of type '"anmeldelser" | "utleie" | "brukere" | "staller" | "base_prices" | "betalinger" | "meldinger" | "samtaler" | "page_views" | "pricing_discounts" | "roadmap_items" | "stallplasser" | ... 4 more ... | "stallplass_fasiliteter"'.
  Overload 2 of 2, '(relation: never): PostgrestQueryBuilder<{ Tables: { anmeldelser: { Row: { anmelder_id: string; anmeldt_id: string; anmeldt_type: "RENTER" | "STABLE_OWNER"; comment: string | null; er_moderert: boolean | null; ... 12 more ...; utleie_id: string; }; Insert: { ...; }; Update: { ...; }; Relationships: [...]; }; ... 15 more ...; utleie: { ...; }; }; Views: {}; Functions: {}; Enums: { ...; }; CompositeTypes: {}; }, never, never, never>', gave the following error.
    Argument of type '"rentals"' is not assignable to parameter of type 'never'.
src/services/rental-status-service.ts(102,41): error TS2339: Property 'status' does not exist on type '{ id: string; leietaker_id: string; oppdatert_dato: string | null; opprettet_dato: string | null; stall_id: string; stallplass_id: string | null; status: "ACTIVE" | "ARCHIVED" | "RENTAL_CONFIRMED" | null; } | ... 15 more ... | { ...; }'.
  Property 'status' does not exist on type '{ bilde_beskrivelser: string[] | null; description: string | null; er_aktiv: boolean | null; er_innendors: boolean | null; er_sponset: boolean | null; er_tilgjengelig: boolean | null; ... 15 more ...; stallplass_type: "BOKS" | ... 1 more ... | null; }'.
src/services/rental-status-service.ts(113,57): error TS2345: Argument of type '{ id: string; leietaker_id: string; oppdatert_dato: string | null; opprettet_dato: string | null; stall_id: string; stallplass_id: string | null; status: "ACTIVE" | "ARCHIVED" | "RENTAL_CONFIRMED" | null; } | ... 15 more ... | { ...; }' is not assignable to parameter of type 'never'.
  Type '{ id: string; leietaker_id: string; oppdatert_dato: string | null; opprettet_dato: string | null; stall_id: string; stallplass_id: string | null; status: "ACTIVE" | "ARCHIVED" | "RENTAL_CONFIRMED" | null; }' is not assignable to type 'never'.
src/services/rental-status-service.ts(144,7): error TS2322: Type '{ id: string; leietaker_id: string; maanedlig_pris: number; oppdatert_dato: string | null; opprettet_dato: string | null; samtale_id: string; slutt_dato: string | null; stall_id: string; stallplass_id: string; start_dato: string; status: "CANCELLED" | ... 2 more ... | null; }' is not assignable to type 'undefined'.
src/services/rental-status-service.ts(168,13): error TS2769: No overload matches this call.
  Overload 1 of 2, '(relation: "anmeldelser" | "utleie" | "brukere" | "staller" | "base_prices" | "betalinger" | "meldinger" | "samtaler" | "page_views" | "pricing_discounts" | "roadmap_items" | "stallplasser" | ... 4 more ... | "stallplass_fasiliteter"): PostgrestQueryBuilder<...>', gave the following error.
    Argument of type '"rentals"' is not assignable to parameter of type '"anmeldelser" | "utleie" | "brukere" | "staller" | "base_prices" | "betalinger" | "meldinger" | "samtaler" | "page_views" | "pricing_discounts" | "roadmap_items" | "stallplasser" | ... 4 more ... | "stallplass_fasiliteter"'.
  Overload 2 of 2, '(relation: never): PostgrestQueryBuilder<{ Tables: { anmeldelser: { Row: { anmelder_id: string; anmeldt_id: string; anmeldt_type: "RENTER" | "STABLE_OWNER"; comment: string | null; er_moderert: boolean | null; ... 12 more ...; utleie_id: string; }; Insert: { ...; }; Update: { ...; }; Relationships: [...]; }; ... 15 more ...; utleie: { ...; }; }; Views: {}; Functions: {}; Enums: { ...; }; CompositeTypes: {}; }, never, never, never>', gave the following error.
    Argument of type '"rentals"' is not assignable to parameter of type 'never'.
src/services/rental-status-service.ts(178,28): error TS2339: Property 'box_id' does not exist on type 'never'.
src/services/rental-status-service.ts(180,25): error TS2339: Property 'id' does not exist on type 'never'.
src/services/rental-status-service.ts(186,28): error TS2339: Property 'id' does not exist on type 'never'.
src/services/rental-status-service.ts(186,68): error TS2339: Property 'id' does not exist on type 'SelectQueryError<"column 'start_date' does not exist on 'anmeldelser'."> | SelectQueryError<"column 'start_date' does not exist on 'utleie'."> | ... 14 more ... | SelectQueryError<...>'.
  Property 'id' does not exist on type 'SelectQueryError<"column 'start_date' does not exist on 'anmeldelser'.">'.
src/services/rental-status-service.ts(187,23): error TS2339: Property 'box_id' does not exist on type 'never'.
src/services/rental-status-service.ts(188,26): error TS2339: Property 'stable_id' does not exist on type 'never'.
src/services/rental-status-service.ts(190,62): error TS2339: Property 'id' does not exist on type 'never'.
src/services/rental-status-service.ts(190,83): error TS2339: Property 'box_id' does not exist on type 'never'.
src/services/rental-status-service.ts(199,59): error TS2339: Property 'rider_id' does not exist on type 'SelectQueryError<"column 'start_date' does not exist on 'anmeldelser'."> | SelectQueryError<"column 'start_date' does not exist on 'utleie'."> | ... 14 more ... | SelectQueryError<...>'.
  Property 'rider_id' does not exist on type 'SelectQueryError<"column 'start_date' does not exist on 'anmeldelser'.">'.
src/services/rental-status-service.ts(208,13): error TS2769: No overload matches this call.
  Overload 1 of 2, '(relation: "anmeldelser" | "utleie" | "brukere" | "staller" | "base_prices" | "betalinger" | "meldinger" | "samtaler" | "page_views" | "pricing_discounts" | "roadmap_items" | "stallplasser" | ... 4 more ... | "stallplass_fasiliteter"): PostgrestQueryBuilder<...>', gave the following error.
    Argument of type '"boxes"' is not assignable to parameter of type '"anmeldelser" | "utleie" | "brukere" | "staller" | "base_prices" | "betalinger" | "meldinger" | "samtaler" | "page_views" | "pricing_discounts" | "roadmap_items" | "stallplasser" | ... 4 more ... | "stallplass_fasiliteter"'.
  Overload 2 of 2, '(relation: never): PostgrestQueryBuilder<{ Tables: { anmeldelser: { Row: { anmelder_id: string; anmeldt_id: string; anmeldt_type: "RENTER" | "STABLE_OWNER"; comment: string | null; er_moderert: boolean | null; ... 12 more ...; utleie_id: string; }; Insert: { ...; }; Update: { ...; }; Relationships: [...]; }; ... 15 more ...; utleie: { ...; }; }; Views: {}; Functions: {}; Enums: { ...; }; CompositeTypes: {}; }, never, never, never>', gave the following error.
    Argument of type '"boxes"' is not assignable to parameter of type 'never'.
src/services/rental-status-service.ts(210,24): error TS2339: Property 'box_id' does not exist on type 'never'.
src/services/rental-status-service.ts(213,29): error TS2339: Property 'is_available' does not exist on type 'SelectQueryError<"column 'is_available' does not exist on 'anmeldelser'."> | SelectQueryError<"column 'is_available' does not exist on 'utleie'."> | ... 14 more ... | SelectQueryError<...>'.
  Property 'is_available' does not exist on type 'SelectQueryError<"column 'is_available' does not exist on 'anmeldelser'.">'.
src/services/rental-status-service.ts(217,28): error TS2339: Property 'id' does not exist on type 'never'.
src/services/rental-status-service.ts(218,23): error TS2339: Property 'box_id' does not exist on type 'never'.
src/services/rental-status-service.ts(219,26): error TS2339: Property 'stable_id' does not exist on type 'never'.
src/services/rental-status-service.ts(221,36): error TS2339: Property 'box_id' does not exist on type 'never'.
src/services/rental-status-service.ts(238,13): error TS2769: No overload matches this call.
  Overload 1 of 2, '(relation: "anmeldelser" | "utleie" | "brukere" | "staller" | "base_prices" | "betalinger" | "meldinger" | "samtaler" | "page_views" | "pricing_discounts" | "roadmap_items" | "stallplasser" | ... 4 more ... | "stallplass_fasiliteter"): PostgrestQueryBuilder<...>', gave the following error.
    Argument of type '"payments"' is not assignable to parameter of type '"anmeldelser" | "utleie" | "brukere" | "staller" | "base_prices" | "betalinger" | "meldinger" | "samtaler" | "page_views" | "pricing_discounts" | "roadmap_items" | "stallplasser" | ... 4 more ... | "stallplass_fasiliteter"'.
  Overload 2 of 2, '(relation: never): PostgrestQueryBuilder<{ Tables: { anmeldelser: { Row: { anmelder_id: string; anmeldt_id: string; anmeldt_type: "RENTER" | "STABLE_OWNER"; comment: string | null; er_moderert: boolean | null; ... 12 more ...; utleie_id: string; }; Insert: { ...; }; Update: { ...; }; Relationships: [...]; }; ... 15 more ...; utleie: { ...; }; }; Views: {}; Functions: {}; Enums: { ...; }; CompositeTypes: {}; }, never, never, never>', gave the following error.
    Argument of type '"payments"' is not assignable to parameter of type 'never'.
src/services/rental-status-service.ts(240,31): error TS2339: Property 'id' does not exist on type 'never'.
src/services/rental-status-service.ts(247,28): error TS2339: Property 'id' does not exist on type 'never'.
src/services/rental-status-service.ts(248,23): error TS2339: Property 'box_id' does not exist on type 'never'.
src/services/rental-status-service.ts(249,26): error TS2339: Property 'stable_id' does not exist on type 'never'.
src/services/rental-status-service.ts(251,70): error TS2339: Property 'id' does not exist on type 'never'.
src/services/rental-status-service.ts(411,78): error TS2339: Property 'status' does not exist on type 'never'.
src/services/rental-status-service.ts(469,11): error TS2769: No overload matches this call.
  Overload 1 of 2, '(relation: "anmeldelser" | "utleie" | "brukere" | "staller" | "base_prices" | "betalinger" | "meldinger" | "samtaler" | "page_views" | "pricing_discounts" | "roadmap_items" | "stallplasser" | ... 4 more ... | "stallplass_fasiliteter"): PostgrestQueryBuilder<...>', gave the following error.
    Argument of type '"rentals"' is not assignable to parameter of type '"anmeldelser" | "utleie" | "brukere" | "staller" | "base_prices" | "betalinger" | "meldinger" | "samtaler" | "page_views" | "pricing_discounts" | "roadmap_items" | "stallplasser" | ... 4 more ... | "stallplass_fasiliteter"'.
  Overload 2 of 2, '(relation: never): PostgrestQueryBuilder<{ Tables: { anmeldelser: { Row: { anmelder_id: string; anmeldt_id: string; anmeldt_type: "RENTER" | "STABLE_OWNER"; comment: string | null; er_moderert: boolean | null; ... 12 more ...; utleie_id: string; }; Insert: { ...; }; Update: { ...; }; Relationships: [...]; }; ... 15 more ...; utleie: { ...; }; }; Views: {}; Functions: {}; Enums: { ...; }; CompositeTypes: {}; }, never, never, never>', gave the following error.
    Argument of type '"rentals"' is not assignable to parameter of type 'never'.
src/services/rental-status-service.ts(479,27): error TS2339: Property 'status' does not exist on type 'SelectQueryError<"column 'status' does not exist on 'anmeldelser'."> | SelectQueryError<"column 'status' does not exist on 'utleie'."> | ... 14 more ... | SelectQueryError<...>'.
  Property 'status' does not exist on type 'SelectQueryError<"column 'status' does not exist on 'anmeldelser'.">'.
src/services/rental-status-service.ts(516,13): error TS2769: No overload matches this call.
  Overload 1 of 2, '(relation: "anmeldelser" | "utleie" | "brukere" | "staller" | "base_prices" | "betalinger" | "meldinger" | "samtaler" | "page_views" | "pricing_discounts" | "roadmap_items" | "stallplasser" | ... 4 more ... | "stallplass_fasiliteter"): PostgrestQueryBuilder<...>', gave the following error.
    Argument of type '"rentals"' is not assignable to parameter of type '"anmeldelser" | "utleie" | "brukere" | "staller" | "base_prices" | "betalinger" | "meldinger" | "samtaler" | "page_views" | "pricing_discounts" | "roadmap_items" | "stallplasser" | ... 4 more ... | "stallplass_fasiliteter"'.
  Overload 2 of 2, '(relation: never): PostgrestQueryBuilder<{ Tables: { anmeldelser: { Row: { anmelder_id: string; anmeldt_id: string; anmeldt_type: "RENTER" | "STABLE_OWNER"; comment: string | null; er_moderert: boolean | null; ... 12 more ...; utleie_id: string; }; Insert: { ...; }; Update: { ...; }; Relationships: [...]; }; ... 15 more ...; utleie: { ...; }; }; Views: {}; Functions: {}; Enums: { ...; }; CompositeTypes: {}; }, never, never, never>', gave the following error.
    Argument of type '"rentals"' is not assignable to parameter of type 'never'.
src/services/rental-status-service.ts(532,41): error TS2339: Property 'status' does not exist on type '{ anmelder_id: string; anmeldt_id: string; anmeldt_type: "RENTER" | "STABLE_OWNER"; comment: string | null; er_moderert: boolean | null; er_offentlig: boolean | null; fasiliteter_vurdering: number | null; ... 13 more ...; rider: SelectQueryError<...>; } | ... 287 more ... | { ...; }'.
  Property 'status' does not exist on type '{ anmelder_id: string; anmeldt_id: string; anmeldt_type: "RENTER" | "STABLE_OWNER"; comment: string | null; er_moderert: boolean | null; er_offentlig: boolean | null; fasiliteter_vurdering: number | null; ... 13 more ...; rider: SelectQueryError<...>; }'.
src/services/rental-status-service.ts(533,60): error TS2339: Property 'status' does not exist on type '{ anmelder_id: string; anmeldt_id: string; anmeldt_type: "RENTER" | "STABLE_OWNER"; comment: string | null; er_moderert: boolean | null; er_offentlig: boolean | null; fasiliteter_vurdering: number | null; ... 13 more ...; rider: SelectQueryError<...>; } | ... 287 more ... | { ...; }'.
  Property 'status' does not exist on type '{ anmelder_id: string; anmeldt_id: string; anmeldt_type: "RENTER" | "STABLE_OWNER"; comment: string | null; er_moderert: boolean | null; er_offentlig: boolean | null; fasiliteter_vurdering: number | null; ... 13 more ...; rider: SelectQueryError<...>; }'.
src/services/rental-status-service.ts(539,28): error TS2339: Property 'is_available' does not exist on type 'SelectQueryError<"could not find the relation between staller and boxes"> | SelectQueryError<"could not find the relation between anmeldelser and boxes"> | ... 14 more ... | SelectQueryError<...>'.
  Property 'is_available' does not exist on type 'SelectQueryError<"could not find the relation between staller and boxes">'.
src/services/rental-status-service.ts(556,41): error TS2339: Property 'start_date' does not exist on type '{ anmelder_id: string; anmeldt_id: string; anmeldt_type: "RENTER" | "STABLE_OWNER"; comment: string | null; er_moderert: boolean | null; er_offentlig: boolean | null; fasiliteter_vurdering: number | null; ... 13 more ...; rider: SelectQueryError<...>; } | ... 287 more ... | { ...; }'.
  Property 'start_date' does not exist on type '{ anmelder_id: string; anmeldt_id: string; anmeldt_type: "RENTER" | "STABLE_OWNER"; comment: string | null; er_moderert: boolean | null; er_offentlig: boolean | null; fasiliteter_vurdering: number | null; ... 13 more ...; rider: SelectQueryError<...>; }'.
src/services/review-service.ts(318,33): error TS2693: 'OpprettAnmeldelseData' only refers to a type, but is being used as a value here.
src/services/review-service.ts(319,33): error TS2693: 'OppdaterAnmeldelseData' only refers to a type, but is being used as a value here.
src/services/review-service.ts(320,30): error TS2693: 'AnmeldelseFilter' only refers to a type, but is being used as a value here.
src/services/stable-service.ts(116,66): error TS2339: Property 'pris' does not exist on type '{ bilde_beskrivelser: string[] | null; description: string | null; er_aktiv: boolean | null; er_innendors: boolean | null; er_sponset: boolean | null; er_tilgjengelig: boolean | null; ... 16 more ...; amenities: { ...; }[]; }'.
src/services/stable-service.ts(132,10): error TS2352: Conversion of type '({ totalBoxes: number; availableBoxes: number; priceRange: { min: number; max: number; }; address: string | null; antall_anmeldelser: number | null; antall_stallplasser: number | null; ... 24 more ...; owner: { ...; }[]; } | { ...; } | { ...; } | { ...; } | { ...; })[]' to type 'StableWithBoxStats[]' may be a mistake because neither type sufficiently overlaps with the other. If this was intentional, convert the expression to 'unknown' first.
  Type '{ totalBoxes: number; availableBoxes: number; priceRange: { min: number; max: number; }; address: string | null; antall_anmeldelser: number | null; antall_stallplasser: number | null; ... 24 more ...; owner: { ...; }[]; } | { ...; } | { ...; } | { ...; } | { ...; }' is not comparable to type 'StableWithBoxStats'.
    Type '{ totalBoxes: number; availableBoxes: number; priceRange: { min: number; max: number; }; address: string | null; antall_anmeldelser: number | null; antall_stallplasser: number | null; bilde_beskrivelser: string[] | null; ... 23 more ...; owner: { ...; }[]; }' is not comparable to type 'StableWithBoxStats'.
      Type '{ totalBoxes: number; availableBoxes: number; priceRange: { min: number; max: number; }; address: string | null; antall_anmeldelser: number | null; antall_stallplasser: number | null; bilde_beskrivelser: string[] | null; ... 23 more ...; owner: { ...; }[]; }' is not comparable to type '{ totalBoxes: number; availableBoxes: number; priceRange: { min: number; max: number; }; boxes?: { bilde_beskrivelser: string[] | null; description: string | null; er_aktiv: boolean | null; ... 18 more ...; stallplass_type: "BOKS" | ... 1 more ... | null; }[] | undefined; amenities?: { ...; }[] | undefined; owner?: ...'.
        Types of property 'owner' are incompatible.
          Type '{ name: string | null; email: string; }[]' is missing the following properties from type '{ name: string | null; email: string; }': name, email
src/services/stable-service.ts(211,23): error TS2339: Property 'owner_id' does not exist on type 'CreateStableData'.
src/services/stable-service.ts(213,16): error TS2339: Property 'owner_name' does not exist on type 'CreateStableData'.
src/services/stable-service.ts(222,33): error TS2339: Property 'total_boxes' does not exist on type 'CreateStableData'.
src/services/stable-service.ts(231,32): error TS2339: Property 'image_descriptions' does not exist on type 'CreateStableData'.
src/services/stable-service.ts(232,21): error TS2339: Property 'owner_id' does not exist on type 'CreateStableData'.
src/services/stable-service.ts(233,23): error TS2339: Property 'owner_name' does not exist on type 'CreateStableData'.
src/services/stallplass-service.ts(109,3): error TS2322: Type '{ bilde_beskrivelser: string[] | null; description: string | null; er_aktiv: boolean | null; er_innendors: boolean | null; er_sponset: boolean | null; er_tilgjengelig: boolean | null; ... 17 more ...; stall: { ...; }[]; } | { ...; }' is not assignable to type 'StallplassWithStall | null'.
  Type '{ bilde_beskrivelser: string[] | null; description: string | null; er_aktiv: boolean | null; er_innendors: boolean | null; er_sponset: boolean | null; er_tilgjengelig: boolean | null; ... 17 more ...; stall: { ...; }[]; }' is not assignable to type 'StallplassWithStall'.
    Types of property 'stall' are incompatible.
      Type '{ id: string; name: string; location: string; eier_navn: string; rating: number | null; antall_anmeldelser: number | null; images: string[] | null; bilde_beskrivelser: string[] | null; reklame_aktiv: boolean | null; }[]' has no properties in common with type 'Partial<{ address: string | null; antall_anmeldelser: number | null; antall_stallplasser: number | null; bilde_beskrivelser: string[] | null; city: string | null; county: string | null; ... 18 more ...; reklame_start_dato: string | null; }>'.
src/services/stallplass-service.ts(310,3): error TS2322: Type '({ bilde_beskrivelser: string[] | null; description: string | null; er_aktiv: boolean | null; er_innendors: boolean | null; er_sponset: boolean | null; er_tilgjengelig: boolean | null; ... 17 more ...; stall: { ...; }[]; } | { ...; })[]' is not assignable to type 'StallplassWithStall[]'.
  Type '{ bilde_beskrivelser: string[] | null; description: string | null; er_aktiv: boolean | null; er_innendors: boolean | null; er_sponset: boolean | null; er_tilgjengelig: boolean | null; ... 17 more ...; stall: { ...; }[]; } | { ...; }' is not assignable to type 'StallplassWithStall'.
    Type '{ bilde_beskrivelser: string[] | null; description: string | null; er_aktiv: boolean | null; er_innendors: boolean | null; er_sponset: boolean | null; er_tilgjengelig: boolean | null; ... 17 more ...; stall: { ...; }[]; }' is not assignable to type 'StallplassWithStall'.
      Types of property 'stall' are incompatible.
        Type '{ id: string; name: string; location: string; eier_navn: string; rating: number | null; antall_anmeldelser: number | null; images: string[] | null; bilde_beskrivelser: string[] | null; reklame_aktiv: boolean | null; }[]' has no properties in common with type 'Partial<{ address: string | null; antall_anmeldelser: number | null; antall_stallplasser: number | null; bilde_beskrivelser: string[] | null; city: string | null; county: string | null; ... 18 more ...; reklame_start_dato: string | null; }>'.
src/types/admin.ts(4,32): error TS2344: Type '"users"' does not satisfy the constraint '"utleie" | "brukere" | "staller" | "samtaler" | "stallplasser" | "stall_fasiliteter" | "stallplass_fasiliteter" | { schema: keyof Database; } | "anmeldelser" | "base_prices" | ... 7 more ... | "stallplass_fasilitet_lenker"'.
src/types/admin.ts(11,34): error TS2344: Type '"stables"' does not satisfy the constraint '"utleie" | "brukere" | "staller" | "samtaler" | "stallplasser" | "stall_fasiliteter" | "stallplass_fasiliteter" | { schema: keyof Database; } | "anmeldelser" | "base_prices" | ... 7 more ... | "stallplass_fasilitet_lenker"'.
src/types/admin.ts(26,31): error TS2344: Type '"boxes"' does not satisfy the constraint '"utleie" | "brukere" | "staller" | "samtaler" | "stallplasser" | "stall_fasiliteter" | "stallplass_fasiliteter" | { schema: keyof Database; } | "anmeldelser" | "base_prices" | ... 7 more ... | "stallplass_fasilitet_lenker"'.
src/types/admin.ts(41,35): error TS2344: Type '"payments"' does not satisfy the constraint '"utleie" | "brukere" | "staller" | "samtaler" | "stallplasser" | "stall_fasiliteter" | "stallplass_fasiliteter" | { schema: keyof Database; } | "anmeldelser" | "base_prices" | ... 7 more ... | "stallplass_fasilitet_lenker"'.
src/types/amenity.ts(4,58): error TS2339: Property 'stable_amenities' does not exist on type '{ anmeldelser: { Row: { anmelder_id: string; anmeldt_id: string; anmeldt_type: "RENTER" | "STABLE_OWNER"; comment: string | null; er_moderert: boolean | null; er_offentlig: boolean | null; ... 11 more ...; utleie_id: string; }; Insert: { ...; }; Update: { ...; }; Relationships: [...]; }; ... 15 more ...; utleie: { ....'.
src/types/amenity.ts(5,55): error TS2339: Property 'box_amenities' does not exist on type '{ anmeldelser: { Row: { anmelder_id: string; anmeldt_id: string; anmeldt_type: "RENTER" | "STABLE_OWNER"; comment: string | null; er_moderert: boolean | null; er_offentlig: boolean | null; ... 11 more ...; utleie_id: string; }; Insert: { ...; }; Update: { ...; }; Relationships: [...]; }; ... 15 more ...; utleie: { ....'.
src/types/conversations.ts(4,57): error TS2339: Property 'conversations' does not exist on type '{ anmeldelser: { Row: { anmelder_id: string; anmeldt_id: string; anmeldt_type: "RENTER" | "STABLE_OWNER"; comment: string | null; er_moderert: boolean | null; er_offentlig: boolean | null; ... 11 more ...; utleie_id: string; }; Insert: { ...; }; Update: { ...; }; Relationships: [...]; }; ... 15 more ...; utleie: { ....'.
src/types/conversations.ts(5,52): error TS2339: Property 'messages' does not exist on type '{ anmeldelser: { Row: { anmelder_id: string; anmeldt_id: string; anmeldt_type: "RENTER" | "STABLE_OWNER"; comment: string | null; er_moderert: boolean | null; er_offentlig: boolean | null; ... 11 more ...; utleie_id: string; }; Insert: { ...; }; Update: { ...; }; Relationships: [...]; }; ... 15 more ...; utleie: { ....'.
src/types/conversations.ts(6,51): error TS2339: Property 'rentals' does not exist on type '{ anmeldelser: { Row: { anmelder_id: string; anmeldt_id: string; anmeldt_type: "RENTER" | "STABLE_OWNER"; comment: string | null; er_moderert: boolean | null; er_offentlig: boolean | null; ... 11 more ...; utleie_id: string; }; Insert: { ...; }; Update: { ...; }; Relationships: [...]; }; ... 15 more ...; utleie: { ....'.
src/types/index.ts(11,49): error TS2339: Property 'users' does not exist on type '{ anmeldelser: { Row: { anmelder_id: string; anmeldt_id: string; anmeldt_type: "RENTER" | "STABLE_OWNER"; comment: string | null; er_moderert: boolean | null; er_offentlig: boolean | null; ... 11 more ...; utleie_id: string; }; Insert: { ...; }; Update: { ...; }; Relationships: [...]; }; ... 15 more ...; utleie: { ....'.
src/types/index.ts(12,51): error TS2339: Property 'stables' does not exist on type '{ anmeldelser: { Row: { anmelder_id: string; anmeldt_id: string; anmeldt_type: "RENTER" | "STABLE_OWNER"; comment: string | null; er_moderert: boolean | null; er_offentlig: boolean | null; ... 11 more ...; utleie_id: string; }; Insert: { ...; }; Update: { ...; }; Relationships: [...]; }; ... 15 more ...; utleie: { ....'.
src/types/index.ts(13,48): error TS2339: Property 'boxes' does not exist on type '{ anmeldelser: { Row: { anmelder_id: string; anmeldt_id: string; anmeldt_type: "RENTER" | "STABLE_OWNER"; comment: string | null; er_moderert: boolean | null; er_offentlig: boolean | null; ... 11 more ...; utleie_id: string; }; Insert: { ...; }; Update: { ...; }; Relationships: [...]; }; ... 15 more ...; utleie: { ....'.
src/types/index.ts(14,58): error TS2339: Property 'stable_amenities' does not exist on type '{ anmeldelser: { Row: { anmelder_id: string; anmeldt_id: string; anmeldt_type: "RENTER" | "STABLE_OWNER"; comment: string | null; er_moderert: boolean | null; er_offentlig: boolean | null; ... 11 more ...; utleie_id: string; }; Insert: { ...; }; Update: { ...; }; Relationships: [...]; }; ... 15 more ...; utleie: { ....'.
src/types/index.ts(15,55): error TS2339: Property 'box_amenities' does not exist on type '{ anmeldelser: { Row: { anmelder_id: string; anmeldt_id: string; anmeldt_type: "RENTER" | "STABLE_OWNER"; comment: string | null; er_moderert: boolean | null; er_offentlig: boolean | null; ... 11 more ...; utleie_id: string; }; Insert: { ...; }; Update: { ...; }; Relationships: [...]; }; ... 15 more ...; utleie: { ....'.
src/types/index.ts(16,57): error TS2339: Property 'conversations' does not exist on type '{ anmeldelser: { Row: { anmelder_id: string; anmeldt_id: string; anmeldt_type: "RENTER" | "STABLE_OWNER"; comment: string | null; er_moderert: boolean | null; er_offentlig: boolean | null; ... 11 more ...; utleie_id: string; }; Insert: { ...; }; Update: { ...; }; Relationships: [...]; }; ... 15 more ...; utleie: { ....'.
src/types/index.ts(17,52): error TS2339: Property 'messages' does not exist on type '{ anmeldelser: { Row: { anmelder_id: string; anmeldt_id: string; anmeldt_type: "RENTER" | "STABLE_OWNER"; comment: string | null; er_moderert: boolean | null; er_offentlig: boolean | null; ... 11 more ...; utleie_id: string; }; Insert: { ...; }; Update: { ...; }; Relationships: [...]; }; ... 15 more ...; utleie: { ....'.
src/types/index.ts(18,51): error TS2339: Property 'rentals' does not exist on type '{ anmeldelser: { Row: { anmelder_id: string; anmeldt_id: string; anmeldt_type: "RENTER" | "STABLE_OWNER"; comment: string | null; er_moderert: boolean | null; er_offentlig: boolean | null; ... 11 more ...; utleie_id: string; }; Insert: { ...; }; Update: { ...; }; Relationships: [...]; }; ... 15 more ...; utleie: { ....'.
src/types/index.ts(20,51): error TS2339: Property 'reviews' does not exist on type '{ anmeldelser: { Row: { anmelder_id: string; anmeldt_id: string; anmeldt_type: "RENTER" | "STABLE_OWNER"; comment: string | null; er_moderert: boolean | null; er_offentlig: boolean | null; ... 11 more ...; utleie_id: string; }; Insert: { ...; }; Update: { ...; }; Relationships: [...]; }; ... 15 more ...; utleie: { ....'.
src/types/index.ts(24,54): error TS2339: Property 'stable_faqs' does not exist on type '{ anmeldelser: { Row: { anmelder_id: string; anmeldt_id: string; anmeldt_type: "RENTER" | "STABLE_OWNER"; comment: string | null; er_moderert: boolean | null; er_offentlig: boolean | null; ... 11 more ...; utleie_id: string; }; Insert: { ...; }; Update: { ...; }; Relationships: [...]; }; ... 15 more ...; utleie: { ....'.
